{"/Users/minam.cho/workspaces/study/sisters-salon-reservation/salon-reservation-client/src/App.tsx": {"path":"/Users/minam.cho/workspaces/study/sisters-salon-reservation/salon-reservation-client/src/App.tsx","statementMap":{"0":{"start":{"line":9,"column":2},"end":{"line":17,"column":4}}},"fnMap":{"0":{"name":"App","decl":{"start":{"line":8,"column":9},"end":{"line":8,"column":12}},"loc":{"start":{"line":8,"column":15},"end":{"line":18,"column":1}},"line":8}},"branchMap":{},"s":{"0":0},"f":{"0":0},"b":{}}
,"/Users/minam.cho/workspaces/study/sisters-salon-reservation/salon-reservation-client/src/AppContent.tsx": {"path":"/Users/minam.cho/workspaces/study/sisters-salon-reservation/salon-reservation-client/src/AppContent.tsx","statementMap":{"0":{"start":{"line":22,"column":36},"end":{"line":22,"column":138}},"1":{"start":{"line":23,"column":42},"end":{"line":23,"column":73}},"2":{"start":{"line":24,"column":58},"end":{"line":24,"column":89}},"3":{"start":{"line":25,"column":48},"end":{"line":25,"column":79}},"4":{"start":{"line":26,"column":48},"end":{"line":26,"column":70}},"5":{"start":{"line":27,"column":42},"end":{"line":27,"column":71}},"6":{"start":{"line":28,"column":40},"end":{"line":28,"column":78}},"7":{"start":{"line":29,"column":30},"end":{"line":29,"column":58}},"8":{"start":{"line":30,"column":36},"end":{"line":30,"column":50}},"9":{"start":{"line":31,"column":60},"end":{"line":31,"column":75}},"10":{"start":{"line":32,"column":42},"end":{"line":36,"column":4}},"11":{"start":{"line":34,"column":18},"end":{"line":34,"column":28}},"12":{"start":{"line":35,"column":4},"end":{"line":35,"column":45}},"13":{"start":{"line":39,"column":22},"end":{"line":39,"column":94}},"14":{"start":{"line":42,"column":19},"end":{"line":51,"column":8}},"15":{"start":{"line":43,"column":15},"end":{"line":43,"column":54}},"16":{"start":{"line":44,"column":35},"end":{"line":44,"column":56}},"17":{"start":{"line":45,"column":4},"end":{"line":45,"column":43}},"18":{"start":{"line":45,"column":22},"end":{"line":45,"column":41}},"19":{"start":{"line":48,"column":4},"end":{"line":50,"column":13}},"20":{"start":{"line":49,"column":6},"end":{"line":49,"column":63}},"21":{"start":{"line":49,"column":24},"end":{"line":49,"column":61}},"22":{"start":{"line":49,"column":45},"end":{"line":49,"column":60}},"23":{"start":{"line":54,"column":2},"end":{"line":54,"column":33}},"24":{"start":{"line":56,"column":22},"end":{"line":58,"column":3}},"25":{"start":{"line":57,"column":4},"end":{"line":57,"column":61}},"26":{"start":{"line":57,"column":22},"end":{"line":57,"column":59}},"27":{"start":{"line":57,"column":43},"end":{"line":57,"column":58}},"28":{"start":{"line":61,"column":27},"end":{"line":63,"column":8}},"29":{"start":{"line":62,"column":4},"end":{"line":62,"column":26}},"30":{"start":{"line":66,"column":32},"end":{"line":68,"column":8}},"31":{"start":{"line":67,"column":4},"end":{"line":67,"column":42}},"32":{"start":{"line":71,"column":34},"end":{"line":71,"column":83}},"33":{"start":{"line":71,"column":48},"end":{"line":71,"column":63}},"34":{"start":{"line":74,"column":31},"end":{"line":74,"column":74}},"35":{"start":{"line":74,"column":45},"end":{"line":74,"column":57}},"36":{"start":{"line":77,"column":31},"end":{"line":84,"column":8}},"37":{"start":{"line":78,"column":4},"end":{"line":83,"column":5}},"38":{"start":{"line":79,"column":23},"end":{"line":79,"column":80}},"39":{"start":{"line":80,"column":6},"end":{"line":80,"column":40}},"40":{"start":{"line":82,"column":6},"end":{"line":82,"column":63}},"41":{"start":{"line":87,"column":31},"end":{"line":99,"column":8}},"42":{"start":{"line":88,"column":4},"end":{"line":98,"column":5}},"43":{"start":{"line":89,"column":23},"end":{"line":89,"column":77}},"44":{"start":{"line":90,"column":34},"end":{"line":92,"column":46}},"45":{"start":{"line":91,"column":35},"end":{"line":91,"column":53}},"46":{"start":{"line":92,"column":32},"end":{"line":92,"column":45}},"47":{"start":{"line":93,"column":6},"end":{"line":93,"column":46}},"48":{"start":{"line":95,"column":6},"end":{"line":95,"column":56}},"49":{"start":{"line":97,"column":6},"end":{"line":97,"column":63}},"50":{"start":{"line":102,"column":28},"end":{"line":132,"column":19}},"51":{"start":{"line":104,"column":4},"end":{"line":106,"column":5}},"52":{"start":{"line":105,"column":6},"end":{"line":105,"column":25}},"53":{"start":{"line":108,"column":4},"end":{"line":131,"column":5}},"54":{"start":{"line":109,"column":18},"end":{"line":111,"column":50}},"55":{"start":{"line":113,"column":23},"end":{"line":113,"column":43}},"56":{"start":{"line":116,"column":6},"end":{"line":116,"column":37}},"57":{"start":{"line":117,"column":6},"end":{"line":117,"column":45}},"58":{"start":{"line":119,"column":6},"end":{"line":119,"column":59}},"59":{"start":{"line":120,"column":6},"end":{"line":126,"column":7}},"60":{"start":{"line":121,"column":8},"end":{"line":121,"column":54}},"61":{"start":{"line":122,"column":13},"end":{"line":126,"column":7}},"62":{"start":{"line":123,"column":8},"end":{"line":123,"column":55}},"63":{"start":{"line":125,"column":8},"end":{"line":125,"column":68}},"64":{"start":{"line":128,"column":6},"end":{"line":130,"column":7}},"65":{"start":{"line":129,"column":8},"end":{"line":129,"column":28}},"66":{"start":{"line":135,"column":2},"end":{"line":147,"column":9}},"67":{"start":{"line":136,"column":24},"end":{"line":145,"column":5}},"68":{"start":{"line":137,"column":6},"end":{"line":137,"column":25}},"69":{"start":{"line":138,"column":6},"end":{"line":144,"column":7}},"70":{"start":{"line":139,"column":8},"end":{"line":139,"column":37}},"71":{"start":{"line":140,"column":8},"end":{"line":140,"column":37}},"72":{"start":{"line":141,"column":8},"end":{"line":141,"column":46}},"73":{"start":{"line":143,"column":8},"end":{"line":143,"column":28}},"74":{"start":{"line":146,"column":4},"end":{"line":146,"column":18}},"75":{"start":{"line":150,"column":2},"end":{"line":156,"column":21}},"76":{"start":{"line":151,"column":22},"end":{"line":153,"column":11}},"77":{"start":{"line":152,"column":6},"end":{"line":152,"column":38}},"78":{"start":{"line":155,"column":4},"end":{"line":155,"column":41}},"79":{"start":{"line":155,"column":17},"end":{"line":155,"column":40}},"80":{"start":{"line":158,"column":34},"end":{"line":208,"column":79}},"81":{"start":{"line":159,"column":4},"end":{"line":207,"column":5}},"82":{"start":{"line":160,"column":6},"end":{"line":176,"column":7}},"83":{"start":{"line":162,"column":8},"end":{"line":162,"column":95}},"84":{"start":{"line":163,"column":8},"end":{"line":163,"column":30}},"85":{"start":{"line":164,"column":8},"end":{"line":164,"column":29}},"86":{"start":{"line":165,"column":8},"end":{"line":165,"column":50}},"87":{"start":{"line":167,"column":8},"end":{"line":167,"column":46}},"88":{"start":{"line":168,"column":8},"end":{"line":168,"column":37}},"89":{"start":{"line":171,"column":8},"end":{"line":171,"column":77}},"90":{"start":{"line":172,"column":8},"end":{"line":172,"column":50}},"91":{"start":{"line":174,"column":8},"end":{"line":174,"column":46}},"92":{"start":{"line":175,"column":8},"end":{"line":175,"column":37}},"93":{"start":{"line":178,"column":6},"end":{"line":178,"column":54}},"94":{"start":{"line":180,"column":6},"end":{"line":206,"column":7}},"95":{"start":{"line":182,"column":27},"end":{"line":182,"column":48}},"96":{"start":{"line":183,"column":29},"end":{"line":183,"column":87}},"97":{"start":{"line":185,"column":8},"end":{"line":199,"column":9}},"98":{"start":{"line":186,"column":10},"end":{"line":186,"column":54}},"99":{"start":{"line":187,"column":15},"end":{"line":199,"column":9}},"100":{"start":{"line":188,"column":10},"end":{"line":188,"column":55}},"101":{"start":{"line":189,"column":15},"end":{"line":199,"column":9}},"102":{"start":{"line":190,"column":10},"end":{"line":190,"column":44}},"103":{"start":{"line":191,"column":15},"end":{"line":199,"column":9}},"104":{"start":{"line":192,"column":10},"end":{"line":192,"column":46}},"105":{"start":{"line":193,"column":15},"end":{"line":199,"column":9}},"106":{"start":{"line":194,"column":10},"end":{"line":194,"column":56}},"107":{"start":{"line":195,"column":15},"end":{"line":199,"column":9}},"108":{"start":{"line":196,"column":10},"end":{"line":196,"column":62}},"109":{"start":{"line":198,"column":10},"end":{"line":198,"column":59}},"110":{"start":{"line":200,"column":13},"end":{"line":206,"column":7}},"111":{"start":{"line":202,"column":8},"end":{"line":202,"column":62}},"112":{"start":{"line":205,"column":8},"end":{"line":205,"column":49}},"113":{"start":{"line":210,"column":21},"end":{"line":213,"column":8}},"114":{"start":{"line":211,"column":4},"end":{"line":211,"column":27}},"115":{"start":{"line":212,"column":4},"end":{"line":212,"column":32}},"116":{"start":{"line":215,"column":27},"end":{"line":218,"column":8}},"117":{"start":{"line":216,"column":4},"end":{"line":216,"column":26}},"118":{"start":{"line":217,"column":4},"end":{"line":217,"column":25}},"119":{"start":{"line":220,"column":23},"end":{"line":245,"column":66}},"120":{"start":{"line":221,"column":24},"end":{"line":221,"column":43}},"121":{"start":{"line":222,"column":4},"end":{"line":244,"column":5}},"122":{"start":{"line":223,"column":6},"end":{"line":243,"column":7}},"123":{"start":{"line":224,"column":8},"end":{"line":224,"column":88}},"124":{"start":{"line":225,"column":8},"end":{"line":225,"column":50}},"125":{"start":{"line":227,"column":8},"end":{"line":227,"column":46}},"126":{"start":{"line":228,"column":8},"end":{"line":228,"column":37}},"127":{"start":{"line":230,"column":8},"end":{"line":230,"column":60}},"128":{"start":{"line":231,"column":8},"end":{"line":242,"column":9}},"129":{"start":{"line":232,"column":10},"end":{"line":232,"column":55}},"130":{"start":{"line":233,"column":15},"end":{"line":242,"column":9}},"131":{"start":{"line":234,"column":10},"end":{"line":234,"column":44}},"132":{"start":{"line":235,"column":15},"end":{"line":242,"column":9}},"133":{"start":{"line":236,"column":10},"end":{"line":236,"column":47}},"134":{"start":{"line":238,"column":10},"end":{"line":238,"column":48}},"135":{"start":{"line":239,"column":10},"end":{"line":239,"column":39}},"136":{"start":{"line":241,"column":10},"end":{"line":241,"column":57}},"137":{"start":{"line":247,"column":29},"end":{"line":285,"column":52}},"138":{"start":{"line":248,"column":4},"end":{"line":248,"column":35}},"139":{"start":{"line":249,"column":4},"end":{"line":284,"column":5}},"140":{"start":{"line":250,"column":31},"end":{"line":250,"column":52}},"141":{"start":{"line":251,"column":6},"end":{"line":251,"column":46}},"142":{"start":{"line":251,"column":18},"end":{"line":251,"column":46}},"143":{"start":{"line":252,"column":6},"end":{"line":252,"column":43}},"144":{"start":{"line":252,"column":17},"end":{"line":252,"column":43}},"145":{"start":{"line":254,"column":23},"end":{"line":254,"column":119}},"146":{"start":{"line":256,"column":6},"end":{"line":256,"column":76}},"147":{"start":{"line":259,"column":6},"end":{"line":259,"column":44}},"148":{"start":{"line":260,"column":6},"end":{"line":260,"column":35}},"149":{"start":{"line":262,"column":6},"end":{"line":262,"column":65}},"150":{"start":{"line":264,"column":6},"end":{"line":281,"column":7}},"151":{"start":{"line":265,"column":27},"end":{"line":265,"column":48}},"152":{"start":{"line":266,"column":29},"end":{"line":266,"column":87}},"153":{"start":{"line":268,"column":8},"end":{"line":278,"column":9}},"154":{"start":{"line":269,"column":10},"end":{"line":269,"column":57}},"155":{"start":{"line":270,"column":15},"end":{"line":278,"column":9}},"156":{"start":{"line":271,"column":10},"end":{"line":271,"column":55}},"157":{"start":{"line":272,"column":15},"end":{"line":278,"column":9}},"158":{"start":{"line":273,"column":10},"end":{"line":273,"column":47}},"159":{"start":{"line":274,"column":15},"end":{"line":278,"column":9}},"160":{"start":{"line":275,"column":10},"end":{"line":275,"column":46}},"161":{"start":{"line":277,"column":10},"end":{"line":277,"column":54}},"162":{"start":{"line":280,"column":8},"end":{"line":280,"column":63}},"163":{"start":{"line":283,"column":6},"end":{"line":283,"column":38}},"164":{"start":{"line":288,"column":32},"end":{"line":292,"column":32}},"165":{"start":{"line":290,"column":26},"end":{"line":290,"column":80}},"166":{"start":{"line":290,"column":54},"end":{"line":290,"column":79}},"167":{"start":{"line":291,"column":4},"end":{"line":291,"column":43}},"168":{"start":{"line":295,"column":34},"end":{"line":299,"column":56}},"169":{"start":{"line":297,"column":26},"end":{"line":297,"column":96}},"170":{"start":{"line":297,"column":54},"end":{"line":297,"column":95}},"171":{"start":{"line":298,"column":4},"end":{"line":298,"column":32}},"172":{"start":{"line":301,"column":2},"end":{"line":312,"column":3}},"173":{"start":{"line":302,"column":4},"end":{"line":311,"column":6}},"174":{"start":{"line":314,"column":2},"end":{"line":492,"column":4}},"175":{"start":{"line":321,"column":29},"end":{"line":321,"column":57}},"176":{"start":{"line":331,"column":29},"end":{"line":331,"column":54}},"177":{"start":{"line":341,"column":29},"end":{"line":341,"column":54}},"178":{"start":{"line":351,"column":29},"end":{"line":351,"column":59}},"179":{"start":{"line":361,"column":29},"end":{"line":361,"column":55}},"180":{"start":{"line":454,"column":10},"end":{"line":488,"column":16}},"181":{"start":{"line":478,"column":33},"end":{"line":478,"column":54}}},"fnMap":{"0":{"name":"AppContent","decl":{"start":{"line":21,"column":9},"end":{"line":21,"column":19}},"loc":{"start":{"line":21,"column":22},"end":{"line":493,"column":1}},"line":21},"1":{"name":"(anonymous_1)","decl":{"start":{"line":32,"column":59},"end":{"line":32,"column":60}},"loc":{"start":{"line":32,"column":65},"end":{"line":36,"column":3}},"line":32},"2":{"name":"(anonymous_2)","decl":{"start":{"line":39,"column":85},"end":{"line":39,"column":86}},"loc":{"start":{"line":39,"column":91},"end":{"line":39,"column":93}},"line":39},"3":{"name":"(anonymous_3)","decl":{"start":{"line":42,"column":31},"end":{"line":42,"column":32}},"loc":{"start":{"line":42,"column":89},"end":{"line":51,"column":3}},"line":42},"4":{"name":"(anonymous_4)","decl":{"start":{"line":45,"column":14},"end":{"line":45,"column":15}},"loc":{"start":{"line":45,"column":22},"end":{"line":45,"column":41}},"line":45},"5":{"name":"(anonymous_5)","decl":{"start":{"line":48,"column":15},"end":{"line":48,"column":16}},"loc":{"start":{"line":48,"column":21},"end":{"line":50,"column":5}},"line":48},"6":{"name":"(anonymous_6)","decl":{"start":{"line":49,"column":16},"end":{"line":49,"column":17}},"loc":{"start":{"line":49,"column":24},"end":{"line":49,"column":61}},"line":49},"7":{"name":"(anonymous_7)","decl":{"start":{"line":49,"column":36},"end":{"line":49,"column":37}},"loc":{"start":{"line":49,"column":45},"end":{"line":49,"column":60}},"line":49},"8":{"name":"(anonymous_8)","decl":{"start":{"line":56,"column":22},"end":{"line":56,"column":23}},"loc":{"start":{"line":56,"column":38},"end":{"line":58,"column":3}},"line":56},"9":{"name":"(anonymous_9)","decl":{"start":{"line":57,"column":14},"end":{"line":57,"column":15}},"loc":{"start":{"line":57,"column":22},"end":{"line":57,"column":59}},"line":57},"10":{"name":"(anonymous_10)","decl":{"start":{"line":57,"column":34},"end":{"line":57,"column":35}},"loc":{"start":{"line":57,"column":43},"end":{"line":57,"column":58}},"line":57},"11":{"name":"(anonymous_11)","decl":{"start":{"line":61,"column":39},"end":{"line":61,"column":40}},"loc":{"start":{"line":61,"column":57},"end":{"line":63,"column":3}},"line":61},"12":{"name":"(anonymous_12)","decl":{"start":{"line":66,"column":44},"end":{"line":66,"column":45}},"loc":{"start":{"line":66,"column":81},"end":{"line":68,"column":3}},"line":66},"13":{"name":"(anonymous_13)","decl":{"start":{"line":71,"column":42},"end":{"line":71,"column":43}},"loc":{"start":{"line":71,"column":48},"end":{"line":71,"column":63}},"line":71},"14":{"name":"(anonymous_14)","decl":{"start":{"line":74,"column":39},"end":{"line":74,"column":40}},"loc":{"start":{"line":74,"column":45},"end":{"line":74,"column":57}},"line":74},"15":{"name":"(anonymous_15)","decl":{"start":{"line":77,"column":43},"end":{"line":77,"column":44}},"loc":{"start":{"line":77,"column":55},"end":{"line":84,"column":3}},"line":77},"16":{"name":"(anonymous_16)","decl":{"start":{"line":87,"column":43},"end":{"line":87,"column":44}},"loc":{"start":{"line":87,"column":55},"end":{"line":99,"column":3}},"line":87},"17":{"name":"(anonymous_17)","decl":{"start":{"line":91,"column":16},"end":{"line":91,"column":17}},"loc":{"start":{"line":91,"column":35},"end":{"line":91,"column":53}},"line":91},"18":{"name":"(anonymous_18)","decl":{"start":{"line":92,"column":13},"end":{"line":92,"column":14}},"loc":{"start":{"line":92,"column":32},"end":{"line":92,"column":45}},"line":92},"19":{"name":"(anonymous_19)","decl":{"start":{"line":102,"column":40},"end":{"line":102,"column":41}},"loc":{"start":{"line":102,"column":91},"end":{"line":132,"column":3}},"line":102},"20":{"name":"(anonymous_20)","decl":{"start":{"line":135,"column":12},"end":{"line":135,"column":13}},"loc":{"start":{"line":135,"column":18},"end":{"line":147,"column":3}},"line":135},"21":{"name":"(anonymous_21)","decl":{"start":{"line":136,"column":24},"end":{"line":136,"column":25}},"loc":{"start":{"line":136,"column":36},"end":{"line":145,"column":5}},"line":136},"22":{"name":"(anonymous_22)","decl":{"start":{"line":150,"column":12},"end":{"line":150,"column":13}},"loc":{"start":{"line":150,"column":18},"end":{"line":156,"column":3}},"line":150},"23":{"name":"(anonymous_23)","decl":{"start":{"line":151,"column":33},"end":{"line":151,"column":34}},"loc":{"start":{"line":151,"column":39},"end":{"line":153,"column":5}},"line":151},"24":{"name":"(anonymous_24)","decl":{"start":{"line":155,"column":11},"end":{"line":155,"column":12}},"loc":{"start":{"line":155,"column":17},"end":{"line":155,"column":40}},"line":155},"25":{"name":"(anonymous_25)","decl":{"start":{"line":158,"column":46},"end":{"line":158,"column":47}},"loc":{"start":{"line":158,"column":83},"end":{"line":208,"column":3}},"line":158},"26":{"name":"(anonymous_26)","decl":{"start":{"line":210,"column":33},"end":{"line":210,"column":34}},"loc":{"start":{"line":210,"column":82},"end":{"line":213,"column":3}},"line":210},"27":{"name":"(anonymous_27)","decl":{"start":{"line":215,"column":39},"end":{"line":215,"column":40}},"loc":{"start":{"line":215,"column":45},"end":{"line":218,"column":3}},"line":215},"28":{"name":"(anonymous_28)","decl":{"start":{"line":220,"column":35},"end":{"line":220,"column":36}},"loc":{"start":{"line":220,"column":60},"end":{"line":245,"column":3}},"line":220},"29":{"name":"(anonymous_29)","decl":{"start":{"line":247,"column":41},"end":{"line":247,"column":42}},"loc":{"start":{"line":247,"column":137},"end":{"line":285,"column":3}},"line":247},"30":{"name":"(anonymous_30)","decl":{"start":{"line":288,"column":44},"end":{"line":288,"column":45}},"loc":{"start":{"line":288,"column":93},"end":{"line":292,"column":3}},"line":288},"31":{"name":"(anonymous_31)","decl":{"start":{"line":290,"column":49},"end":{"line":290,"column":50}},"loc":{"start":{"line":290,"column":54},"end":{"line":290,"column":79}},"line":290},"32":{"name":"(anonymous_32)","decl":{"start":{"line":295,"column":46},"end":{"line":295,"column":47}},"loc":{"start":{"line":295,"column":65},"end":{"line":299,"column":3}},"line":295},"33":{"name":"(anonymous_33)","decl":{"start":{"line":297,"column":49},"end":{"line":297,"column":50}},"loc":{"start":{"line":297,"column":54},"end":{"line":297,"column":95}},"line":297},"34":{"name":"(anonymous_34)","decl":{"start":{"line":321,"column":23},"end":{"line":321,"column":24}},"loc":{"start":{"line":321,"column":29},"end":{"line":321,"column":57}},"line":321},"35":{"name":"(anonymous_35)","decl":{"start":{"line":331,"column":23},"end":{"line":331,"column":24}},"loc":{"start":{"line":331,"column":29},"end":{"line":331,"column":54}},"line":331},"36":{"name":"(anonymous_36)","decl":{"start":{"line":341,"column":23},"end":{"line":341,"column":24}},"loc":{"start":{"line":341,"column":29},"end":{"line":341,"column":54}},"line":341},"37":{"name":"(anonymous_37)","decl":{"start":{"line":351,"column":23},"end":{"line":351,"column":24}},"loc":{"start":{"line":351,"column":29},"end":{"line":351,"column":59}},"line":351},"38":{"name":"(anonymous_38)","decl":{"start":{"line":361,"column":23},"end":{"line":361,"column":24}},"loc":{"start":{"line":361,"column":29},"end":{"line":361,"column":55}},"line":361},"39":{"name":"(anonymous_39)","decl":{"start":{"line":453,"column":20},"end":{"line":453,"column":21}},"loc":{"start":{"line":454,"column":10},"end":{"line":488,"column":16}},"line":454},"40":{"name":"(anonymous_40)","decl":{"start":{"line":478,"column":27},"end":{"line":478,"column":28}},"loc":{"start":{"line":478,"column":33},"end":{"line":478,"column":54}},"line":478}},"branchMap":{"0":{"loc":{"start":{"line":42,"column":49},"end":{"line":42,"column":84}},"type":"default-arg","locations":[{"start":{"line":42,"column":78},"end":{"line":42,"column":84}}],"line":42},"1":{"loc":{"start":{"line":102,"column":62},"end":{"line":102,"column":86}},"type":"default-arg","locations":[{"start":{"line":102,"column":81},"end":{"line":102,"column":86}}],"line":102},"2":{"loc":{"start":{"line":104,"column":4},"end":{"line":106,"column":5}},"type":"if","locations":[{"start":{"line":104,"column":4},"end":{"line":106,"column":5}},{"start":{},"end":{}}],"line":104},"3":{"loc":{"start":{"line":109,"column":18},"end":{"line":111,"column":50}},"type":"cond-expr","locations":[{"start":{"line":110,"column":10},"end":{"line":110,"column":63}},{"start":{"line":111,"column":10},"end":{"line":111,"column":50}}],"line":109},"4":{"loc":{"start":{"line":120,"column":6},"end":{"line":126,"column":7}},"type":"if","locations":[{"start":{"line":120,"column":6},"end":{"line":126,"column":7}},{"start":{"line":122,"column":13},"end":{"line":126,"column":7}}],"line":120},"5":{"loc":{"start":{"line":122,"column":13},"end":{"line":126,"column":7}},"type":"if","locations":[{"start":{"line":122,"column":13},"end":{"line":126,"column":7}},{"start":{"line":124,"column":13},"end":{"line":126,"column":7}}],"line":122},"6":{"loc":{"start":{"line":128,"column":6},"end":{"line":130,"column":7}},"type":"if","locations":[{"start":{"line":128,"column":6},"end":{"line":130,"column":7}},{"start":{},"end":{}}],"line":128},"7":{"loc":{"start":{"line":160,"column":6},"end":{"line":176,"column":7}},"type":"if","locations":[{"start":{"line":160,"column":6},"end":{"line":176,"column":7}},{"start":{"line":169,"column":13},"end":{"line":176,"column":7}}],"line":160},"8":{"loc":{"start":{"line":160,"column":10},"end":{"line":160,"column":46}},"type":"binary-expr","locations":[{"start":{"line":160,"column":10},"end":{"line":160,"column":31}},{"start":{"line":160,"column":35},"end":{"line":160,"column":46}}],"line":160},"9":{"loc":{"start":{"line":180,"column":6},"end":{"line":206,"column":7}},"type":"if","locations":[{"start":{"line":180,"column":6},"end":{"line":206,"column":7}},{"start":{"line":200,"column":13},"end":{"line":206,"column":7}}],"line":180},"10":{"loc":{"start":{"line":183,"column":29},"end":{"line":183,"column":87}},"type":"binary-expr","locations":[{"start":{"line":183,"column":29},"end":{"line":183,"column":55}},{"start":{"line":183,"column":59},"end":{"line":183,"column":87}}],"line":183},"11":{"loc":{"start":{"line":185,"column":8},"end":{"line":199,"column":9}},"type":"if","locations":[{"start":{"line":185,"column":8},"end":{"line":199,"column":9}},{"start":{"line":187,"column":15},"end":{"line":199,"column":9}}],"line":185},"12":{"loc":{"start":{"line":187,"column":15},"end":{"line":199,"column":9}},"type":"if","locations":[{"start":{"line":187,"column":15},"end":{"line":199,"column":9}},{"start":{"line":189,"column":15},"end":{"line":199,"column":9}}],"line":187},"13":{"loc":{"start":{"line":189,"column":15},"end":{"line":199,"column":9}},"type":"if","locations":[{"start":{"line":189,"column":15},"end":{"line":199,"column":9}},{"start":{"line":191,"column":15},"end":{"line":199,"column":9}}],"line":189},"14":{"loc":{"start":{"line":191,"column":15},"end":{"line":199,"column":9}},"type":"if","locations":[{"start":{"line":191,"column":15},"end":{"line":199,"column":9}},{"start":{"line":193,"column":15},"end":{"line":199,"column":9}}],"line":191},"15":{"loc":{"start":{"line":193,"column":15},"end":{"line":199,"column":9}},"type":"if","locations":[{"start":{"line":193,"column":15},"end":{"line":199,"column":9}},{"start":{"line":195,"column":15},"end":{"line":199,"column":9}}],"line":193},"16":{"loc":{"start":{"line":195,"column":15},"end":{"line":199,"column":9}},"type":"if","locations":[{"start":{"line":195,"column":15},"end":{"line":199,"column":9}},{"start":{"line":197,"column":15},"end":{"line":199,"column":9}}],"line":195},"17":{"loc":{"start":{"line":200,"column":13},"end":{"line":206,"column":7}},"type":"if","locations":[{"start":{"line":200,"column":13},"end":{"line":206,"column":7}},{"start":{"line":203,"column":13},"end":{"line":206,"column":7}}],"line":200},"18":{"loc":{"start":{"line":222,"column":4},"end":{"line":244,"column":5}},"type":"if","locations":[{"start":{"line":222,"column":4},"end":{"line":244,"column":5}},{"start":{},"end":{}}],"line":222},"19":{"loc":{"start":{"line":231,"column":8},"end":{"line":242,"column":9}},"type":"if","locations":[{"start":{"line":231,"column":8},"end":{"line":242,"column":9}},{"start":{"line":233,"column":15},"end":{"line":242,"column":9}}],"line":231},"20":{"loc":{"start":{"line":233,"column":15},"end":{"line":242,"column":9}},"type":"if","locations":[{"start":{"line":233,"column":15},"end":{"line":242,"column":9}},{"start":{"line":235,"column":15},"end":{"line":242,"column":9}}],"line":233},"21":{"loc":{"start":{"line":235,"column":15},"end":{"line":242,"column":9}},"type":"if","locations":[{"start":{"line":235,"column":15},"end":{"line":242,"column":9}},{"start":{"line":240,"column":15},"end":{"line":242,"column":9}}],"line":235},"22":{"loc":{"start":{"line":251,"column":6},"end":{"line":251,"column":46}},"type":"if","locations":[{"start":{"line":251,"column":6},"end":{"line":251,"column":46}},{"start":{},"end":{}}],"line":251},"23":{"loc":{"start":{"line":252,"column":6},"end":{"line":252,"column":43}},"type":"if","locations":[{"start":{"line":252,"column":6},"end":{"line":252,"column":43}},{"start":{},"end":{}}],"line":252},"24":{"loc":{"start":{"line":256,"column":15},"end":{"line":256,"column":63}},"type":"binary-expr","locations":[{"start":{"line":256,"column":15},"end":{"line":256,"column":36}},{"start":{"line":256,"column":40},"end":{"line":256,"column":63}}],"line":256},"25":{"loc":{"start":{"line":264,"column":6},"end":{"line":281,"column":7}},"type":"if","locations":[{"start":{"line":264,"column":6},"end":{"line":281,"column":7}},{"start":{"line":279,"column":13},"end":{"line":281,"column":7}}],"line":264},"26":{"loc":{"start":{"line":266,"column":29},"end":{"line":266,"column":87}},"type":"binary-expr","locations":[{"start":{"line":266,"column":29},"end":{"line":266,"column":55}},{"start":{"line":266,"column":59},"end":{"line":266,"column":87}}],"line":266},"27":{"loc":{"start":{"line":268,"column":8},"end":{"line":278,"column":9}},"type":"if","locations":[{"start":{"line":268,"column":8},"end":{"line":278,"column":9}},{"start":{"line":270,"column":15},"end":{"line":278,"column":9}}],"line":268},"28":{"loc":{"start":{"line":270,"column":15},"end":{"line":278,"column":9}},"type":"if","locations":[{"start":{"line":270,"column":15},"end":{"line":278,"column":9}},{"start":{"line":272,"column":15},"end":{"line":278,"column":9}}],"line":270},"29":{"loc":{"start":{"line":272,"column":15},"end":{"line":278,"column":9}},"type":"if","locations":[{"start":{"line":272,"column":15},"end":{"line":278,"column":9}},{"start":{"line":274,"column":15},"end":{"line":278,"column":9}}],"line":272},"30":{"loc":{"start":{"line":274,"column":15},"end":{"line":278,"column":9}},"type":"if","locations":[{"start":{"line":274,"column":15},"end":{"line":278,"column":9}},{"start":{"line":276,"column":15},"end":{"line":278,"column":9}}],"line":274},"31":{"loc":{"start":{"line":301,"column":2},"end":{"line":312,"column":3}},"type":"if","locations":[{"start":{"line":301,"column":2},"end":{"line":312,"column":3}},{"start":{},"end":{}}],"line":301},"32":{"loc":{"start":{"line":323,"column":16},"end":{"line":325,"column":53}},"type":"cond-expr","locations":[{"start":{"line":324,"column":20},"end":{"line":324,"column":87}},{"start":{"line":325,"column":20},"end":{"line":325,"column":53}}],"line":323},"33":{"loc":{"start":{"line":333,"column":16},"end":{"line":335,"column":53}},"type":"cond-expr","locations":[{"start":{"line":334,"column":20},"end":{"line":334,"column":87}},{"start":{"line":335,"column":20},"end":{"line":335,"column":53}}],"line":333},"34":{"loc":{"start":{"line":343,"column":16},"end":{"line":345,"column":53}},"type":"cond-expr","locations":[{"start":{"line":344,"column":20},"end":{"line":344,"column":87}},{"start":{"line":345,"column":20},"end":{"line":345,"column":53}}],"line":343},"35":{"loc":{"start":{"line":353,"column":16},"end":{"line":355,"column":53}},"type":"cond-expr","locations":[{"start":{"line":354,"column":20},"end":{"line":354,"column":87}},{"start":{"line":355,"column":20},"end":{"line":355,"column":53}}],"line":353},"36":{"loc":{"start":{"line":363,"column":16},"end":{"line":365,"column":53}},"type":"cond-expr","locations":[{"start":{"line":364,"column":20},"end":{"line":364,"column":87}},{"start":{"line":365,"column":20},"end":{"line":365,"column":53}}],"line":363},"37":{"loc":{"start":{"line":375,"column":7},"end":{"line":427,"column":7}},"type":"binary-expr","locations":[{"start":{"line":375,"column":7},"end":{"line":375,"column":35}},{"start":{"line":376,"column":8},"end":{"line":426,"column":11}}],"line":375},"38":{"loc":{"start":{"line":399,"column":29},"end":{"line":399,"column":53}},"type":"binary-expr","locations":[{"start":{"line":399,"column":29},"end":{"line":399,"column":40}},{"start":{"line":399,"column":44},"end":{"line":399,"column":53}}],"line":399},"39":{"loc":{"start":{"line":429,"column":7},"end":{"line":433,"column":7}},"type":"binary-expr","locations":[{"start":{"line":429,"column":7},"end":{"line":429,"column":32}},{"start":{"line":430,"column":8},"end":{"line":432,"column":14}}],"line":429},"40":{"loc":{"start":{"line":435,"column":7},"end":{"line":439,"column":7}},"type":"binary-expr","locations":[{"start":{"line":435,"column":7},"end":{"line":435,"column":32}},{"start":{"line":436,"column":8},"end":{"line":438,"column":14}}],"line":435},"41":{"loc":{"start":{"line":441,"column":7},"end":{"line":445,"column":7}},"type":"binary-expr","locations":[{"start":{"line":441,"column":7},"end":{"line":441,"column":37}},{"start":{"line":442,"column":8},"end":{"line":444,"column":14}}],"line":441},"42":{"loc":{"start":{"line":447,"column":7},"end":{"line":449,"column":7}},"type":"binary-expr","locations":[{"start":{"line":447,"column":7},"end":{"line":447,"column":33}},{"start":{"line":448,"column":8},"end":{"line":448,"column":31}}],"line":447},"43":{"loc":{"start":{"line":457,"column":14},"end":{"line":460,"column":42}},"type":"cond-expr","locations":[{"start":{"line":457,"column":41},"end":{"line":457,"column":70}},{"start":{"line":458,"column":14},"end":{"line":460,"column":42}}],"line":457},"44":{"loc":{"start":{"line":458,"column":14},"end":{"line":460,"column":42}},"type":"cond-expr","locations":[{"start":{"line":458,"column":39},"end":{"line":458,"column":66}},{"start":{"line":459,"column":14},"end":{"line":460,"column":42}}],"line":458},"45":{"loc":{"start":{"line":459,"column":14},"end":{"line":460,"column":42}},"type":"cond-expr","locations":[{"start":{"line":459,"column":41},"end":{"line":459,"column":71}},{"start":{"line":460,"column":14},"end":{"line":460,"column":42}}],"line":459},"46":{"loc":{"start":{"line":466,"column":18},"end":{"line":469,"column":33}},"type":"cond-expr","locations":[{"start":{"line":466,"column":45},"end":{"line":466,"column":61}},{"start":{"line":467,"column":18},"end":{"line":469,"column":33}}],"line":466},"47":{"loc":{"start":{"line":467,"column":18},"end":{"line":469,"column":33}},"type":"cond-expr","locations":[{"start":{"line":467,"column":43},"end":{"line":467,"column":57}},{"start":{"line":468,"column":18},"end":{"line":469,"column":33}}],"line":467},"48":{"loc":{"start":{"line":468,"column":18},"end":{"line":469,"column":33}},"type":"cond-expr","locations":[{"start":{"line":468,"column":45},"end":{"line":468,"column":62}},{"start":{"line":469,"column":18},"end":{"line":469,"column":33}}],"line":468},"49":{"loc":{"start":{"line":471,"column":19},"end":{"line":471,"column":50}},"type":"binary-expr","locations":[{"start":{"line":471,"column":19},"end":{"line":471,"column":43}},{"start":{"line":471,"column":47},"end":{"line":471,"column":50}}],"line":471},"50":{"loc":{"start":{"line":472,"column":19},"end":{"line":472,"column":48}},"type":"binary-expr","locations":[{"start":{"line":472,"column":19},"end":{"line":472,"column":41}},{"start":{"line":472,"column":45},"end":{"line":472,"column":48}}],"line":472},"51":{"loc":{"start":{"line":473,"column":19},"end":{"line":473,"column":50}},"type":"binary-expr","locations":[{"start":{"line":473,"column":19},"end":{"line":473,"column":43}},{"start":{"line":473,"column":47},"end":{"line":473,"column":50}}],"line":473},"52":{"loc":{"start":{"line":474,"column":19},"end":{"line":474,"column":47}},"type":"binary-expr","locations":[{"start":{"line":474,"column":19},"end":{"line":474,"column":40}},{"start":{"line":474,"column":44},"end":{"line":474,"column":47}}],"line":474}},"s":{"0":0,"1":0,"2":0,"3":0,"4":0,"5":0,"6":0,"7":0,"8":0,"9":0,"10":0,"11":0,"12":0,"13":0,"14":0,"15":0,"16":0,"17":0,"18":0,"19":0,"20":0,"21":0,"22":0,"23":0,"24":0,"25":0,"26":0,"27":0,"28":0,"29":0,"30":0,"31":0,"32":0,"33":0,"34":0,"35":0,"36":0,"37":0,"38":0,"39":0,"40":0,"41":0,"42":0,"43":0,"44":0,"45":0,"46":0,"47":0,"48":0,"49":0,"50":0,"51":0,"52":0,"53":0,"54":0,"55":0,"56":0,"57":0,"58":0,"59":0,"60":0,"61":0,"62":0,"63":0,"64":0,"65":0,"66":0,"67":0,"68":0,"69":0,"70":0,"71":0,"72":0,"73":0,"74":0,"75":0,"76":0,"77":0,"78":0,"79":0,"80":0,"81":0,"82":0,"83":0,"84":0,"85":0,"86":0,"87":0,"88":0,"89":0,"90":0,"91":0,"92":0,"93":0,"94":0,"95":0,"96":0,"97":0,"98":0,"99":0,"100":0,"101":0,"102":0,"103":0,"104":0,"105":0,"106":0,"107":0,"108":0,"109":0,"110":0,"111":0,"112":0,"113":0,"114":0,"115":0,"116":0,"117":0,"118":0,"119":0,"120":0,"121":0,"122":0,"123":0,"124":0,"125":0,"126":0,"127":0,"128":0,"129":0,"130":0,"131":0,"132":0,"133":0,"134":0,"135":0,"136":0,"137":0,"138":0,"139":0,"140":0,"141":0,"142":0,"143":0,"144":0,"145":0,"146":0,"147":0,"148":0,"149":0,"150":0,"151":0,"152":0,"153":0,"154":0,"155":0,"156":0,"157":0,"158":0,"159":0,"160":0,"161":0,"162":0,"163":0,"164":0,"165":0,"166":0,"167":0,"168":0,"169":0,"170":0,"171":0,"172":0,"173":0,"174":0,"175":0,"176":0,"177":0,"178":0,"179":0,"180":0,"181":0},"f":{"0":0,"1":0,"2":0,"3":0,"4":0,"5":0,"6":0,"7":0,"8":0,"9":0,"10":0,"11":0,"12":0,"13":0,"14":0,"15":0,"16":0,"17":0,"18":0,"19":0,"20":0,"21":0,"22":0,"23":0,"24":0,"25":0,"26":0,"27":0,"28":0,"29":0,"30":0,"31":0,"32":0,"33":0,"34":0,"35":0,"36":0,"37":0,"38":0,"39":0,"40":0},"b":{"0":[0],"1":[0],"2":[0,0],"3":[0,0],"4":[0,0],"5":[0,0],"6":[0,0],"7":[0,0],"8":[0,0],"9":[0,0],"10":[0,0],"11":[0,0],"12":[0,0],"13":[0,0],"14":[0,0],"15":[0,0],"16":[0,0],"17":[0,0],"18":[0,0],"19":[0,0],"20":[0,0],"21":[0,0],"22":[0,0],"23":[0,0],"24":[0,0],"25":[0,0],"26":[0,0],"27":[0,0],"28":[0,0],"29":[0,0],"30":[0,0],"31":[0,0],"32":[0,0],"33":[0,0],"34":[0,0],"35":[0,0],"36":[0,0],"37":[0,0],"38":[0,0],"39":[0,0],"40":[0,0],"41":[0,0],"42":[0,0],"43":[0,0],"44":[0,0],"45":[0,0],"46":[0,0],"47":[0,0],"48":[0,0],"49":[0,0],"50":[0,0],"51":[0,0],"52":[0,0]}}
,"/Users/minam.cho/workspaces/study/sisters-salon-reservation/salon-reservation-client/src/AppRouter.tsx": {"path":"/Users/minam.cho/workspaces/study/sisters-salon-reservation/salon-reservation-client/src/AppRouter.tsx","statementMap":{"0":{"start":{"line":9,"column":28},"end":{"line":21,"column":1}},"1":{"start":{"line":10,"column":2},"end":{"line":20,"column":4}}},"fnMap":{"0":{"name":"(anonymous_0)","decl":{"start":{"line":9,"column":28},"end":{"line":9,"column":29}},"loc":{"start":{"line":9,"column":34},"end":{"line":21,"column":1}},"line":9}},"branchMap":{},"s":{"0":0,"1":0},"f":{"0":0},"b":{}}
,"/Users/minam.cho/workspaces/study/sisters-salon-reservation/salon-reservation-client/src/index.tsx": {"path":"/Users/minam.cho/workspaces/study/sisters-salon-reservation/salon-reservation-client/src/index.tsx","statementMap":{"0":{"start":{"line":9,"column":0},"end":{"line":18,"column":2}},"1":{"start":{"line":11,"column":18},"end":{"line":11,"column":47}},"2":{"start":{"line":12,"column":4},"end":{"line":14,"column":5}},"3":{"start":{"line":13,"column":6},"end":{"line":13,"column":55}},"4":{"start":{"line":15,"column":4},"end":{"line":15,"column":18}},"5":{"start":{"line":17,"column":13},"end":{"line":17,"column":34}},"6":{"start":{"line":21,"column":0},"end":{"line":31,"column":2}},"7":{"start":{"line":22,"column":16},"end":{"line":22,"column":24}},"8":{"start":{"line":24,"column":4},"end":{"line":28,"column":5}},"9":{"start":{"line":25,"column":6},"end":{"line":25,"column":39}},"10":{"start":{"line":26,"column":6},"end":{"line":26,"column":60}},"11":{"start":{"line":27,"column":6},"end":{"line":27,"column":31}},"12":{"start":{"line":29,"column":4},"end":{"line":29,"column":33}},"13":{"start":{"line":33,"column":13},"end":{"line":35,"column":1}},"14":{"start":{"line":36,"column":0},"end":{"line":40,"column":2}},"15":{"start":{"line":45,"column":0},"end":{"line":45,"column":18}}},"fnMap":{"0":{"name":"(anonymous_0)","decl":{"start":{"line":10,"column":2},"end":{"line":10,"column":3}},"loc":{"start":{"line":10,"column":14},"end":{"line":16,"column":3}},"line":10},"1":{"name":"(anonymous_1)","decl":{"start":{"line":17,"column":2},"end":{"line":17,"column":3}},"loc":{"start":{"line":17,"column":13},"end":{"line":17,"column":34}},"line":17},"2":{"name":"(anonymous_2)","decl":{"start":{"line":22,"column":2},"end":{"line":22,"column":3}},"loc":{"start":{"line":22,"column":16},"end":{"line":22,"column":24}},"line":22},"3":{"name":"(anonymous_3)","decl":{"start":{"line":23,"column":2},"end":{"line":23,"column":3}},"loc":{"start":{"line":23,"column":13},"end":{"line":30,"column":3}},"line":23}},"branchMap":{"0":{"loc":{"start":{"line":12,"column":4},"end":{"line":14,"column":5}},"type":"if","locations":[{"start":{"line":12,"column":4},"end":{"line":14,"column":5}},{"start":{},"end":{}}],"line":12},"1":{"loc":{"start":{"line":24,"column":4},"end":{"line":28,"column":5}},"type":"if","locations":[{"start":{"line":24,"column":4},"end":{"line":28,"column":5}},{"start":{},"end":{}}],"line":24}},"s":{"0":0,"1":0,"2":0,"3":0,"4":0,"5":0,"6":0,"7":0,"8":0,"9":0,"10":0,"11":0,"12":0,"13":0,"14":0,"15":0},"f":{"0":0,"1":0,"2":0,"3":0},"b":{"0":[0,0],"1":[0,0]}}
,"/Users/minam.cho/workspaces/study/sisters-salon-reservation/salon-reservation-client/src/reportWebVitals.ts": {"path":"/Users/minam.cho/workspaces/study/sisters-salon-reservation/salon-reservation-client/src/reportWebVitals.ts","statementMap":{"0":{"start":{"line":3,"column":24},"end":{"line":13,"column":1}},"1":{"start":{"line":4,"column":2},"end":{"line":12,"column":3}},"2":{"start":{"line":5,"column":4},"end":{"line":11,"column":7}},"3":{"start":{"line":6,"column":6},"end":{"line":6,"column":26}},"4":{"start":{"line":7,"column":6},"end":{"line":7,"column":26}},"5":{"start":{"line":8,"column":6},"end":{"line":8,"column":26}},"6":{"start":{"line":9,"column":6},"end":{"line":9,"column":26}},"7":{"start":{"line":10,"column":6},"end":{"line":10,"column":27}}},"fnMap":{"0":{"name":"(anonymous_0)","decl":{"start":{"line":3,"column":24},"end":{"line":3,"column":25}},"loc":{"start":{"line":3,"column":57},"end":{"line":13,"column":1}},"line":3},"1":{"name":"(anonymous_1)","decl":{"start":{"line":5,"column":30},"end":{"line":5,"column":31}},"loc":{"start":{"line":5,"column":79},"end":{"line":11,"column":5}},"line":5}},"branchMap":{"0":{"loc":{"start":{"line":4,"column":2},"end":{"line":12,"column":3}},"type":"if","locations":[{"start":{"line":4,"column":2},"end":{"line":12,"column":3}},{"start":{},"end":{}}],"line":4},"1":{"loc":{"start":{"line":4,"column":6},"end":{"line":4,"column":52}},"type":"binary-expr","locations":[{"start":{"line":4,"column":6},"end":{"line":4,"column":17}},{"start":{"line":4,"column":21},"end":{"line":4,"column":52}}],"line":4}},"s":{"0":0,"1":0,"2":0,"3":0,"4":0,"5":0,"6":0,"7":0},"f":{"0":0,"1":0},"b":{"0":[0,0],"1":[0,0]}}
,"/Users/minam.cho/workspaces/study/sisters-salon-reservation/salon-reservation-client/src/components/AdminRegister.tsx": {"path":"/Users/minam.cho/workspaces/study/sisters-salon-reservation/salon-reservation-client/src/components/AdminRegister.tsx","statementMap":{"0":{"start":{"line":8,"column":52},"end":{"line":216,"column":1}},"1":{"start":{"line":9,"column":34},"end":{"line":13,"column":4}},"2":{"start":{"line":14,"column":30},"end":{"line":14,"column":69}},"3":{"start":{"line":15,"column":42},"end":{"line":15,"column":57}},"4":{"start":{"line":17,"column":28},"end":{"line":17,"column":37}},"5":{"start":{"line":19,"column":23},"end":{"line":31,"column":3}},"6":{"start":{"line":20,"column":4},"end":{"line":23,"column":7}},"7":{"start":{"line":25,"column":4},"end":{"line":30,"column":5}},"8":{"start":{"line":26,"column":6},"end":{"line":29,"column":9}},"9":{"start":{"line":33,"column":23},"end":{"line":62,"column":3}},"10":{"start":{"line":34,"column":49},"end":{"line":34,"column":51}},"11":{"start":{"line":36,"column":4},"end":{"line":40,"column":5}},"12":{"start":{"line":37,"column":6},"end":{"line":37,"column":42}},"13":{"start":{"line":38,"column":11},"end":{"line":40,"column":5}},"14":{"start":{"line":39,"column":6},"end":{"line":39,"column":49}},"15":{"start":{"line":42,"column":4},"end":{"line":52,"column":5}},"16":{"start":{"line":43,"column":6},"end":{"line":43,"column":42}},"17":{"start":{"line":44,"column":11},"end":{"line":52,"column":5}},"18":{"start":{"line":45,"column":6},"end":{"line":45,"column":49}},"19":{"start":{"line":48,"column":28},"end":{"line":48,"column":98}},"20":{"start":{"line":49,"column":6},"end":{"line":51,"column":7}},"21":{"start":{"line":50,"column":8},"end":{"line":50,"column":82}},"22":{"start":{"line":54,"column":4},"end":{"line":58,"column":5}},"23":{"start":{"line":55,"column":6},"end":{"line":55,"column":52}},"24":{"start":{"line":56,"column":11},"end":{"line":58,"column":5}},"25":{"start":{"line":57,"column":6},"end":{"line":57,"column":53}},"26":{"start":{"line":60,"column":4},"end":{"line":60,"column":25}},"27":{"start":{"line":61,"column":4},"end":{"line":61,"column":47}},"28":{"start":{"line":64,"column":23},"end":{"line":82,"column":3}},"29":{"start":{"line":65,"column":4},"end":{"line":65,"column":23}},"30":{"start":{"line":67,"column":4},"end":{"line":67,"column":32}},"31":{"start":{"line":67,"column":25},"end":{"line":67,"column":32}},"32":{"start":{"line":69,"column":4},"end":{"line":69,"column":26}},"33":{"start":{"line":70,"column":4},"end":{"line":81,"column":5}},"34":{"start":{"line":71,"column":21},"end":{"line":71,"column":78}},"35":{"start":{"line":72,"column":6},"end":{"line":76,"column":7}},"36":{"start":{"line":73,"column":8},"end":{"line":73,"column":20}},"37":{"start":{"line":75,"column":8},"end":{"line":75,"column":66}},"38":{"start":{"line":78,"column":6},"end":{"line":78,"column":49}},"39":{"start":{"line":80,"column":6},"end":{"line":80,"column":29}},"40":{"start":{"line":84,"column":2},"end":{"line":215,"column":4}}},"fnMap":{"0":{"name":"(anonymous_0)","decl":{"start":{"line":8,"column":52},"end":{"line":8,"column":53}},"loc":{"start":{"line":8,"column":71},"end":{"line":216,"column":1}},"line":8},"1":{"name":"(anonymous_1)","decl":{"start":{"line":19,"column":23},"end":{"line":19,"column":24}},"loc":{"start":{"line":19,"column":67},"end":{"line":31,"column":3}},"line":19},"2":{"name":"(anonymous_2)","decl":{"start":{"line":33,"column":23},"end":{"line":33,"column":24}},"loc":{"start":{"line":33,"column":38},"end":{"line":62,"column":3}},"line":33},"3":{"name":"(anonymous_3)","decl":{"start":{"line":64,"column":23},"end":{"line":64,"column":24}},"loc":{"start":{"line":64,"column":53},"end":{"line":82,"column":3}},"line":64}},"branchMap":{"0":{"loc":{"start":{"line":25,"column":4},"end":{"line":30,"column":5}},"type":"if","locations":[{"start":{"line":25,"column":4},"end":{"line":30,"column":5}},{"start":{},"end":{}}],"line":25},"1":{"loc":{"start":{"line":36,"column":4},"end":{"line":40,"column":5}},"type":"if","locations":[{"start":{"line":36,"column":4},"end":{"line":40,"column":5}},{"start":{"line":38,"column":11},"end":{"line":40,"column":5}}],"line":36},"2":{"loc":{"start":{"line":38,"column":11},"end":{"line":40,"column":5}},"type":"if","locations":[{"start":{"line":38,"column":11},"end":{"line":40,"column":5}},{"start":{},"end":{}}],"line":38},"3":{"loc":{"start":{"line":42,"column":4},"end":{"line":52,"column":5}},"type":"if","locations":[{"start":{"line":42,"column":4},"end":{"line":52,"column":5}},{"start":{"line":44,"column":11},"end":{"line":52,"column":5}}],"line":42},"4":{"loc":{"start":{"line":44,"column":11},"end":{"line":52,"column":5}},"type":"if","locations":[{"start":{"line":44,"column":11},"end":{"line":52,"column":5}},{"start":{"line":46,"column":11},"end":{"line":52,"column":5}}],"line":44},"5":{"loc":{"start":{"line":49,"column":6},"end":{"line":51,"column":7}},"type":"if","locations":[{"start":{"line":49,"column":6},"end":{"line":51,"column":7}},{"start":{},"end":{}}],"line":49},"6":{"loc":{"start":{"line":54,"column":4},"end":{"line":58,"column":5}},"type":"if","locations":[{"start":{"line":54,"column":4},"end":{"line":58,"column":5}},{"start":{"line":56,"column":11},"end":{"line":58,"column":5}}],"line":54},"7":{"loc":{"start":{"line":56,"column":11},"end":{"line":58,"column":5}},"type":"if","locations":[{"start":{"line":56,"column":11},"end":{"line":58,"column":5}},{"start":{},"end":{}}],"line":56},"8":{"loc":{"start":{"line":67,"column":4},"end":{"line":67,"column":32}},"type":"if","locations":[{"start":{"line":67,"column":4},"end":{"line":67,"column":32}},{"start":{},"end":{}}],"line":67},"9":{"loc":{"start":{"line":72,"column":6},"end":{"line":76,"column":7}},"type":"if","locations":[{"start":{"line":72,"column":6},"end":{"line":76,"column":7}},{"start":{"line":74,"column":13},"end":{"line":76,"column":7}}],"line":72},"10":{"loc":{"start":{"line":75,"column":29},"end":{"line":75,"column":62}},"type":"binary-expr","locations":[{"start":{"line":75,"column":29},"end":{"line":75,"column":41}},{"start":{"line":75,"column":45},"end":{"line":75,"column":62}}],"line":75},"11":{"loc":{"start":{"line":107,"column":18},"end":{"line":107,"column":72}},"type":"cond-expr","locations":[{"start":{"line":107,"column":36},"end":{"line":107,"column":52}},{"start":{"line":107,"column":55},"end":{"line":107,"column":72}}],"line":107},"12":{"loc":{"start":{"line":114,"column":15},"end":{"line":116,"column":15}},"type":"binary-expr","locations":[{"start":{"line":114,"column":15},"end":{"line":114,"column":30}},{"start":{"line":115,"column":16},"end":{"line":115,"column":78}}],"line":114},"13":{"loc":{"start":{"line":129,"column":18},"end":{"line":129,"column":72}},"type":"cond-expr","locations":[{"start":{"line":129,"column":36},"end":{"line":129,"column":52}},{"start":{"line":129,"column":55},"end":{"line":129,"column":72}}],"line":129},"14":{"loc":{"start":{"line":136,"column":15},"end":{"line":138,"column":15}},"type":"binary-expr","locations":[{"start":{"line":136,"column":15},"end":{"line":136,"column":30}},{"start":{"line":137,"column":16},"end":{"line":137,"column":78}}],"line":136},"15":{"loc":{"start":{"line":151,"column":18},"end":{"line":151,"column":79}},"type":"cond-expr","locations":[{"start":{"line":151,"column":43},"end":{"line":151,"column":59}},{"start":{"line":151,"column":62},"end":{"line":151,"column":79}}],"line":151},"16":{"loc":{"start":{"line":158,"column":15},"end":{"line":160,"column":15}},"type":"binary-expr","locations":[{"start":{"line":158,"column":15},"end":{"line":158,"column":37}},{"start":{"line":159,"column":16},"end":{"line":159,"column":85}}],"line":158},"17":{"loc":{"start":{"line":164,"column":11},"end":{"line":174,"column":11}},"type":"binary-expr","locations":[{"start":{"line":164,"column":11},"end":{"line":164,"column":25}},{"start":{"line":165,"column":12},"end":{"line":173,"column":18}}],"line":164},"18":{"loc":{"start":{"line":182,"column":15},"end":{"line":192,"column":15}},"type":"cond-expr","locations":[{"start":{"line":183,"column":16},"end":{"line":189,"column":19}},{"start":{"line":191,"column":16},"end":{"line":191,"column":24}}],"line":182}},"s":{"0":0,"1":0,"2":0,"3":0,"4":0,"5":0,"6":0,"7":0,"8":0,"9":0,"10":0,"11":0,"12":0,"13":0,"14":0,"15":0,"16":0,"17":0,"18":0,"19":0,"20":0,"21":0,"22":0,"23":0,"24":0,"25":0,"26":0,"27":0,"28":0,"29":0,"30":0,"31":0,"32":0,"33":0,"34":0,"35":0,"36":0,"37":0,"38":0,"39":0,"40":0},"f":{"0":0,"1":0,"2":0,"3":0},"b":{"0":[0,0],"1":[0,0],"2":[0,0],"3":[0,0],"4":[0,0],"5":[0,0],"6":[0,0],"7":[0,0],"8":[0,0],"9":[0,0],"10":[0,0],"11":[0,0],"12":[0,0],"13":[0,0],"14":[0,0],"15":[0,0],"16":[0,0],"17":[0,0],"18":[0,0]}}
,"/Users/minam.cho/workspaces/study/sisters-salon-reservation/salon-reservation-client/src/components/AppLayout.tsx": {"path":"/Users/minam.cho/workspaces/study/sisters-salon-reservation/salon-reservation-client/src/components/AppLayout.tsx","statementMap":{"0":{"start":{"line":5,"column":28},"end":{"line":15,"column":1}},"1":{"start":{"line":6,"column":2},"end":{"line":14,"column":4}}},"fnMap":{"0":{"name":"(anonymous_0)","decl":{"start":{"line":5,"column":28},"end":{"line":5,"column":29}},"loc":{"start":{"line":5,"column":34},"end":{"line":15,"column":1}},"line":5}},"branchMap":{},"s":{"0":0,"1":0},"f":{"0":0},"b":{}}
,"/Users/minam.cho/workspaces/study/sisters-salon-reservation/salon-reservation-client/src/components/AppWrapper.tsx": {"path":"/Users/minam.cho/workspaces/study/sisters-salon-reservation/salon-reservation-client/src/components/AppWrapper.tsx","statementMap":{"0":{"start":{"line":11,"column":46},"end":{"line":68,"column":1}},"1":{"start":{"line":12,"column":34},"end":{"line":12,"column":43}},"2":{"start":{"line":13,"column":34},"end":{"line":13,"column":64}},"3":{"start":{"line":14,"column":44},"end":{"line":14,"column":58}},"4":{"start":{"line":16,"column":2},"end":{"line":32,"column":28}},"5":{"start":{"line":17,"column":29},"end":{"line":27,"column":5}},"6":{"start":{"line":18,"column":6},"end":{"line":26,"column":7}},"7":{"start":{"line":19,"column":28},"end":{"line":19,"column":46}},"8":{"start":{"line":20,"column":8},"end":{"line":20,"column":33}},"9":{"start":{"line":22,"column":8},"end":{"line":22,"column":54}},"10":{"start":{"line":23,"column":8},"end":{"line":23,"column":27}},"11":{"start":{"line":25,"column":8},"end":{"line":25,"column":32}},"12":{"start":{"line":29,"column":4},"end":{"line":31,"column":5}},"13":{"start":{"line":30,"column":6},"end":{"line":30,"column":25}},"14":{"start":{"line":34,"column":32},"end":{"line":36,"column":3}},"15":{"start":{"line":35,"column":4},"end":{"line":35,"column":22}},"16":{"start":{"line":38,"column":2},"end":{"line":50,"column":3}},"17":{"start":{"line":39,"column":4},"end":{"line":49,"column":6}},"18":{"start":{"line":53,"column":2},"end":{"line":55,"column":3}},"19":{"start":{"line":54,"column":4},"end":{"line":54,"column":63}},"20":{"start":{"line":58,"column":2},"end":{"line":67,"column":4}}},"fnMap":{"0":{"name":"(anonymous_0)","decl":{"start":{"line":11,"column":46},"end":{"line":11,"column":47}},"loc":{"start":{"line":11,"column":64},"end":{"line":68,"column":1}},"line":11},"1":{"name":"(anonymous_1)","decl":{"start":{"line":16,"column":12},"end":{"line":16,"column":13}},"loc":{"start":{"line":16,"column":18},"end":{"line":32,"column":3}},"line":16},"2":{"name":"(anonymous_2)","decl":{"start":{"line":17,"column":29},"end":{"line":17,"column":30}},"loc":{"start":{"line":17,"column":41},"end":{"line":27,"column":5}},"line":17},"3":{"name":"(anonymous_3)","decl":{"start":{"line":34,"column":32},"end":{"line":34,"column":33}},"loc":{"start":{"line":34,"column":38},"end":{"line":36,"column":3}},"line":34}},"branchMap":{"0":{"loc":{"start":{"line":29,"column":4},"end":{"line":31,"column":5}},"type":"if","locations":[{"start":{"line":29,"column":4},"end":{"line":31,"column":5}},{"start":{},"end":{}}],"line":29},"1":{"loc":{"start":{"line":38,"column":2},"end":{"line":50,"column":3}},"type":"if","locations":[{"start":{"line":38,"column":2},"end":{"line":50,"column":3}},{"start":{},"end":{}}],"line":38},"2":{"loc":{"start":{"line":38,"column":6},"end":{"line":38,"column":30}},"type":"binary-expr","locations":[{"start":{"line":38,"column":6},"end":{"line":38,"column":13}},{"start":{"line":38,"column":17},"end":{"line":38,"column":30}}],"line":38},"3":{"loc":{"start":{"line":53,"column":2},"end":{"line":55,"column":3}},"type":"if","locations":[{"start":{"line":53,"column":2},"end":{"line":55,"column":3}},{"start":{},"end":{}}],"line":53}},"s":{"0":0,"1":0,"2":0,"3":0,"4":0,"5":0,"6":0,"7":0,"8":0,"9":0,"10":0,"11":0,"12":0,"13":0,"14":0,"15":0,"16":0,"17":0,"18":0,"19":0,"20":0},"f":{"0":0,"1":0,"2":0,"3":0},"b":{"0":[0,0],"1":[0,0],"2":[0,0],"3":[0,0]}}
,"/Users/minam.cho/workspaces/study/sisters-salon-reservation/salon-reservation-client/src/components/AppointmentForm.tsx": {"path":"/Users/minam.cho/workspaces/study/sisters-salon-reservation/salon-reservation-client/src/components/AppointmentForm.tsx","statementMap":{"0":{"start":{"line":56,"column":56},"end":{"line":639,"column":1}},"1":{"start":{"line":58,"column":34},"end":{"line":65,"column":5}},"2":{"start":{"line":58,"column":67},"end":{"line":65,"column":3}},"3":{"start":{"line":68,"column":26},"end":{"line":68,"column":46}},"4":{"start":{"line":70,"column":30},"end":{"line":70,"column":68}},"5":{"start":{"line":71,"column":42},"end":{"line":71,"column":57}},"6":{"start":{"line":72,"column":36},"end":{"line":72,"column":60}},"7":{"start":{"line":73,"column":50},"end":{"line":73,"column":64}},"8":{"start":{"line":76,"column":44},"end":{"line":76,"column":72}},"9":{"start":{"line":77,"column":34},"end":{"line":77,"column":57}},"10":{"start":{"line":78,"column":42},"end":{"line":78,"column":69}},"11":{"start":{"line":79,"column":54},"end":{"line":79,"column":76}},"12":{"start":{"line":80,"column":58},"end":{"line":80,"column":72}},"13":{"start":{"line":81,"column":60},"end":{"line":81,"column":75}},"14":{"start":{"line":84,"column":42},"end":{"line":89,"column":17}},"15":{"start":{"line":90,"column":54},"end":{"line":90,"column":69}},"16":{"start":{"line":91,"column":56},"end":{"line":91,"column":71}},"17":{"start":{"line":94,"column":23},"end":{"line":94,"column":53}},"18":{"start":{"line":95,"column":24},"end":{"line":95,"column":55}},"19":{"start":{"line":96,"column":27},"end":{"line":96,"column":58}},"20":{"start":{"line":97,"column":27},"end":{"line":97,"column":58}},"21":{"start":{"line":98,"column":26},"end":{"line":98,"column":57}},"22":{"start":{"line":101,"column":2},"end":{"line":117,"column":9}},"23":{"start":{"line":102,"column":27},"end":{"line":114,"column":5}},"24":{"start":{"line":103,"column":6},"end":{"line":113,"column":7}},"25":{"start":{"line":104,"column":22},"end":{"line":104,"column":51}},"26":{"start":{"line":105,"column":25},"end":{"line":107,"column":10}},"27":{"start":{"line":108,"column":8},"end":{"line":108,"column":87}},"28":{"start":{"line":108,"column":66},"end":{"line":108,"column":84}},"29":{"start":{"line":110,"column":8},"end":{"line":110,"column":58}},"30":{"start":{"line":112,"column":8},"end":{"line":112,"column":35}},"31":{"start":{"line":116,"column":4},"end":{"line":116,"column":21}},"32":{"start":{"line":120,"column":2},"end":{"line":135,"column":9}},"33":{"start":{"line":121,"column":31},"end":{"line":132,"column":5}},"34":{"start":{"line":122,"column":6},"end":{"line":131,"column":7}},"35":{"start":{"line":123,"column":58},"end":{"line":123,"column":88}},"36":{"start":{"line":124,"column":8},"end":{"line":124,"column":40}},"37":{"start":{"line":125,"column":8},"end":{"line":125,"column":30}},"38":{"start":{"line":126,"column":8},"end":{"line":126,"column":38}},"39":{"start":{"line":128,"column":8},"end":{"line":128,"column":63}},"40":{"start":{"line":130,"column":8},"end":{"line":130,"column":39}},"41":{"start":{"line":134,"column":4},"end":{"line":134,"column":25}},"42":{"start":{"line":138,"column":2},"end":{"line":144,"column":82}},"43":{"start":{"line":139,"column":4},"end":{"line":139,"column":54}},"44":{"start":{"line":139,"column":47},"end":{"line":139,"column":54}},"45":{"start":{"line":141,"column":25},"end":{"line":141,"column":101}},"46":{"start":{"line":142,"column":18},"end":{"line":142,"column":58}},"47":{"start":{"line":143,"column":4},"end":{"line":143,"column":33}},"48":{"start":{"line":147,"column":2},"end":{"line":151,"column":20}},"49":{"start":{"line":148,"column":4},"end":{"line":150,"column":5}},"50":{"start":{"line":149,"column":6},"end":{"line":149,"column":31}},"51":{"start":{"line":155,"column":2},"end":{"line":171,"column":21}},"52":{"start":{"line":157,"column":4},"end":{"line":170,"column":5}},"53":{"start":{"line":158,"column":6},"end":{"line":158,"column":45}},"54":{"start":{"line":160,"column":6},"end":{"line":169,"column":9}},"55":{"start":{"line":162,"column":8},"end":{"line":167,"column":9}},"56":{"start":{"line":163,"column":10},"end":{"line":166,"column":12}},"57":{"start":{"line":168,"column":8},"end":{"line":168,"column":24}},"58":{"start":{"line":174,"column":28},"end":{"line":212,"column":3}},"59":{"start":{"line":175,"column":4},"end":{"line":179,"column":5}},"60":{"start":{"line":176,"column":6},"end":{"line":176,"column":28}},"61":{"start":{"line":177,"column":6},"end":{"line":177,"column":36}},"62":{"start":{"line":178,"column":6},"end":{"line":178,"column":13}},"63":{"start":{"line":181,"column":4},"end":{"line":181,"column":32}},"64":{"start":{"line":182,"column":4},"end":{"line":211,"column":5}},"65":{"start":{"line":183,"column":20},"end":{"line":183,"column":53}},"66":{"start":{"line":184,"column":6},"end":{"line":187,"column":7}},"67":{"start":{"line":185,"column":8},"end":{"line":185,"column":44}},"68":{"start":{"line":186,"column":8},"end":{"line":186,"column":15}},"69":{"start":{"line":189,"column":23},"end":{"line":199,"column":8}},"70":{"start":{"line":201,"column":21},"end":{"line":201,"column":34}},"71":{"start":{"line":202,"column":6},"end":{"line":202,"column":30}},"72":{"start":{"line":203,"column":6},"end":{"line":203,"column":49}},"73":{"start":{"line":206,"column":6},"end":{"line":206,"column":52}},"74":{"start":{"line":207,"column":6},"end":{"line":207,"column":28}},"75":{"start":{"line":208,"column":6},"end":{"line":208,"column":36}},"76":{"start":{"line":210,"column":6},"end":{"line":210,"column":35}},"77":{"start":{"line":215,"column":2},"end":{"line":228,"column":58}},"78":{"start":{"line":217,"column":4},"end":{"line":221,"column":5}},"79":{"start":{"line":218,"column":6},"end":{"line":218,"column":28}},"80":{"start":{"line":219,"column":6},"end":{"line":219,"column":36}},"81":{"start":{"line":220,"column":6},"end":{"line":220,"column":13}},"82":{"start":{"line":223,"column":22},"end":{"line":225,"column":12}},"83":{"start":{"line":224,"column":6},"end":{"line":224,"column":72}},"84":{"start":{"line":227,"column":4},"end":{"line":227,"column":41}},"85":{"start":{"line":227,"column":17},"end":{"line":227,"column":40}},"86":{"start":{"line":230,"column":23},"end":{"line":272,"column":3}},"87":{"start":{"line":231,"column":48},"end":{"line":231,"column":50}},"88":{"start":{"line":234,"column":4},"end":{"line":238,"column":5}},"89":{"start":{"line":235,"column":6},"end":{"line":235,"column":46}},"90":{"start":{"line":236,"column":11},"end":{"line":238,"column":5}},"91":{"start":{"line":237,"column":6},"end":{"line":237,"column":54}},"92":{"start":{"line":241,"column":4},"end":{"line":251,"column":5}},"93":{"start":{"line":242,"column":6},"end":{"line":242,"column":38}},"94":{"start":{"line":244,"column":27},"end":{"line":244,"column":50}},"95":{"start":{"line":245,"column":20},"end":{"line":245,"column":30}},"96":{"start":{"line":246,"column":6},"end":{"line":246,"column":33}},"97":{"start":{"line":248,"column":6},"end":{"line":250,"column":7}},"98":{"start":{"line":249,"column":8},"end":{"line":249,"column":45}},"99":{"start":{"line":254,"column":4},"end":{"line":256,"column":5}},"100":{"start":{"line":255,"column":6},"end":{"line":255,"column":38}},"101":{"start":{"line":259,"column":4},"end":{"line":263,"column":5}},"102":{"start":{"line":260,"column":6},"end":{"line":260,"column":41}},"103":{"start":{"line":261,"column":11},"end":{"line":263,"column":5}},"104":{"start":{"line":261,"column":43},"end":{"line":261,"column":77}},"105":{"start":{"line":262,"column":6},"end":{"line":262,"column":44}},"106":{"start":{"line":266,"column":4},"end":{"line":268,"column":5}},"107":{"start":{"line":267,"column":6},"end":{"line":267,"column":47}},"108":{"start":{"line":270,"column":4},"end":{"line":270,"column":25}},"109":{"start":{"line":271,"column":4},"end":{"line":271,"column":47}},"110":{"start":{"line":275,"column":26},"end":{"line":288,"column":3}},"111":{"start":{"line":277,"column":20},"end":{"line":277,"column":44}},"112":{"start":{"line":280,"column":4},"end":{"line":286,"column":5}},"113":{"start":{"line":281,"column":6},"end":{"line":281,"column":84}},"114":{"start":{"line":282,"column":11},"end":{"line":286,"column":5}},"115":{"start":{"line":283,"column":6},"end":{"line":283,"column":81}},"116":{"start":{"line":284,"column":11},"end":{"line":286,"column":5}},"117":{"start":{"line":285,"column":6},"end":{"line":285,"column":58}},"118":{"start":{"line":287,"column":4},"end":{"line":287,"column":19}},"119":{"start":{"line":290,"column":32},"end":{"line":306,"column":3}},"120":{"start":{"line":291,"column":22},"end":{"line":291,"column":30}},"121":{"start":{"line":292,"column":26},"end":{"line":292,"column":48}},"122":{"start":{"line":294,"column":4},"end":{"line":297,"column":8}},"123":{"start":{"line":294,"column":25},"end":{"line":297,"column":5}},"124":{"start":{"line":300,"column":4},"end":{"line":305,"column":5}},"125":{"start":{"line":301,"column":6},"end":{"line":304,"column":10}},"126":{"start":{"line":301,"column":31},"end":{"line":304,"column":7}},"127":{"start":{"line":308,"column":23},"end":{"line":322,"column":3}},"128":{"start":{"line":309,"column":28},"end":{"line":309,"column":36}},"129":{"start":{"line":310,"column":4},"end":{"line":313,"column":8}},"130":{"start":{"line":310,"column":25},"end":{"line":313,"column":5}},"131":{"start":{"line":316,"column":4},"end":{"line":321,"column":5}},"132":{"start":{"line":317,"column":6},"end":{"line":320,"column":10}},"133":{"start":{"line":317,"column":31},"end":{"line":320,"column":7}},"134":{"start":{"line":325,"column":24},"end":{"line":336,"column":3}},"135":{"start":{"line":326,"column":4},"end":{"line":329,"column":5}},"136":{"start":{"line":327,"column":6},"end":{"line":327,"column":25}},"137":{"start":{"line":328,"column":6},"end":{"line":328,"column":30}},"138":{"start":{"line":332,"column":4},"end":{"line":335,"column":5}},"139":{"start":{"line":333,"column":6},"end":{"line":333,"column":25}},"140":{"start":{"line":334,"column":6},"end":{"line":334,"column":29}},"141":{"start":{"line":338,"column":23},"end":{"line":369,"column":3}},"142":{"start":{"line":339,"column":4},"end":{"line":339,"column":23}},"143":{"start":{"line":341,"column":4},"end":{"line":343,"column":5}},"144":{"start":{"line":342,"column":6},"end":{"line":342,"column":13}},"145":{"start":{"line":347,"column":4},"end":{"line":347,"column":26}},"146":{"start":{"line":348,"column":4},"end":{"line":368,"column":5}},"147":{"start":{"line":349,"column":6},"end":{"line":349,"column":31}},"148":{"start":{"line":351,"column":6},"end":{"line":363,"column":7}},"149":{"start":{"line":352,"column":8},"end":{"line":359,"column":12}},"150":{"start":{"line":352,"column":33},"end":{"line":359,"column":9}},"151":{"start":{"line":360,"column":8},"end":{"line":360,"column":22}},"152":{"start":{"line":361,"column":8},"end":{"line":361,"column":30}},"153":{"start":{"line":362,"column":8},"end":{"line":362,"column":38}},"154":{"start":{"line":365,"column":6},"end":{"line":365,"column":53}},"155":{"start":{"line":367,"column":6},"end":{"line":367,"column":29}},"156":{"start":{"line":371,"column":2},"end":{"line":638,"column":4}},"157":{"start":{"line":392,"column":33},"end":{"line":392,"column":88}},"158":{"start":{"line":392,"column":54},"end":{"line":392,"column":86}},"159":{"start":{"line":394,"column":14},"end":{"line":402,"column":15}},"160":{"start":{"line":395,"column":16},"end":{"line":399,"column":20}},"161":{"start":{"line":395,"column":37},"end":{"line":399,"column":17}},"162":{"start":{"line":401,"column":16},"end":{"line":401,"column":70}},"163":{"start":{"line":401,"column":37},"end":{"line":401,"column":67}},"164":{"start":{"line":405,"column":14},"end":{"line":410,"column":15}},"165":{"start":{"line":406,"column":16},"end":{"line":409,"column":20}},"166":{"start":{"line":406,"column":41},"end":{"line":409,"column":17}},"167":{"start":{"line":413,"column":14},"end":{"line":419,"column":15}},"168":{"start":{"line":414,"column":32},"end":{"line":414,"column":84}},"169":{"start":{"line":415,"column":16},"end":{"line":418,"column":17}},"170":{"start":{"line":416,"column":18},"end":{"line":416,"column":37}},"171":{"start":{"line":417,"column":18},"end":{"line":417,"column":42}},"172":{"start":{"line":421,"column":14},"end":{"line":424,"column":15}},"173":{"start":{"line":422,"column":16},"end":{"line":422,"column":35}},"174":{"start":{"line":423,"column":16},"end":{"line":423,"column":39}},"175":{"start":{"line":447,"column":34},"end":{"line":447,"column":65}},"176":{"start":{"line":459,"column":34},"end":{"line":459,"column":64}},"177":{"start":{"line":462,"column":21},"end":{"line":466,"column":22}},"178":{"start":{"line":463,"column":23},"end":{"line":463,"column":42}},"179":{"start":{"line":464,"column":23},"end":{"line":464,"column":54}},"180":{"start":{"line":465,"column":23},"end":{"line":465,"column":76}},"181":{"start":{"line":465,"column":40},"end":{"line":465,"column":69}},"182":{"start":{"line":485,"column":29},"end":{"line":485,"column":77}},"183":{"start":{"line":522,"column":32},"end":{"line":522,"column":66}},"184":{"start":{"line":533,"column":16},"end":{"line":535,"column":25}},"185":{"start":{"line":555,"column":30},"end":{"line":555,"column":64}},"186":{"start":{"line":569,"column":14},"end":{"line":571,"column":23}},"187":{"start":{"line":593,"column":30},"end":{"line":593,"column":63}},"188":{"start":{"line":642,"column":22},"end":{"line":667,"column":1}},"189":{"start":{"line":644,"column":2},"end":{"line":646,"column":3}},"190":{"start":{"line":645,"column":4},"end":{"line":645,"column":17}},"191":{"start":{"line":649,"column":2},"end":{"line":654,"column":3}},"192":{"start":{"line":651,"column":4},"end":{"line":653,"column":5}},"193":{"start":{"line":652,"column":6},"end":{"line":652,"column":19}},"194":{"start":{"line":657,"column":2},"end":{"line":659,"column":3}},"195":{"start":{"line":658,"column":4},"end":{"line":658,"column":17}},"196":{"start":{"line":662,"column":2},"end":{"line":664,"column":3}},"197":{"start":{"line":663,"column":4},"end":{"line":663,"column":17}},"198":{"start":{"line":666,"column":2},"end":{"line":666,"column":14}}},"fnMap":{"0":{"name":"(anonymous_0)","decl":{"start":{"line":56,"column":56},"end":{"line":56,"column":57}},"loc":{"start":{"line":56,"column":115},"end":{"line":639,"column":1}},"line":56},"1":{"name":"(anonymous_1)","decl":{"start":{"line":58,"column":60},"end":{"line":58,"column":61}},"loc":{"start":{"line":58,"column":67},"end":{"line":65,"column":3}},"line":58},"2":{"name":"(anonymous_2)","decl":{"start":{"line":101,"column":12},"end":{"line":101,"column":13}},"loc":{"start":{"line":101,"column":18},"end":{"line":117,"column":3}},"line":101},"3":{"name":"(anonymous_3)","decl":{"start":{"line":102,"column":27},"end":{"line":102,"column":28}},"loc":{"start":{"line":102,"column":39},"end":{"line":114,"column":5}},"line":102},"4":{"name":"(anonymous_4)","decl":{"start":{"line":108,"column":42},"end":{"line":108,"column":43}},"loc":{"start":{"line":108,"column":66},"end":{"line":108,"column":84}},"line":108},"5":{"name":"(anonymous_5)","decl":{"start":{"line":120,"column":12},"end":{"line":120,"column":13}},"loc":{"start":{"line":120,"column":18},"end":{"line":135,"column":3}},"line":120},"6":{"name":"(anonymous_6)","decl":{"start":{"line":121,"column":31},"end":{"line":121,"column":32}},"loc":{"start":{"line":121,"column":43},"end":{"line":132,"column":5}},"line":121},"7":{"name":"(anonymous_7)","decl":{"start":{"line":138,"column":12},"end":{"line":138,"column":13}},"loc":{"start":{"line":138,"column":18},"end":{"line":144,"column":3}},"line":138},"8":{"name":"(anonymous_8)","decl":{"start":{"line":147,"column":12},"end":{"line":147,"column":13}},"loc":{"start":{"line":147,"column":18},"end":{"line":151,"column":3}},"line":147},"9":{"name":"(anonymous_9)","decl":{"start":{"line":155,"column":12},"end":{"line":155,"column":13}},"loc":{"start":{"line":155,"column":18},"end":{"line":171,"column":3}},"line":155},"10":{"name":"(anonymous_10)","decl":{"start":{"line":160,"column":18},"end":{"line":160,"column":19}},"loc":{"start":{"line":160,"column":30},"end":{"line":169,"column":7}},"line":160},"11":{"name":"(anonymous_11)","decl":{"start":{"line":174,"column":28},"end":{"line":174,"column":29}},"loc":{"start":{"line":174,"column":83},"end":{"line":212,"column":3}},"line":174},"12":{"name":"(anonymous_12)","decl":{"start":{"line":215,"column":12},"end":{"line":215,"column":13}},"loc":{"start":{"line":215,"column":18},"end":{"line":228,"column":3}},"line":215},"13":{"name":"(anonymous_13)","decl":{"start":{"line":223,"column":33},"end":{"line":223,"column":34}},"loc":{"start":{"line":223,"column":39},"end":{"line":225,"column":5}},"line":223},"14":{"name":"(anonymous_14)","decl":{"start":{"line":227,"column":11},"end":{"line":227,"column":12}},"loc":{"start":{"line":227,"column":17},"end":{"line":227,"column":40}},"line":227},"15":{"name":"(anonymous_15)","decl":{"start":{"line":230,"column":23},"end":{"line":230,"column":24}},"loc":{"start":{"line":230,"column":38},"end":{"line":272,"column":3}},"line":230},"16":{"name":"(anonymous_16)","decl":{"start":{"line":261,"column":31},"end":{"line":261,"column":32}},"loc":{"start":{"line":261,"column":43},"end":{"line":261,"column":77}},"line":261},"17":{"name":"(anonymous_17)","decl":{"start":{"line":275,"column":26},"end":{"line":275,"column":27}},"loc":{"start":{"line":275,"column":53},"end":{"line":288,"column":3}},"line":275},"18":{"name":"(anonymous_18)","decl":{"start":{"line":290,"column":32},"end":{"line":290,"column":33}},"loc":{"start":{"line":290,"column":76},"end":{"line":306,"column":3}},"line":290},"19":{"name":"(anonymous_19)","decl":{"start":{"line":294,"column":16},"end":{"line":294,"column":17}},"loc":{"start":{"line":294,"column":25},"end":{"line":297,"column":5}},"line":294},"20":{"name":"(anonymous_20)","decl":{"start":{"line":301,"column":16},"end":{"line":301,"column":17}},"loc":{"start":{"line":301,"column":31},"end":{"line":304,"column":7}},"line":301},"21":{"name":"(anonymous_21)","decl":{"start":{"line":308,"column":23},"end":{"line":308,"column":24}},"loc":{"start":{"line":308,"column":87},"end":{"line":322,"column":3}},"line":308},"22":{"name":"(anonymous_22)","decl":{"start":{"line":310,"column":16},"end":{"line":310,"column":17}},"loc":{"start":{"line":310,"column":25},"end":{"line":313,"column":5}},"line":310},"23":{"name":"(anonymous_23)","decl":{"start":{"line":317,"column":16},"end":{"line":317,"column":17}},"loc":{"start":{"line":317,"column":31},"end":{"line":320,"column":7}},"line":317},"24":{"name":"(anonymous_24)","decl":{"start":{"line":325,"column":24},"end":{"line":325,"column":25}},"loc":{"start":{"line":325,"column":67},"end":{"line":336,"column":3}},"line":325},"25":{"name":"(anonymous_25)","decl":{"start":{"line":338,"column":23},"end":{"line":338,"column":24}},"loc":{"start":{"line":338,"column":53},"end":{"line":369,"column":3}},"line":338},"26":{"name":"(anonymous_26)","decl":{"start":{"line":352,"column":20},"end":{"line":352,"column":21}},"loc":{"start":{"line":352,"column":33},"end":{"line":359,"column":9}},"line":352},"27":{"name":"(anonymous_27)","decl":{"start":{"line":392,"column":22},"end":{"line":392,"column":23}},"loc":{"start":{"line":392,"column":33},"end":{"line":392,"column":88}},"line":392},"28":{"name":"(anonymous_28)","decl":{"start":{"line":392,"column":45},"end":{"line":392,"column":46}},"loc":{"start":{"line":392,"column":54},"end":{"line":392,"column":86}},"line":392},"29":{"name":"(anonymous_29)","decl":{"start":{"line":393,"column":30},"end":{"line":393,"column":31}},"loc":{"start":{"line":393,"column":44},"end":{"line":411,"column":13}},"line":393},"30":{"name":"(anonymous_30)","decl":{"start":{"line":395,"column":28},"end":{"line":395,"column":29}},"loc":{"start":{"line":395,"column":37},"end":{"line":399,"column":17}},"line":395},"31":{"name":"(anonymous_31)","decl":{"start":{"line":401,"column":28},"end":{"line":401,"column":29}},"loc":{"start":{"line":401,"column":37},"end":{"line":401,"column":67}},"line":401},"32":{"name":"(anonymous_32)","decl":{"start":{"line":406,"column":26},"end":{"line":406,"column":27}},"loc":{"start":{"line":406,"column":41},"end":{"line":409,"column":17}},"line":406},"33":{"name":"(anonymous_33)","decl":{"start":{"line":412,"column":23},"end":{"line":412,"column":24}},"loc":{"start":{"line":412,"column":30},"end":{"line":425,"column":13}},"line":412},"34":{"name":"(anonymous_34)","decl":{"start":{"line":447,"column":27},"end":{"line":447,"column":28}},"loc":{"start":{"line":447,"column":34},"end":{"line":447,"column":65}},"line":447},"35":{"name":"(anonymous_35)","decl":{"start":{"line":459,"column":28},"end":{"line":459,"column":29}},"loc":{"start":{"line":459,"column":34},"end":{"line":459,"column":64}},"line":459},"36":{"name":"(anonymous_36)","decl":{"start":{"line":461,"column":30},"end":{"line":461,"column":31}},"loc":{"start":{"line":461,"column":37},"end":{"line":467,"column":20}},"line":461},"37":{"name":"(anonymous_37)","decl":{"start":{"line":465,"column":34},"end":{"line":465,"column":35}},"loc":{"start":{"line":465,"column":40},"end":{"line":465,"column":69}},"line":465},"38":{"name":"(anonymous_38)","decl":{"start":{"line":485,"column":23},"end":{"line":485,"column":24}},"loc":{"start":{"line":485,"column":29},"end":{"line":485,"column":77}},"line":485},"39":{"name":"(anonymous_39)","decl":{"start":{"line":522,"column":25},"end":{"line":522,"column":26}},"loc":{"start":{"line":522,"column":32},"end":{"line":522,"column":66}},"line":522},"40":{"name":"(anonymous_40)","decl":{"start":{"line":532,"column":38},"end":{"line":532,"column":39}},"loc":{"start":{"line":533,"column":16},"end":{"line":535,"column":25}},"line":533},"41":{"name":"(anonymous_41)","decl":{"start":{"line":555,"column":23},"end":{"line":555,"column":24}},"loc":{"start":{"line":555,"column":30},"end":{"line":555,"column":64}},"line":555},"42":{"name":"(anonymous_42)","decl":{"start":{"line":568,"column":27},"end":{"line":568,"column":28}},"loc":{"start":{"line":569,"column":14},"end":{"line":571,"column":23}},"line":569},"43":{"name":"(anonymous_43)","decl":{"start":{"line":593,"column":23},"end":{"line":593,"column":24}},"loc":{"start":{"line":593,"column":30},"end":{"line":593,"column":63}},"line":593},"44":{"name":"(anonymous_44)","decl":{"start":{"line":642,"column":22},"end":{"line":642,"column":23}},"loc":{"start":{"line":642,"column":92},"end":{"line":667,"column":1}},"line":642}},"branchMap":{"0":{"loc":{"start":{"line":61,"column":10},"end":{"line":61,"column":64}},"type":"binary-expr","locations":[{"start":{"line":61,"column":10},"end":{"line":61,"column":22}},{"start":{"line":61,"column":26},"end":{"line":61,"column":64}}],"line":61},"1":{"loc":{"start":{"line":139,"column":4},"end":{"line":139,"column":54}},"type":"if","locations":[{"start":{"line":139,"column":4},"end":{"line":139,"column":54}},{"start":{},"end":{}}],"line":139},"2":{"loc":{"start":{"line":139,"column":8},"end":{"line":139,"column":45}},"type":"binary-expr","locations":[{"start":{"line":139,"column":8},"end":{"line":139,"column":28}},{"start":{"line":139,"column":32},"end":{"line":139,"column":45}}],"line":139},"3":{"loc":{"start":{"line":148,"column":4},"end":{"line":150,"column":5}},"type":"if","locations":[{"start":{"line":148,"column":4},"end":{"line":150,"column":5}},{"start":{},"end":{}}],"line":148},"4":{"loc":{"start":{"line":157,"column":4},"end":{"line":170,"column":5}},"type":"if","locations":[{"start":{"line":157,"column":4},"end":{"line":170,"column":5}},{"start":{},"end":{}}],"line":157},"5":{"loc":{"start":{"line":157,"column":8},"end":{"line":157,"column":64}},"type":"binary-expr","locations":[{"start":{"line":157,"column":8},"end":{"line":157,"column":20}},{"start":{"line":157,"column":24},"end":{"line":157,"column":64}}],"line":157},"6":{"loc":{"start":{"line":162,"column":8},"end":{"line":167,"column":9}},"type":"if","locations":[{"start":{"line":162,"column":8},"end":{"line":167,"column":9}},{"start":{},"end":{}}],"line":162},"7":{"loc":{"start":{"line":175,"column":4},"end":{"line":179,"column":5}},"type":"if","locations":[{"start":{"line":175,"column":4},"end":{"line":179,"column":5}},{"start":{},"end":{}}],"line":175},"8":{"loc":{"start":{"line":175,"column":8},"end":{"line":175,"column":34}},"type":"binary-expr","locations":[{"start":{"line":175,"column":8},"end":{"line":175,"column":13}},{"start":{"line":175,"column":17},"end":{"line":175,"column":22}},{"start":{"line":175,"column":26},"end":{"line":175,"column":34}}],"line":175},"9":{"loc":{"start":{"line":184,"column":6},"end":{"line":187,"column":7}},"type":"if","locations":[{"start":{"line":184,"column":6},"end":{"line":187,"column":7}},{"start":{},"end":{}}],"line":184},"10":{"loc":{"start":{"line":193,"column":19},"end":{"line":193,"column":41}},"type":"binary-expr","locations":[{"start":{"line":193,"column":19},"end":{"line":193,"column":35}},{"start":{"line":193,"column":39},"end":{"line":193,"column":41}}],"line":193},"11":{"loc":{"start":{"line":217,"column":4},"end":{"line":221,"column":5}},"type":"if","locations":[{"start":{"line":217,"column":4},"end":{"line":221,"column":5}},{"start":{},"end":{}}],"line":217},"12":{"loc":{"start":{"line":217,"column":8},"end":{"line":217,"column":43}},"type":"binary-expr","locations":[{"start":{"line":217,"column":8},"end":{"line":217,"column":22}},{"start":{"line":217,"column":26},"end":{"line":217,"column":43}}],"line":217},"13":{"loc":{"start":{"line":234,"column":4},"end":{"line":238,"column":5}},"type":"if","locations":[{"start":{"line":234,"column":4},"end":{"line":238,"column":5}},{"start":{"line":236,"column":11},"end":{"line":238,"column":5}}],"line":234},"14":{"loc":{"start":{"line":236,"column":11},"end":{"line":238,"column":5}},"type":"if","locations":[{"start":{"line":236,"column":11},"end":{"line":238,"column":5}},{"start":{},"end":{}}],"line":236},"15":{"loc":{"start":{"line":241,"column":4},"end":{"
[...]
,"/Users/minam.cho/workspaces/study/sisters-salon-reservation/salon-reservation-client/src/shared/ui/input/index.ts": {"path":"/Users/minam.cho/workspaces/study/sisters-salon-reservation/salon-reservation-client/src/shared/ui/input/index.ts","statementMap":{"0":{"start":{"line":2,"column":21},"end":{"line":2,"column":31}},"1":{"start":{"line":2,"column":27},"end":{"line":2,"column":31}}},"fnMap":{"0":{"name":"(anonymous_0)","decl":{"start":{"line":2,"column":21},"end":{"line":2,"column":22}},"loc":{"start":{"line":2,"column":27},"end":{"line":2,"column":31}},"line":2}},"branchMap":{},"s":{"0":0,"1":0},"f":{"0":0},"b":{}}
,"/Users/minam.cho/workspaces/study/sisters-salon-reservation/salon-reservation-client/src/shared/ui/modal/index.ts": {"path":"/Users/minam.cho/workspaces/study/sisters-salon-reservation/salon-reservation-client/src/shared/ui/modal/index.ts","statementMap":{"0":{"start":{"line":2,"column":21},"end":{"line":2,"column":31}},"1":{"start":{"line":2,"column":27},"end":{"line":2,"column":31}}},"fnMap":{"0":{"name":"(anonymous_0)","decl":{"start":{"line":2,"column":21},"end":{"line":2,"column":22}},"loc":{"start":{"line":2,"column":27},"end":{"line":2,"column":31}},"line":2}},"branchMap":{},"s":{"0":0,"1":0},"f":{"0":0},"b":{}}
,"/Users/minam.cho/workspaces/study/sisters-salon-reservation/salon-reservation-client/src/shared/ui/table/index.ts": {"path":"/Users/minam.cho/workspaces/study/sisters-salon-reservation/salon-reservation-client/src/shared/ui/table/index.ts","statementMap":{"0":{"start":{"line":2,"column":21},"end":{"line":2,"column":31}},"1":{"start":{"line":2,"column":27},"end":{"line":2,"column":31}}},"fnMap":{"0":{"name":"(anonymous_0)","decl":{"start":{"line":2,"column":21},"end":{"line":2,"column":22}},"loc":{"start":{"line":2,"column":27},"end":{"line":2,"column":31}},"line":2}},"branchMap":{},"s":{"0":0,"1":0},"f":{"0":0},"b":{}}
,"/Users/minam.cho/workspaces/study/sisters-salon-reservation/salon-reservation-client/src/types/customer.ts": {"path":"/Users/minam.cho/workspaces/study/sisters-salon-reservation/salon-reservation-client/src/types/customer.ts","statementMap":{},"fnMap":{},"branchMap":{},"s":{},"f":{},"b":{}}
,"/Users/minam.cho/workspaces/study/sisters-salon-reservation/salon-reservation-client/src/utils/businessHours.ts": {"path":"/Users/minam.cho/workspaces/study/sisters-salon-reservation/salon-reservation-client/src/utils/businessHours.ts","statementMap":{"0":{"start":{"line":36,"column":18},"end":{"line":36,"column":46}},"1":{"start":{"line":37,"column":20},"end":{"line":37,"column":36}},"2":{"start":{"line":40,"column":20},"end":{"line":52,"column":4}},"3":{"start":{"line":41,"column":4},"end":{"line":51,"column":5}},"4":{"start":{"line":43,"column":26},"end":{"line":43,"column":62}},"5":{"start":{"line":44,"column":6},"end":{"line":47,"column":8}},"6":{"start":{"line":50,"column":6},"end":{"line":50,"column":35}},"7":{"start":{"line":54,"column":2},"end":{"line":56,"column":3}},"8":{"start":{"line":55,"column":4},"end":{"line":55,"column":16}},"9":{"start":{"line":59,"column":22},"end":{"line":59,"column":73}},"10":{"start":{"line":59,"column":51},"end":{"line":59,"column":72}},"11":{"start":{"line":60,"column":2},"end":{"line":62,"column":3}},"12":{"start":{"line":61,"column":4},"end":{"line":61,"column":23}},"13":{"start":{"line":65,"column":22},"end":{"line":65,"column":80}},"14":{"start":{"line":65,"column":49},"end":{"line":65,"column":79}},"15":{"start":{"line":66,"column":2},"end":{"line":66,"column":29}},"16":{"start":{"line":73,"column":2},"end":{"line":75,"column":3}},"17":{"start":{"line":74,"column":4},"end":{"line":74,"column":14}},"18":{"start":{"line":77,"column":26},"end":{"line":77,"column":28}},"19":{"start":{"line":78,"column":19},"end":{"line":78,"column":62}},"20":{"start":{"line":79,"column":20},"end":{"line":79,"column":64}},"21":{"start":{"line":80,"column":21},"end":{"line":80,"column":100}},"22":{"start":{"line":81,"column":19},"end":{"line":81,"column":94}},"23":{"start":{"line":84,"column":2},"end":{"line":91,"column":3}},"24":{"start":{"line":84,"column":18},"end":{"line":84,"column":26}},"25":{"start":{"line":86,"column":4},"end":{"line":88,"column":5}},"26":{"start":{"line":87,"column":6},"end":{"line":87,"column":15}},"27":{"start":{"line":90,"column":4},"end":{"line":90,"column":42}},"28":{"start":{"line":93,"column":2},"end":{"line":93,"column":15}},"29":{"start":{"line":98,"column":27},"end":{"line":98,"column":60}},"30":{"start":{"line":99,"column":2},"end":{"line":99,"column":30}},"31":{"start":{"line":104,"column":16},"end":{"line":104,"column":40}},"32":{"start":{"line":105,"column":15},"end":{"line":105,"column":27}},"33":{"start":{"line":106,"column":2},"end":{"line":106,"column":84}},"34":{"start":{"line":116,"column":23},"end":{"line":116,"column":91}},"35":{"start":{"line":117,"column":2},"end":{"line":117,"column":58}},"36":{"start":{"line":128,"column":23},"end":{"line":128,"column":91}},"37":{"start":{"line":130,"column":2},"end":{"line":132,"column":3}},"38":{"start":{"line":131,"column":4},"end":{"line":131,"column":17}},"39":{"start":{"line":134,"column":24},"end":{"line":134,"column":49}},"40":{"start":{"line":135,"column":19},"end":{"line":135,"column":62}},"41":{"start":{"line":136,"column":20},"end":{"line":136,"column":64}},"42":{"start":{"line":139,"column":2},"end":{"line":141,"column":3}},"43":{"start":{"line":140,"column":4},"end":{"line":140,"column":17}},"44":{"start":{"line":144,"column":2},"end":{"line":151,"column":3}},"45":{"start":{"line":145,"column":23},"end":{"line":145,"column":68}},"46":{"start":{"line":146,"column":21},"end":{"line":146,"column":64}},"47":{"start":{"line":148,"column":4},"end":{"line":150,"column":5}},"48":{"start":{"line":149,"column":6},"end":{"line":149,"column":19}},"49":{"start":{"line":153,"column":2},"end":{"line":153,"column":14}},"50":{"start":{"line":158,"column":2},"end":{"line":178,"column":3}},"51":{"start":{"line":159,"column":18},"end":{"line":159,"column":47}},"52":{"start":{"line":160,"column":20},"end":{"line":160,"column":56}},"53":{"start":{"line":162,"column":48},"end":{"line":166,"column":6}},"54":{"start":{"line":168,"column":52},"end":{"line":172,"column":6}},"55":{"start":{"line":174,"column":4},"end":{"line":174,"column":53}},"56":{"start":{"line":176,"column":4},"end":{"line":176,"column":65}},"57":{"start":{"line":177,"column":4},"end":{"line":177,"column":65}}},"fnMap":{"0":{"name":"getBusinessHoursForDate","decl":{"start":{"line":30,"column":16},"end":{"line":30,"column":39}},"loc":{"start":{"line":35,"column":37},"end":{"line":67,"column":1}},"line":35},"1":{"name":"(anonymous_1)","decl":{"start":{"line":40,"column":34},"end":{"line":40,"column":35}},"loc":{"start":{"line":40,"column":45},"end":{"line":52,"column":3}},"line":40},"2":{"name":"(anonymous_2)","decl":{"start":{"line":59,"column":40},"end":{"line":59,"column":41}},"loc":{"start":{"line":59,"column":51},"end":{"line":59,"column":72}},"line":59},"3":{"name":"(anonymous_3)","decl":{"start":{"line":65,"column":41},"end":{"line":65,"column":42}},"loc":{"start":{"line":65,"column":49},"end":{"line":65,"column":79}},"line":65},"4":{"name":"generateAvailableTimeSlots","decl":{"start":{"line":70,"column":16},"end":{"line":70,"column":42}},"loc":{"start":{"line":72,"column":12},"end":{"line":94,"column":1}},"line":72},"5":{"name":"timeStringToMinutes","decl":{"start":{"line":97,"column":9},"end":{"line":97,"column":28}},"loc":{"start":{"line":97,"column":57},"end":{"line":100,"column":1}},"line":97},"6":{"name":"minutesToTimeString","decl":{"start":{"line":103,"column":9},"end":{"line":103,"column":28}},"loc":{"start":{"line":103,"column":54},"end":{"line":107,"column":1}},"line":103},"7":{"name":"isBusinessDay","decl":{"start":{"line":110,"column":16},"end":{"line":110,"column":29}},"loc":{"start":{"line":115,"column":11},"end":{"line":118,"column":1}},"line":115},"8":{"name":"isTimeAvailable","decl":{"start":{"line":121,"column":16},"end":{"line":121,"column":31}},"loc":{"start":{"line":127,"column":11},"end":{"line":154,"column":1}},"line":127},"9":{"name":"fetchBusinessHoursData","decl":{"start":{"line":157,"column":22},"end":{"line":157,"column":44}},"loc":{"start":{"line":157,"column":47},"end":{"line":179,"column":1}},"line":157}},"branchMap":{"0":{"loc":{"start":{"line":41,"column":4},"end":{"line":51,"column":5}},"type":"if","locations":[{"start":{"line":41,"column":4},"end":{"line":51,"column":5}},{"start":{"line":48,"column":11},"end":{"line":51,"column":5}}],"line":41},"1":{"loc":{"start":{"line":45,"column":8},"end":{"line":46,"column":51}},"type":"binary-expr","locations":[{"start":{"line":45,"column":8},"end":{"line":45,"column":53}},{"start":{"line":46,"column":8},"end":{"line":46,"column":51}}],"line":45},"2":{"loc":{"start":{"line":54,"column":2},"end":{"line":56,"column":3}},"type":"if","locations":[{"start":{"line":54,"column":2},"end":{"line":56,"column":3}},{"start":{},"end":{}}],"line":54},"3":{"loc":{"start":{"line":60,"column":2},"end":{"line":62,"column":3}},"type":"if","locations":[{"start":{"line":60,"column":2},"end":{"line":62,"column":3}},{"start":{},"end":{}}],"line":60},"4":{"loc":{"start":{"line":66,"column":9},"end":{"line":66,"column":28}},"type":"binary-expr","locations":[{"start":{"line":66,"column":9},"end":{"line":66,"column":20}},{"start":{"line":66,"column":24},"end":{"line":66,"column":28}}],"line":66},"5":{"loc":{"start":{"line":73,"column":2},"end":{"line":75,"column":3}},"type":"if","locations":[{"start":{"line":73,"column":2},"end":{"line":75,"column":3}},{"start":{},"end":{}}],"line":73},"6":{"loc":{"start":{"line":73,"column":6},"end":{"line":73,"column":100}},"type":"binary-expr","locations":[{"start":{"line":73,"column":6},"end":{"line":73,"column":19}},{"start":{"line":73,"column":23},"end":{"line":73,"column":45}},{"start":{"line":73,"column":49},"end":{"line":73,"column":72}},{"start":{"line":73,"column":76},"end":{"line":73,"column":100}}],"line":73},"7":{"loc":{"start":{"line":80,"column":21},"end":{"line":80,"column":100}},"type":"cond-expr","locations":[{"start":{"line":80,"column":48},"end":{"line":80,"column":93}},{"start":{"line":80,"column":96},"end":{"line":80,"column":100}}],"line":80},"8":{"loc":{"start":{"line":81,"column":19},"end":{"line":81,"column":94}},"type":"cond-expr","locations":[{"start":{"line":81,"column":44},"end":{"line":81,"column":87}},{"start":{"line":81,"column":90},"end":{"line":81,"column":94}}],"line":81},"9":{"loc":{"start":{"line":86,"column":4},"end":{"line":88,"column":5}},"type":"if","locations":[{"start":{"line":86,"column":4},"end":{"line":88,"column":5}},{"start":{},"end":{}}],"line":86},"10":{"loc":{"start":{"line":86,"column":8},"end":{"line":86,"column":89}},"type":"binary-expr","locations":[{"start":{"line":86,"column":8},"end":{"line":86,"column":27}},{"start":{"line":86,"column":31},"end":{"line":86,"column":48}},{"start":{"line":86,"column":52},"end":{"line":86,"column":70}},{"start":{"line":86,"column":74},"end":{"line":86,"column":89}}],"line":86},"11":{"loc":{"start":{"line":117,"column":9},"end":{"line":117,"column":57}},"type":"binary-expr","locations":[{"start":{"line":117,"column":9},"end":{"line":117,"column":30}},{"start":{"line":117,"column":34},"end":{"line":117,"column":57}}],"line":117},"12":{"loc":{"start":{"line":130,"column":2},"end":{"line":132,"column":3}},"type":"if","locations":[{"start":{"line":130,"column":2},"end":{"line":132,"column":3}},{"start":{},"end":{}}],"line":130},"13":{"loc":{"start":{"line":130,"column":6},"end":{"line":130,"column":100}},"type":"binary-expr","locations":[{"start":{"line":130,"column":6},"end":{"line":130,"column":19}},{"start":{"line":130,"column":23},"end":{"line":130,"column":45}},{"start":{"line":130,"column":49},"end":{"line":130,"column":72}},{"start":{"line":130,"column":76},"end":{"line":130,"column":100}}],"line":130},"14":{"loc":{"start":{"line":139,"column":2},"end":{"line":141,"column":3}},"type":"if","locations":[{"start":{"line":139,"column":2},"end":{"line":141,"column":3}},{"start":{},"end":{}}],"line":139},"15":{"loc":{"start":{"line":139,"column":6},"end":{"line":139,"column":60}},"type":"binary-expr","locations":[{"start":{"line":139,"column":6},"end":{"line":139,"column":30}},{"start":{"line":139,"column":34},"end":{"line":139,"column":60}}],"line":139},"16":{"loc":{"start":{"line":144,"column":2},"end":{"line":151,"column":3}},"type":"if","locations":[{"start":{"line":144,"column":2},"end":{"line":151,"column":3}},{"start":{},"end":{}}],"line":144},"17":{"loc":{"start":{"line":144,"column":6},"end":{"line":144,"column":56}},"type":"binary-expr","locations":[{"start":{"line":144,"column":6},"end":{"line":144,"column":30}},{"start":{"line":144,"column":34},"end":{"line":144,"column":56}}],"line":144},"18":{"loc":{"start":{"line":148,"column":4},"end":{"line":150,"column":5}},"type":"if","locations":[{"start":{"line":148,"column":4},"end":{"line":150,"column":5}},{"start":{},"end":{}}],"line":148},"19":{"loc":{"start":{"line":148,"column":8},"end":{"line":148,"column":63}},"type":"binary-expr","locations":[{"start":{"line":148,"column":8},"end":{"line":148,"column":35}},{"start":{"line":148,"column":39},"end":{"line":148,"column":63}}],"line":148}},"s":{"0":12,"1":12,"2":12,"3":9,"4":9,"5":9,"6":0,"7":12,"8":2,"9":10,"10":7,"11":10,"12":3,"13":7,"14":20,"15":7,"16":5,"17":3,"18":2,"19":2,"20":2,"21":2,"22":2,"23":2,"24":2,"25":30,"26":2,"27":28,"28":2,"29":6,"30":6,"31":28,"32":28,"33":28,"34":6,"35":6,"36":0,"37":0,"38":0,"39":0,"40":0,"41":0,"42":0,"43":0,"44":0,"45":0,"46":0,"47":0,"48":0,"49":0,"50":5,"51":5,"52":5,"53":5,"54":1,"55":1,"56":0,"57":0},"f":{"0":12,"1":9,"2":7,"3":20,"4":5,"5":6,"6":28,"7":6,"8":0,"9":5},"b":{"0":[9,0],"1":[9,2],"2":[2,10],"3":[3,7],"4":[7,3],"5":[3,2],"6":[5,3,2,2],"7":[1,1],"8":[1,1],"9":[2,28],"10":[30,18,18,12],"11":[6,3],"12":[0,0],"13":[0,0,0,0],"14":[0,0],"15":[0,0],"16":[0,0],"17":[0,0],"18":[0,0],"19":[0,0]},"_coverageSchema":"1a1c01bbd47fc00a2c39e90264f33305004495a9","hash":"84f8074cdedec3e732e0ccc1c249fadcf7d80799"}
,"/Users/minam.cho/workspaces/study/sisters-salon-reservation/salon-reservation-client/src/widgets/calendar/index.ts": {"path":"/Users/minam.cho/workspaces/study/sisters-salon-reservation/salon-reservation-client/src/widgets/calendar/index.ts","statementMap":{},"fnMap":{},"branchMap":{},"s":{},"f":{},"b":{}}
,"/Users/minam.cho/workspaces/study/sisters-salon-reservation/salon-reservation-client/src/widgets/calendar/model/index.ts": {"path":"/Users/minam.cho/workspaces/study/sisters-salon-reservation/salon-reservation-client/src/widgets/calendar/model/index.ts","statementMap":{},"fnMap":{},"branchMap":{},"s":{},"f":{},"b":{}}
,"/Users/minam.cho/workspaces/study/sisters-salon-reservation/salon-reservation-client/src/widgets/calendar/ui/index.ts": {"path":"/Users/minam.cho/workspaces/study/sisters-salon-reservation/salon-reservation-client/src/widgets/calendar/ui/index.ts","statementMap":{},"fnMap":{},"branchMap":{},"s":{},"f":{},"b":{}}
,"/Users/minam.cho/workspaces/study/sisters-salon-reservation/salon-reservation-client/src/widgets/customer-list/index.ts": {"path":"/Users/minam.cho/workspaces/study/sisters-salon-reservation/salon-reservation-client/src/widgets/customer-list/index.ts","statementMap":{},"fnMap":{},"branchMap":{},"s":{},"f":{},"b":{}}
,"/Users/minam.cho/workspaces/study/sisters-salon-reservation/salon-reservation-client/src/widgets/customer-list/model/index.ts": {"path":"/Users/minam.cho/workspaces/study/sisters-salon-reservation/salon-reservation-client/src/widgets/customer-list/model/index.ts","statementMap":{},"fnMap":{},"branchMap":{},"s":{},"f":{},"b":{}}
,"/Users/minam.cho/workspaces/study/sisters-salon-reservation/salon-reservation-client/src/widgets/customer-list/ui/index.ts": {"path":"/Users/minam.cho/workspaces/study/sisters-salon-reservation/salon-reservation-client/src/widgets/customer-list/ui/index.ts","statementMap":{},"fnMap":{},"branchMap":{},"s":{},"f":{},"b":{}}
,"/Users/minam.cho/workspaces/study/sisters-salon-reservation/salon-reservation-client/src/widgets/designer-table/index.ts": {"path":"/Users/minam.cho/workspaces/study/sisters-salon-reservation/salon-reservation-client/src/widgets/designer-table/index.ts","statementMap":{},"fnMap":{},"branchMap":{},"s":{},"f":{},"b":{}}
,"/Users/minam.cho/workspaces/study/sisters-salon-reservation/salon-reservation-client/src/widgets/designer-table/model/index.ts": {"path":"/Users/minam.cho/workspaces/study/sisters-salon-reservation/salon-reservation-client/src/widgets/designer-table/model/index.ts","statementMap":{},"fnMap":{},"branchMap":{},"s":{},"f":{},"b":{}}
,"/Users/minam.cho/workspaces/study/sisters-salon-reservation/salon-reservation-client/src/widgets/designer-table/ui/index.ts": {"path":"/Users/minam.cho/workspaces/study/sisters-salon-reservation/salon-reservation-client/src/widgets/designer-table/ui/index.ts","statementMap":{},"fnMap":{},"branchMap":{},"s":{},"f":{},"b":{}}
,"/Users/minam.cho/workspaces/study/sisters-salon-reservation/salon-reservation-client/src/widgets/header/index.ts": {"path":"/Users/minam.cho/workspaces/study/sisters-salon-reservation/salon-reservation-client/src/widgets/header/index.ts","statementMap":{},"fnMap":{},"branchMap":{},"s":{},"f":{},"b":{}}
,"/Users/minam.cho/workspaces/study/sisters-salon-reservation/salon-reservation-client/src/widgets/header/model/index.ts": {"path":"/Users/minam.cho/workspaces/study/sisters-salon-reservation/salon-reservation-client/src/widgets/header/model/index.ts","statementMap":{},"fnMap":{},"branchMap":{},"s":{},"f":{},"b":{}}
,"/Users/minam.cho/workspaces/study/sisters-salon-reservation/salon-reservation-client/src/widgets/header/ui/index.ts": {"path":"/Users/minam.cho/workspaces/study/sisters-salon-reservation/salon-reservation-client/src/widgets/header/ui/index.ts","statementMap":{},"fnMap":{},"branchMap":{},"s":{},"f":{},"b":{}}
,"/Users/minam.cho/workspaces/study/sisters-salon-reservation/salon-reservation-client/src/widgets/reservation-table/index.ts": {"path":"/Users/minam.cho/workspaces/study/sisters-salon-reservation/salon-reservation-client/src/widgets/reservation-table/index.ts","statementMap":{},"fnMap":{},"branchMap":{},"s":{},"f":{},"b":{}}
,"/Users/minam.cho/workspaces/study/sisters-salon-reservation/salon-reservation-client/src/widgets/reservation-table/model/index.ts": {"path":"/Users/minam.cho/workspaces/study/sisters-salon-reservation/salon-reservation-client/src/widgets/reservation-table/model/index.ts","statementMap":{},"fnMap":{},"branchMap":{},"s":{},"f":{},"b":{}}
,"/Users/minam.cho/workspaces/study/sisters-salon-reservation/salon-reservation-client/src/widgets/reservation-table/ui/index.ts": {"path":"/Users/minam.cho/workspaces/study/sisters-salon-reservation/salon-reservation-client/src/widgets/reservation-table/ui/index.ts","statementMap":{},"fnMap":{},"branchMap":{},"s":{},"f":{},"b":{}}
,"/Users/minam.cho/workspaces/study/sisters-salon-reservation/salon-reservation-client/src/widgets/statistics-dashboard/index.ts": {"path":"/Users/minam.cho/workspaces/study/sisters-salon-reservation/salon-reservation-client/src/widgets/statistics-dashboard/index.ts","statementMap":{},"fnMap":{},"branchMap":{},"s":{},"f":{},"b":{}}
,"/Users/minam.cho/workspaces/study/sisters-salon-reservation/salon-reservation-client/src/widgets/statistics-dashboard/model/index.ts": {"path":"/Users/minam.cho/workspaces/study/sisters-salon-reservation/salon-reservation-client/src/widgets/statistics-dashboard/model/index.ts","statementMap":{},"fnMap":{},"branchMap":{},"s":{},"f":{},"b":{}}
,"/Users/minam.cho/workspaces/study/sisters-salon-reservation/salon-reservation-client/src/widgets/statistics-dashboard/ui/index.ts": {"path":"/Users/minam.cho/workspaces/study/sisters-salon-reservation/salon-reservation-client/src/widgets/statistics-dashboard/ui/index.ts","statementMap":{},"fnMap":{},"branchMap":{},"s":{},"f":{},"b":{}}
}
