{"/Users/minam.cho/workspaces/study/sister-hair-salon-reservation/salon-reservation-client/src/App.tsx": {"path":"/Users/minam.cho/workspaces/study/sister-hair-salon-reservation/salon-reservation-client/src/App.tsx","statementMap":{"0":{"start":{"line":15,"column":42},"end":{"line":15,"column":73}},"1":{"start":{"line":16,"column":42},"end":{"line":16,"column":71}},"2":{"start":{"line":17,"column":40},"end":{"line":17,"column":78}},"3":{"start":{"line":18,"column":30},"end":{"line":18,"column":58}},"4":{"start":{"line":19,"column":36},"end":{"line":19,"column":50}},"5":{"start":{"line":22,"column":19},"end":{"line":31,"column":3}},"6":{"start":{"line":23,"column":15},"end":{"line":23,"column":54}},"7":{"start":{"line":24,"column":35},"end":{"line":24,"column":56}},"8":{"start":{"line":25,"column":4},"end":{"line":25,"column":43}},"9":{"start":{"line":25,"column":22},"end":{"line":25,"column":41}},"10":{"start":{"line":28,"column":4},"end":{"line":30,"column":13}},"11":{"start":{"line":29,"column":6},"end":{"line":29,"column":63}},"12":{"start":{"line":29,"column":24},"end":{"line":29,"column":61}},"13":{"start":{"line":29,"column":45},"end":{"line":29,"column":60}},"14":{"start":{"line":33,"column":22},"end":{"line":35,"column":3}},"15":{"start":{"line":34,"column":4},"end":{"line":34,"column":61}},"16":{"start":{"line":34,"column":22},"end":{"line":34,"column":59}},"17":{"start":{"line":34,"column":43},"end":{"line":34,"column":58}},"18":{"start":{"line":37,"column":2},"end":{"line":49,"column":9}},"19":{"start":{"line":38,"column":4},"end":{"line":38,"column":23}},"20":{"start":{"line":39,"column":4},"end":{"line":48,"column":9}},"21":{"start":{"line":41,"column":8},"end":{"line":41,"column":39}},"22":{"start":{"line":42,"column":8},"end":{"line":42,"column":28}},"23":{"start":{"line":45,"column":8},"end":{"line":45,"column":61}},"24":{"start":{"line":46,"column":8},"end":{"line":46,"column":50}},"25":{"start":{"line":47,"column":8},"end":{"line":47,"column":28}},"26":{"start":{"line":51,"column":34},"end":{"line":93,"column":3}},"27":{"start":{"line":52,"column":4},"end":{"line":92,"column":5}},"28":{"start":{"line":53,"column":6},"end":{"line":67,"column":7}},"29":{"start":{"line":55,"column":25},"end":{"line":55,"column":111}},"30":{"start":{"line":56,"column":36},"end":{"line":56,"column":53}},"31":{"start":{"line":57,"column":8},"end":{"line":57,"column":58}},"32":{"start":{"line":58,"column":8},"end":{"line":58,"column":45}},"33":{"start":{"line":59,"column":8},"end":{"line":59,"column":30}},"34":{"start":{"line":60,"column":8},"end":{"line":60,"column":29}},"35":{"start":{"line":61,"column":8},"end":{"line":61,"column":50}},"36":{"start":{"line":64,"column":25},"end":{"line":64,"column":93}},"37":{"start":{"line":65,"column":8},"end":{"line":65,"column":58}},"38":{"start":{"line":66,"column":8},"end":{"line":66,"column":50}},"39":{"start":{"line":69,"column":6},"end":{"line":69,"column":54}},"40":{"start":{"line":71,"column":6},"end":{"line":91,"column":7}},"41":{"start":{"line":73,"column":27},"end":{"line":73,"column":48}},"42":{"start":{"line":74,"column":29},"end":{"line":74,"column":87}},"43":{"start":{"line":76,"column":8},"end":{"line":84,"column":9}},"44":{"start":{"line":77,"column":10},"end":{"line":77,"column":54}},"45":{"start":{"line":78,"column":15},"end":{"line":84,"column":9}},"46":{"start":{"line":79,"column":10},"end":{"line":79,"column":46}},"47":{"start":{"line":80,"column":15},"end":{"line":84,"column":9}},"48":{"start":{"line":81,"column":10},"end":{"line":81,"column":62}},"49":{"start":{"line":83,"column":10},"end":{"line":83,"column":51}},"50":{"start":{"line":85,"column":13},"end":{"line":91,"column":7}},"51":{"start":{"line":87,"column":8},"end":{"line":87,"column":46}},"52":{"start":{"line":90,"column":8},"end":{"line":90,"column":48}},"53":{"start":{"line":95,"column":21},"end":{"line":100,"column":3}},"54":{"start":{"line":96,"column":4},"end":{"line":96,"column":27}},"55":{"start":{"line":97,"column":4},"end":{"line":97,"column":32}},"56":{"start":{"line":99,"column":4},"end":{"line":99,"column":52}},"57":{"start":{"line":102,"column":23},"end":{"line":140,"column":3}},"58":{"start":{"line":103,"column":24},"end":{"line":103,"column":43}},"59":{"start":{"line":105,"column":4},"end":{"line":108,"column":5}},"60":{"start":{"line":106,"column":6},"end":{"line":106,"column":49}},"61":{"start":{"line":107,"column":6},"end":{"line":107,"column":13}},"62":{"start":{"line":110,"column":4},"end":{"line":139,"column":5}},"63":{"start":{"line":111,"column":6},"end":{"line":138,"column":7}},"64":{"start":{"line":112,"column":8},"end":{"line":112,"column":88}},"65":{"start":{"line":114,"column":36},"end":{"line":114,"column":53}},"66":{"start":{"line":115,"column":8},"end":{"line":115,"column":45}},"67":{"start":{"line":116,"column":8},"end":{"line":116,"column":45}},"68":{"start":{"line":119,"column":8},"end":{"line":125,"column":9}},"69":{"start":{"line":120,"column":10},"end":{"line":120,"column":32}},"70":{"start":{"line":121,"column":10},"end":{"line":121,"column":31}},"71":{"start":{"line":122,"column":15},"end":{"line":125,"column":9}},"72":{"start":{"line":124,"column":10},"end":{"line":124,"column":44}},"73":{"start":{"line":127,"column":8},"end":{"line":127,"column":74}},"74":{"start":{"line":129,"column":8},"end":{"line":129,"column":60}},"75":{"start":{"line":131,"column":8},"end":{"line":137,"column":9}},"76":{"start":{"line":132,"column":10},"end":{"line":132,"column":52}},"77":{"start":{"line":133,"column":15},"end":{"line":137,"column":9}},"78":{"start":{"line":134,"column":10},"end":{"line":134,"column":48}},"79":{"start":{"line":136,"column":10},"end":{"line":136,"column":57}},"80":{"start":{"line":142,"column":27},"end":{"line":145,"column":3}},"81":{"start":{"line":143,"column":4},"end":{"line":143,"column":26}},"82":{"start":{"line":144,"column":4},"end":{"line":144,"column":25}},"83":{"start":{"line":147,"column":2},"end":{"line":220,"column":4}},"84":{"start":{"line":180,"column":10},"end":{"line":216,"column":16}},"85":{"start":{"line":207,"column":31},"end":{"line":207,"column":52}}},"fnMap":{"0":{"name":"App","decl":{"start":{"line":14,"column":9},"end":{"line":14,"column":12}},"loc":{"start":{"line":14,"column":15},"end":{"line":221,"column":1}},"line":14},"1":{"name":"(anonymous_1)","decl":{"start":{"line":22,"column":19},"end":{"line":22,"column":20}},"loc":{"start":{"line":22,"column":77},"end":{"line":31,"column":3}},"line":22},"2":{"name":"(anonymous_2)","decl":{"start":{"line":25,"column":14},"end":{"line":25,"column":15}},"loc":{"start":{"line":25,"column":22},"end":{"line":25,"column":41}},"line":25},"3":{"name":"(anonymous_3)","decl":{"start":{"line":28,"column":15},"end":{"line":28,"column":16}},"loc":{"start":{"line":28,"column":21},"end":{"line":30,"column":5}},"line":28},"4":{"name":"(anonymous_4)","decl":{"start":{"line":29,"column":16},"end":{"line":29,"column":17}},"loc":{"start":{"line":29,"column":24},"end":{"line":29,"column":61}},"line":29},"5":{"name":"(anonymous_5)","decl":{"start":{"line":29,"column":36},"end":{"line":29,"column":37}},"loc":{"start":{"line":29,"column":45},"end":{"line":29,"column":60}},"line":29},"6":{"name":"(anonymous_6)","decl":{"start":{"line":33,"column":22},"end":{"line":33,"column":23}},"loc":{"start":{"line":33,"column":38},"end":{"line":35,"column":3}},"line":33},"7":{"name":"(anonymous_7)","decl":{"start":{"line":34,"column":14},"end":{"line":34,"column":15}},"loc":{"start":{"line":34,"column":22},"end":{"line":34,"column":59}},"line":34},"8":{"name":"(anonymous_8)","decl":{"start":{"line":34,"column":34},"end":{"line":34,"column":35}},"loc":{"start":{"line":34,"column":43},"end":{"line":34,"column":58}},"line":34},"9":{"name":"(anonymous_9)","decl":{"start":{"line":37,"column":12},"end":{"line":37,"column":13}},"loc":{"start":{"line":37,"column":18},"end":{"line":49,"column":3}},"line":37},"10":{"name":"(anonymous_10)","decl":{"start":{"line":40,"column":12},"end":{"line":40,"column":13}},"loc":{"start":{"line":40,"column":24},"end":{"line":43,"column":7}},"line":40},"11":{"name":"(anonymous_11)","decl":{"start":{"line":44,"column":13},"end":{"line":44,"column":14}},"loc":{"start":{"line":44,"column":22},"end":{"line":48,"column":7}},"line":44},"12":{"name":"(anonymous_12)","decl":{"start":{"line":51,"column":34},"end":{"line":51,"column":35}},"loc":{"start":{"line":51,"column":71},"end":{"line":93,"column":3}},"line":51},"13":{"name":"(anonymous_13)","decl":{"start":{"line":95,"column":21},"end":{"line":95,"column":22}},"loc":{"start":{"line":95,"column":70},"end":{"line":100,"column":3}},"line":95},"14":{"name":"(anonymous_14)","decl":{"start":{"line":102,"column":23},"end":{"line":102,"column":24}},"loc":{"start":{"line":102,"column":48},"end":{"line":140,"column":3}},"line":102},"15":{"name":"(anonymous_15)","decl":{"start":{"line":142,"column":27},"end":{"line":142,"column":28}},"loc":{"start":{"line":142,"column":33},"end":{"line":145,"column":3}},"line":142},"16":{"name":"(anonymous_16)","decl":{"start":{"line":179,"column":20},"end":{"line":179,"column":21}},"loc":{"start":{"line":180,"column":10},"end":{"line":216,"column":16}},"line":180},"17":{"name":"(anonymous_17)","decl":{"start":{"line":207,"column":25},"end":{"line":207,"column":26}},"loc":{"start":{"line":207,"column":31},"end":{"line":207,"column":52}},"line":207}},"branchMap":{"0":{"loc":{"start":{"line":22,"column":37},"end":{"line":22,"column":72}},"type":"default-arg","locations":[{"start":{"line":22,"column":66},"end":{"line":22,"column":72}}],"line":22},"1":{"loc":{"start":{"line":53,"column":6},"end":{"line":67,"column":7}},"type":"if","locations":[{"start":{"line":53,"column":6},"end":{"line":67,"column":7}},{"start":{"line":62,"column":13},"end":{"line":67,"column":7}}],"line":53},"2":{"loc":{"start":{"line":53,"column":10},"end":{"line":53,"column":46}},"type":"binary-expr","locations":[{"start":{"line":53,"column":10},"end":{"line":53,"column":31}},{"start":{"line":53,"column":35},"end":{"line":53,"column":46}}],"line":53},"3":{"loc":{"start":{"line":71,"column":6},"end":{"line":91,"column":7}},"type":"if","locations":[{"start":{"line":71,"column":6},"end":{"line":91,"column":7}},{"start":{"line":85,"column":13},"end":{"line":91,"column":7}}],"line":71},"4":{"loc":{"start":{"line":74,"column":29},"end":{"line":74,"column":87}},"type":"binary-expr","locations":[{"start":{"line":74,"column":29},"end":{"line":74,"column":55}},{"start":{"line":74,"column":59},"end":{"line":74,"column":87}}],"line":74},"5":{"loc":{"start":{"line":76,"column":8},"end":{"line":84,"column":9}},"type":"if","locations":[{"start":{"line":76,"column":8},"end":{"line":84,"column":9}},{"start":{"line":78,"column":15},"end":{"line":84,"column":9}}],"line":76},"6":{"loc":{"start":{"line":78,"column":15},"end":{"line":84,"column":9}},"type":"if","locations":[{"start":{"line":78,"column":15},"end":{"line":84,"column":9}},{"start":{"line":80,"column":15},"end":{"line":84,"column":9}}],"line":78},"7":{"loc":{"start":{"line":80,"column":15},"end":{"line":84,"column":9}},"type":"if","locations":[{"start":{"line":80,"column":15},"end":{"line":84,"column":9}},{"start":{"line":82,"column":15},"end":{"line":84,"column":9}}],"line":80},"8":{"loc":{"start":{"line":85,"column":13},"end":{"line":91,"column":7}},"type":"if","locations":[{"start":{"line":85,"column":13},"end":{"line":91,"column":7}},{"start":{"line":88,"column":13},"end":{"line":91,"column":7}}],"line":85},"9":{"loc":{"start":{"line":105,"column":4},"end":{"line":108,"column":5}},"type":"if","locations":[{"start":{"line":105,"column":4},"end":{"line":108,"column":5}},{"start":{},"end":{}}],"line":105},"10":{"loc":{"start":{"line":110,"column":4},"end":{"line":139,"column":5}},"type":"if","locations":[{"start":{"line":110,"column":4},"end":{"line":139,"column":5}},{"start":{},"end":{}}],"line":110},"11":{"loc":{"start":{"line":119,"column":8},"end":{"line":125,"column":9}},"type":"if","locations":[{"start":{"line":119,"column":8},"end":{"line":125,"column":9}},{"start":{"line":122,"column":15},"end":{"line":125,"column":9}}],"line":119},"12":{"loc":{"start":{"line":122,"column":15},"end":{"line":125,"column":9}},"type":"if","locations":[{"start":{"line":122,"column":15},"end":{"line":125,"column":9}},{"start":{},"end":{}}],"line":122},"13":{"loc":{"start":{"line":122,"column":19},"end":{"line":122,"column":64}},"type":"binary-expr","locations":[{"start":{"line":122,"column":19},"end":{"line":122,"column":40}},{"start":{"line":122,"column":44},"end":{"line":122,"column":64}}],"line":122},"14":{"loc":{"start":{"line":131,"column":8},"end":{"line":137,"column":9}},"type":"if","locations":[{"start":{"line":131,"column":8},"end":{"line":137,"column":9}},{"start":{"line":133,"column":15},"end":{"line":137,"column":9}}],"line":131},"15":{"loc":{"start":{"line":133,"column":15},"end":{"line":137,"column":9}},"type":"if","locations":[{"start":{"line":133,"column":15},"end":{"line":137,"column":9}},{"start":{"line":135,"column":15},"end":{"line":137,"column":9}}],"line":133},"16":{"loc":{"start":{"line":155,"column":23},"end":{"line":155,"column":47}},"type":"binary-expr","locations":[{"start":{"line":155,"column":23},"end":{"line":155,"column":34}},{"start":{"line":155,"column":38},"end":{"line":155,"column":47}}],"line":155},"17":{"loc":{"start":{"line":156,"column":24},"end":{"line":156,"column":66}},"type":"cond-expr","locations":[{"start":{"line":156,"column":38},"end":{"line":156,"column":54}},{"start":{"line":156,"column":57},"end":{"line":156,"column":66}}],"line":156},"18":{"loc":{"start":{"line":160,"column":11},"end":{"line":173,"column":11}},"type":"cond-expr","locations":[{"start":{"line":161,"column":12},"end":{"line":166,"column":18}},{"start":{"line":168,"column":12},"end":{"line":172,"column":14}}],"line":160},"19":{"loc":{"start":{"line":183,"column":14},"end":{"line":186,"column":31}},"type":"cond-expr","locations":[{"start":{"line":183,"column":41},"end":{"line":183,"column":59}},{"start":{"line":184,"column":14},"end":{"line":186,"column":31}}],"line":183},"20":{"loc":{"start":{"line":184,"column":14},"end":{"line":186,"column":31}},"type":"cond-expr","locations":[{"start":{"line":184,"column":39},"end":{"line":184,"column":55}},{"start":{"line":185,"column":14},"end":{"line":186,"column":31}}],"line":184},"21":{"loc":{"start":{"line":185,"column":14},"end":{"line":186,"column":31}},"type":"cond-expr","locations":[{"start":{"line":185,"column":41},"end":{"line":185,"column":60}},{"start":{"line":186,"column":14},"end":{"line":186,"column":31}}],"line":185},"22":{"loc":{"start":{"line":194,"column":18},"end":{"line":197,"column":33}},"type":"cond-expr","locations":[{"start":{"line":194,"column":45},"end":{"line":194,"column":61}},{"start":{"line":195,"column":18},"end":{"line":197,"column":33}}],"line":194},"23":{"loc":{"start":{"line":195,"column":18},"end":{"line":197,"column":33}},"type":"cond-expr","locations":[{"start":{"line":195,"column":43},"end":{"line":195,"column":57}},{"start":{"line":196,"column":18},"end":{"line":197,"column":33}}],"line":195},"24":{"loc":{"start":{"line":196,"column":18},"end":{"line":197,"column":33}},"type":"cond-expr","locations":[{"start":{"line":196,"column":45},"end":{"line":196,"column":62}},{"start":{"line":197,"column":18},"end":{"line":197,"column":33}}],"line":196},"25":{"loc":{"start":{"line":199,"column":19},"end":{"line":199,"column":50}},"type":"binary-expr","locations":[{"start":{"line":199,"column":19},"end":{"line":199,"column":43}},{"start":{"line":199,"column":47},"end":{"line":199,"column":50}}],"line":199},"26":{"loc":{"start":{"line":200,"column":19},"end":{"line":200,"column":48}},"type":"binary-expr","locations":[{"start":{"line":200,"column":19},"end":{"line":200,"column":41}},{"start":{"line":200,"column":45},"end":{"line":200,"column":48}}],"line":200},"27":{"loc":{"start":{"line":201,"column":19},"end":{"line":201,"column":50}},"type":"binary-expr","locations":[{"start":{"line":201,"column":19},"end":{"line":201,"column":43}},{"start":{"line":201,"column":47},"end":{"line":201,"column":50}}],"line":201},"28":{"loc":{"start":{"line":202,"column":19},"end":{"line":202,"column":47}},"type":"binary-expr","locations":[{"start":{"line":202,"column":19},"end":{"line":202,"column":40}},{"start":{"line":202,"column":44},"end":{"line":202,"column":47}}],"line":202}},"s":{"0":0,"1":0,"2":0,"3":0,"4":0,"5":0,"6":0,"7":0,"8":0,"9":0,"10":0,"11":0,"12":0,"13":0,"14":0,"15":0,"16":0,"17":0,"18":0,"19":0,"20":0,"21":0,"22":0,"23":0,"24":0,"25":0,"26":0,"27":0,"28":0,"29":0,"30":0,"31":0,"32":0,"33":0,"34":0,"35":0,"36":0,"37":0,"38":0,"39":0,"40":0,"41":0,"42":0,"43":0,"44":0,"45":0,"46":0,"47":0,"48":0,"49":0,"50":0,"51":0,"52":0,"53":0,"54":0,"55":0,"56":0,"57":0,"58":0,"59":0,"60":0,"61":0,"62":0,"63":0,"64":0,"65":0,"66":0,"67":0,"68":0,"69":0,"70":0,"71":0,"72":0,"73":0,"74":0,"75":0,"76":0,"77":0,"78":0,"79":0,"80":0,"81":0,"82":0,"83":0,"84":0,"85":0},"f":{"0":0,"1":0,"2":0,"3":0,"4":0,"5":0,"6":0,"7":0,"8":0,"9":0,"10":0,"11":0,"12":0,"13":0,"14":0,"15":0,"16":0,"17":0},"b":{"0":[0],"1":[0,0],"2":[0,0],"3":[0,0],"4":[0,0],"5":[0,0],"6":[0,0],"7":[0,0],"8":[0,0],"9":[0,0],"10":[0,0],"11":[0,0],"12":[0,0],"13":[0,0],"14":[0,0],"15":[0,0],"16":[0,0],"17":[0,0],"18":[0,0],"19":[0,0],"20":[0,0],"21":[0,0],"22":[0,0],"23":[0,0],"24":[0,0],"25":[0,0],"26":[0,0],"27":[0,0],"28":[0,0]}}
,"/Users/minam.cho/workspaces/study/sister-hair-salon-reservation/salon-reservation-client/src/index.tsx": {"path":"/Users/minam.cho/workspaces/study/sister-hair-salon-reservation/salon-reservation-client/src/index.tsx","statementMap":{"0":{"start":{"line":7,"column":13},"end":{"line":9,"column":1}},"1":{"start":{"line":10,"column":0},"end":{"line":14,"column":2}},"2":{"start":{"line":19,"column":0},"end":{"line":19,"column":18}}},"fnMap":{},"branchMap":{},"s":{"0":0,"1":0,"2":0},"f":{},"b":{}}
,"/Users/minam.cho/workspaces/study/sister-hair-salon-reservation/salon-reservation-client/src/reportWebVitals.ts": {"path":"/Users/minam.cho/workspaces/study/sister-hair-salon-reservation/salon-reservation-client/src/reportWebVitals.ts","statementMap":{"0":{"start":{"line":3,"column":24},"end":{"line":13,"column":1}},"1":{"start":{"line":4,"column":2},"end":{"line":12,"column":3}},"2":{"start":{"line":5,"column":4},"end":{"line":11,"column":7}},"3":{"start":{"line":6,"column":6},"end":{"line":6,"column":26}},"4":{"start":{"line":7,"column":6},"end":{"line":7,"column":26}},"5":{"start":{"line":8,"column":6},"end":{"line":8,"column":26}},"6":{"start":{"line":9,"column":6},"end":{"line":9,"column":26}},"7":{"start":{"line":10,"column":6},"end":{"line":10,"column":27}}},"fnMap":{"0":{"name":"(anonymous_0)","decl":{"start":{"line":3,"column":24},"end":{"line":3,"column":25}},"loc":{"start":{"line":3,"column":57},"end":{"line":13,"column":1}},"line":3},"1":{"name":"(anonymous_1)","decl":{"start":{"line":5,"column":30},"end":{"line":5,"column":31}},"loc":{"start":{"line":5,"column":79},"end":{"line":11,"column":5}},"line":5}},"branchMap":{"0":{"loc":{"start":{"line":4,"column":2},"end":{"line":12,"column":3}},"type":"if","locations":[{"start":{"line":4,"column":2},"end":{"line":12,"column":3}},{"start":{},"end":{}}],"line":4},"1":{"loc":{"start":{"line":4,"column":6},"end":{"line":4,"column":52}},"type":"binary-expr","locations":[{"start":{"line":4,"column":6},"end":{"line":4,"column":17}},{"start":{"line":4,"column":21},"end":{"line":4,"column":52}}],"line":4}},"s":{"0":0,"1":0,"2":0,"3":0,"4":0,"5":0,"6":0,"7":0},"f":{"0":0,"1":0},"b":{"0":[0,0],"1":[0,0]}}
,"/Users/minam.cho/workspaces/study/sister-hair-salon-reservation/salon-reservation-client/src/components/AppointmentForm.tsx": {"path":"/Users/minam.cho/workspaces/study/sister-hair-salon-reservation/salon-reservation-client/src/components/AppointmentForm.tsx","statementMap":{"0":{"start":{"line":18,"column":56},"end":{"line":290,"column":1}},"1":{"start":{"line":19,"column":34},"end":{"line":25,"column":4}},"2":{"start":{"line":27,"column":30},"end":{"line":27,"column":68}},"3":{"start":{"line":28,"column":42},"end":{"line":28,"column":57}},"4":{"start":{"line":31,"column":2},"end":{"line":36,"column":20}},"5":{"start":{"line":32,"column":4},"end":{"line":35,"column":5}},"6":{"start":{"line":33,"column":6},"end":{"line":33,"column":31}},"7":{"start":{"line":34,"column":6},"end":{"line":34,"column":20}},"8":{"start":{"line":39,"column":23},"end":{"line":93,"column":3}},"9":{"start":{"line":40,"column":48},"end":{"line":40,"column":50}},"10":{"start":{"line":43,"column":4},"end":{"line":49,"column":5}},"11":{"start":{"line":44,"column":6},"end":{"line":44,"column":48}},"12":{"start":{"line":45,"column":11},"end":{"line":49,"column":5}},"13":{"start":{"line":46,"column":6},"end":{"line":46,"column":55}},"14":{"start":{"line":47,"column":11},"end":{"line":49,"column":5}},"15":{"start":{"line":48,"column":6},"end":{"line":48,"column":55}},"16":{"start":{"line":52,"column":4},"end":{"line":69,"column":5}},"17":{"start":{"line":53,"column":6},"end":{"line":53,"column":40}},"18":{"start":{"line":55,"column":27},"end":{"line":55,"column":50}},"19":{"start":{"line":56,"column":20},"end":{"line":56,"column":30}},"20":{"start":{"line":57,"column":6},"end":{"line":57,"column":33}},"21":{"start":{"line":59,"column":6},"end":{"line":61,"column":7}},"22":{"start":{"line":60,"column":8},"end":{"line":60,"column":46}},"23":{"start":{"line":64,"column":22},"end":{"line":64,"column":32}},"24":{"start":{"line":65,"column":6},"end":{"line":65,"column":47}},"25":{"start":{"line":66,"column":6},"end":{"line":68,"column":7}},"26":{"start":{"line":67,"column":8},"end":{"line":67,"column":46}},"27":{"start":{"line":72,"column":4},"end":{"line":79,"column":5}},"28":{"start":{"line":73,"column":6},"end":{"line":73,"column":40}},"29":{"start":{"line":75,"column":31},"end":{"line":75,"column":67}},"30":{"start":{"line":76,"column":6},"end":{"line":78,"column":7}},"31":{"start":{"line":77,"column":8},"end":{"line":77,"column":49}},"32":{"start":{"line":82,"column":4},"end":{"line":84,"column":5}},"33":{"start":{"line":83,"column":6},"end":{"line":83,"column":44}},"34":{"start":{"line":87,"column":4},"end":{"line":89,"column":5}},"35":{"start":{"line":88,"column":6},"end":{"line":88,"column":48}},"36":{"start":{"line":91,"column":4},"end":{"line":91,"column":25}},"37":{"start":{"line":92,"column":4},"end":{"line":92,"column":47}},"38":{"start":{"line":95,"column":23},"end":{"line":109,"column":3}},"39":{"start":{"line":96,"column":28},"end":{"line":96,"column":36}},"40":{"start":{"line":97,"column":4},"end":{"line":100,"column":8}},"41":{"start":{"line":97,"column":29},"end":{"line":100,"column":5}},"42":{"start":{"line":103,"column":4},"end":{"line":108,"column":5}},"43":{"start":{"line":104,"column":6},"end":{"line":107,"column":10}},"44":{"start":{"line":104,"column":31},"end":{"line":107,"column":7}},"45":{"start":{"line":111,"column":23},"end":{"line":137,"column":3}},"46":{"start":{"line":112,"column":4},"end":{"line":112,"column":23}},"47":{"start":{"line":114,"column":4},"end":{"line":116,"column":5}},"48":{"start":{"line":115,"column":6},"end":{"line":115,"column":13}},"49":{"start":{"line":118,"column":4},"end":{"line":118,"column":26}},"50":{"start":{"line":119,"column":4},"end":{"line":136,"column":5}},"51":{"start":{"line":120,"column":6},"end":{"line":120,"column":31}},"52":{"start":{"line":122,"column":6},"end":{"line":131,"column":7}},"53":{"start":{"line":123,"column":8},"end":{"line":129,"column":11}},"54":{"start":{"line":130,"column":8},"end":{"line":130,"column":22}},"55":{"start":{"line":133,"column":6},"end":{"line":133,"column":53}},"56":{"start":{"line":135,"column":6},"end":{"line":135,"column":29}},"57":{"start":{"line":139,"column":2},"end":{"line":289,"column":4}}},"fnMap":{"0":{"name":"(anonymous_0)","decl":{"start":{"line":18,"column":56},"end":{"line":18,"column":57}},"loc":{"start":{"line":18,"column":101},"end":{"line":290,"column":1}},"line":18},"1":{"name":"(anonymous_1)","decl":{"start":{"line":31,"column":12},"end":{"line":31,"column":13}},"loc":{"start":{"line":31,"column":18},"end":{"line":36,"column":3}},"line":31},"2":{"name":"(anonymous_2)","decl":{"start":{"line":39,"column":23},"end":{"line":39,"column":24}},"loc":{"start":{"line":39,"column":38},"end":{"line":93,"column":3}},"line":39},"3":{"name":"(anonymous_3)","decl":{"start":{"line":95,"column":23},"end":{"line":95,"column":24}},"loc":{"start":{"line":95,"column":87},"end":{"line":109,"column":3}},"line":95},"4":{"name":"(anonymous_4)","decl":{"start":{"line":97,"column":16},"end":{"line":97,"column":17}},"loc":{"start":{"line":97,"column":29},"end":{"line":100,"column":5}},"line":97},"5":{"name":"(anonymous_5)","decl":{"start":{"line":104,"column":16},"end":{"line":104,"column":17}},"loc":{"start":{"line":104,"column":31},"end":{"line":107,"column":7}},"line":104},"6":{"name":"(anonymous_6)","decl":{"start":{"line":111,"column":23},"end":{"line":111,"column":24}},"loc":{"start":{"line":111,"column":53},"end":{"line":137,"column":3}},"line":111}},"branchMap":{"0":{"loc":{"start":{"line":32,"column":4},"end":{"line":35,"column":5}},"type":"if","locations":[{"start":{"line":32,"column":4},"end":{"line":35,"column":5}},{"start":{},"end":{}}],"line":32},"1":{"loc":{"start":{"line":43,"column":4},"end":{"line":49,"column":5}},"type":"if","locations":[{"start":{"line":43,"column":4},"end":{"line":49,"column":5}},{"start":{"line":45,"column":11},"end":{"line":49,"column":5}}],"line":43},"2":{"loc":{"start":{"line":45,"column":11},"end":{"line":49,"column":5}},"type":"if","locations":[{"start":{"line":45,"column":11},"end":{"line":49,"column":5}},{"start":{"line":47,"column":11},"end":{"line":49,"column":5}}],"line":45},"3":{"loc":{"start":{"line":47,"column":11},"end":{"line":49,"column":5}},"type":"if","locations":[{"start":{"line":47,"column":11},"end":{"line":49,"column":5}},{"start":{},"end":{}}],"line":47},"4":{"loc":{"start":{"line":52,"column":4},"end":{"line":69,"column":5}},"type":"if","locations":[{"start":{"line":52,"column":4},"end":{"line":69,"column":5}},{"start":{"line":54,"column":11},"end":{"line":69,"column":5}}],"line":52},"5":{"loc":{"start":{"line":59,"column":6},"end":{"line":61,"column":7}},"type":"if","locations":[{"start":{"line":59,"column":6},"end":{"line":61,"column":7}},{"start":{},"end":{}}],"line":59},"6":{"loc":{"start":{"line":66,"column":6},"end":{"line":68,"column":7}},"type":"if","locations":[{"start":{"line":66,"column":6},"end":{"line":68,"column":7}},{"start":{},"end":{}}],"line":66},"7":{"loc":{"start":{"line":72,"column":4},"end":{"line":79,"column":5}},"type":"if","locations":[{"start":{"line":72,"column":4},"end":{"line":79,"column":5}},{"start":{"line":74,"column":11},"end":{"line":79,"column":5}}],"line":72},"8":{"loc":{"start":{"line":76,"column":6},"end":{"line":78,"column":7}},"type":"if","locations":[{"start":{"line":76,"column":6},"end":{"line":78,"column":7}},{"start":{},"end":{}}],"line":76},"9":{"loc":{"start":{"line":76,"column":10},"end":{"line":76,"column":66}},"type":"binary-expr","locations":[{"start":{"line":76,"column":10},"end":{"line":76,"column":19}},{"start":{"line":76,"column":23},"end":{"line":76,"column":33}},{"start":{"line":76,"column":38},"end":{"line":76,"column":50}},{"start":{"line":76,"column":54},"end":{"line":76,"column":65}}],"line":76},"10":{"loc":{"start":{"line":82,"column":4},"end":{"line":84,"column":5}},"type":"if","locations":[{"start":{"line":82,"column":4},"end":{"line":84,"column":5}},{"start":{},"end":{}}],"line":82},"11":{"loc":{"start":{"line":87,"column":4},"end":{"line":89,"column":5}},"type":"if","locations":[{"start":{"line":87,"column":4},"end":{"line":89,"column":5}},{"start":{},"end":{}}],"line":87},"12":{"loc":{"start":{"line":103,"column":4},"end":{"line":108,"column":5}},"type":"if","locations":[{"start":{"line":103,"column":4},"end":{"line":108,"column":5}},{"start":{},"end":{}}],"line":103},"13":{"loc":{"start":{"line":114,"column":4},"end":{"line":116,"column":5}},"type":"if","locations":[{"start":{"line":114,"column":4},"end":{"line":116,"column":5}},{"start":{},"end":{}}],"line":114},"14":{"loc":{"start":{"line":122,"column":6},"end":{"line":131,"column":7}},"type":"if","locations":[{"start":{"line":122,"column":6},"end":{"line":131,"column":7}},{"start":{},"end":{}}],"line":122},"15":{"loc":{"start":{"line":142,"column":9},"end":{"line":142,"column":39}},"type":"cond-expr","locations":[{"start":{"line":142,"column":23},"end":{"line":142,"column":30}},{"start":{"line":142,"column":33},"end":{"line":142,"column":39}}],"line":142},"16":{"loc":{"start":{"line":156,"column":14},"end":{"line":158,"column":55}},"type":"cond-expr","locations":[{"start":{"line":157,"column":18},"end":{"line":157,"column":53}},{"start":{"line":158,"column":18},"end":{"line":158,"column":55}}],"line":156},"17":{"loc":{"start":{"line":162,"column":11},"end":{"line":164,"column":11}},"type":"binary-expr","locations":[{"start":{"line":162,"column":11},"end":{"line":162,"column":30}},{"start":{"line":163,"column":12},"end":{"line":163,"column":78}}],"line":162},"18":{"loc":{"start":{"line":178,"column":14},"end":{"line":180,"column":55}},"type":"cond-expr","locations":[{"start":{"line":179,"column":18},"end":{"line":179,"column":53}},{"start":{"line":180,"column":18},"end":{"line":180,"column":55}}],"line":178},"19":{"loc":{"start":{"line":185,"column":11},"end":{"line":187,"column":11}},"type":"binary-expr","locations":[{"start":{"line":185,"column":11},"end":{"line":185,"column":22}},{"start":{"line":186,"column":12},"end":{"line":186,"column":70}}],"line":185},"20":{"loc":{"start":{"line":201,"column":14},"end":{"line":203,"column":55}},"type":"cond-expr","locations":[{"start":{"line":202,"column":18},"end":{"line":202,"column":53}},{"start":{"line":203,"column":18},"end":{"line":203,"column":55}}],"line":201},"21":{"loc":{"start":{"line":209,"column":11},"end":{"line":211,"column":11}},"type":"binary-expr","locations":[{"start":{"line":209,"column":11},"end":{"line":209,"column":22}},{"start":{"line":210,"column":12},"end":{"line":210,"column":70}}],"line":209},"22":{"loc":{"start":{"line":224,"column":14},"end":{"line":226,"column":55}},"type":"cond-expr","locations":[{"start":{"line":225,"column":18},"end":{"line":225,"column":53}},{"start":{"line":226,"column":18},"end":{"line":226,"column":55}}],"line":224},"23":{"loc":{"start":{"line":236,"column":11},"end":{"line":238,"column":11}},"type":"binary-expr","locations":[{"start":{"line":236,"column":11},"end":{"line":236,"column":25}},{"start":{"line":237,"column":12},"end":{"line":237,"column":73}}],"line":236},"24":{"loc":{"start":{"line":251,"column":14},"end":{"line":253,"column":55}},"type":"cond-expr","locations":[{"start":{"line":252,"column":18},"end":{"line":252,"column":53}},{"start":{"line":253,"column":18},"end":{"line":253,"column":55}}],"line":251},"25":{"loc":{"start":{"line":263,"column":11},"end":{"line":265,"column":11}},"type":"binary-expr","locations":[{"start":{"line":263,"column":11},"end":{"line":263,"column":29}},{"start":{"line":264,"column":12},"end":{"line":264,"column":77}}],"line":263},"26":{"loc":{"start":{"line":268,"column":24},"end":{"line":268,"column":59}},"type":"cond-expr","locations":[{"start":{"line":268,"column":38},"end":{"line":268,"column":54}},{"start":{"line":268,"column":57},"end":{"line":268,"column":59}}],"line":268},"27":{"loc":{"start":{"line":272,"column":26},"end":{"line":272,"column":59}},"type":"cond-expr","locations":[{"start":{"line":272,"column":40},"end":{"line":272,"column":48}},{"start":{"line":272,"column":51},"end":{"line":272,"column":59}}],"line":272},"28":{"loc":{"start":{"line":274,"column":13},"end":{"line":274,"column":74}},"type":"cond-expr","locations":[{"start":{"line":274,"column":28},"end":{"line":274,"column":37}},{"start":{"line":274,"column":41},"end":{"line":274,"column":73}}],"line":274},"29":{"loc":{"start":{"line":274,"column":41},"end":{"line":274,"column":73}},"type":"cond-expr","locations":[{"start":{"line":274,"column":55},"end":{"line":274,"column":64}},{"start":{"line":274,"column":67},"end":{"line":274,"column":73}}],"line":274},"30":{"loc":{"start":{"line":277,"column":11},"end":{"line":285,"column":11}},"type":"binary-expr","locations":[{"start":{"line":277,"column":11},"end":{"line":277,"column":22}},{"start":{"line":277,"column":26},"end":{"line":277,"column":38}},{"start":{"line":278,"column":12},"end":{"line":284,"column":21}}],"line":277}},"s":{"0":1,"1":3,"2":3,"3":3,"4":3,"5":3,"6":0,"7":0,"8":3,"9":0,"10":0,"11":0,"12":0,"13":0,"14":0,"15":0,"16":0,"17":0,"18":0,"19":0,"20":0,"21":0,"22":0,"23":0,"24":0,"25":0,"26":0,"27":0,"28":0,"29":0,"30":0,"31":0,"32":0,"33":0,"34":0,"35":0,"36":0,"37":0,"38":3,"39":0,"40":0,"41":0,"42":0,"43":0,"44":0,"45":3,"46":0,"47":0,"48":0,"49":0,"50":0,"51":0,"52":0,"53":0,"54":0,"55":0,"56":0,"57":3},"f":{"0":3,"1":3,"2":0,"3":0,"4":0,"5":0,"6":0},"b":{"0":[0,3],"1":[0,0],"2":[0,0],"3":[0,0],"4":[0,0],"5":[0,0],"6":[0,0],"7":[0,0],"8":[0,0],"9":[0,0,0,0],"10":[0,0],"11":[0,0],"12":[0,0],"13":[0,0],"14":[0,0],"15":[0,3],"16":[0,3],"17":[3,0],"18":[0,3],"19":[3,0],"20":[0,3],"21":[3,0],"22":[0,3],"23":[3,0],"24":[0,3],"25":[3,0],"26":[0,3],"27":[0,3],"28":[0,3],"29":[0,3],"30":[3,0,0]},"_coverageSchema":"1a1c01bbd47fc00a2c39e90264f33305004495a9","hash":"efda81685b801a6c1a0e0d8810e0c94c70481dad"}
,"/Users/minam.cho/workspaces/study/sister-hair-salon-reservation/salon-reservation-client/src/components/ReservationTable.tsx": {"path":"/Users/minam.cho/workspaces/study/sister-hair-salon-reservation/salon-reservation-client/src/components/ReservationTable.tsx","statementMap":{"0":{"start":{"line":10,"column":58},"end":{"line":123,"column":1}},"1":{"start":{"line":15,"column":2},"end":{"line":122,"column":4}},"2":{"start":{"line":38,"column":18},"end":{"line":62,"column":23}},"3":{"start":{"line":47,"column":41},"end":{"line":47,"column":67}},"4":{"start":{"line":54,"column":41},"end":{"line":54,"column":56}},"5":{"start":{"line":71,"column":14},"end":{"line":116,"column":20}},"6":{"start":{"line":79,"column":37},"end":{"line":79,"column":63}},"7":{"start":{"line":88,"column":37},"end":{"line":88,"column":52}}},"fnMap":{"0":{"name":"(anonymous_0)","decl":{"start":{"line":10,"column":58},"end":{"line":10,"column":59}},"loc":{"start":{"line":14,"column":6},"end":{"line":123,"column":1}},"line":14},"1":{"name":"(anonymous_1)","decl":{"start":{"line":37,"column":34},"end":{"line":37,"column":35}},"loc":{"start":{"line":38,"column":18},"end":{"line":62,"column":23}},"line":38},"2":{"name":"(anonymous_2)","decl":{"start":{"line":47,"column":35},"end":{"line":47,"column":36}},"loc":{"start":{"line":47,"column":41},"end":{"line":47,"column":67}},"line":47},"3":{"name":"(anonymous_3)","decl":{"start":{"line":54,"column":35},"end":{"line":54,"column":36}},"loc":{"start":{"line":54,"column":41},"end":{"line":54,"column":56}},"line":54},"4":{"name":"(anonymous_4)","decl":{"start":{"line":70,"column":30},"end":{"line":70,"column":31}},"loc":{"start":{"line":71,"column":14},"end":{"line":116,"column":20}},"line":71},"5":{"name":"(anonymous_5)","decl":{"start":{"line":79,"column":31},"end":{"line":79,"column":32}},"loc":{"start":{"line":79,"column":37},"end":{"line":79,"column":63}},"line":79},"6":{"name":"(anonymous_6)","decl":{"start":{"line":88,"column":31},"end":{"line":88,"column":32}},"loc":{"start":{"line":88,"column":37},"end":{"line":88,"column":52}},"line":88}},"branchMap":{"0":{"loc":{"start":{"line":19,"column":7},"end":{"line":120,"column":7}},"type":"cond-expr","locations":[{"start":{"line":20,"column":8},"end":{"line":20,"column":67}},{"start":{"line":22,"column":8},"end":{"line":119,"column":11}}],"line":19},"1":{"loc":{"start":{"line":38,"column":27},"end":{"line":38,"column":51}},"type":"binary-expr","locations":[{"start":{"line":38,"column":27},"end":{"line":38,"column":42}},{"start":{"line":38,"column":46},"end":{"line":38,"column":51}}],"line":38},"2":{"loc":{"start":{"line":72,"column":21},"end":{"line":72,"column":45}},"type":"binary-expr","locations":[{"start":{"line":72,"column":21},"end":{"line":72,"column":36}},{"start":{"line":72,"column":40},"end":{"line":72,"column":45}}],"line":72}},"s":{"0":1,"1":3,"2":2,"3":0,"4":0,"5":2,"6":0,"7":0},"f":{"0":3,"1":2,"2":0,"3":0,"4":2,"5":0,"6":0},"b":{"0":[1,2],"1":[2,0],"2":[2,0]},"_coverageSchema":"1a1c01bbd47fc00a2c39e90264f33305004495a9","hash":"82276004e314b9ec200a9ea16a3e511a0dc853df"}
,"/Users/minam.cho/workspaces/study/sister-hair-salon-reservation/salon-reservation-client/src/mocks/handlers.js": {"path":"/Users/minam.cho/workspaces/study/sister-hair-salon-reservation/salon-reservation-client/src/mocks/handlers.js","statementMap":{"0":{"start":{"line":3,"column":24},"end":{"line":60,"column":1}},"1":{"start":{"line":6,"column":4},"end":{"line":25,"column":8}},"2":{"start":{"line":30,"column":4},"end":{"line":34,"column":8}},"3":{"start":{"line":39,"column":4},"end":{"line":43,"column":8}},"4":{"start":{"line":48,"column":4},"end":{"line":51,"column":8}},"5":{"start":{"line":56,"column":4},"end":{"line":58,"column":8}}},"fnMap":{"0":{"name":"(anonymous_0)","decl":{"start":{"line":5,"column":32},"end":{"line":5,"column":33}},"loc":{"start":{"line":5,"column":51},"end":{"line":26,"column":3}},"line":5},"1":{"name":"(anonymous_1)","decl":{"start":{"line":29,"column":33},"end":{"line":29,"column":34}},"loc":{"start":{"line":29,"column":52},"end":{"line":35,"column":3}},"line":29},"2":{"name":"(anonymous_2)","decl":{"start":{"line":38,"column":36},"end":{"line":38,"column":37}},"loc":{"start":{"line":38,"column":55},"end":{"line":44,"column":3}},"line":38},"3":{"name":"(anonymous_3)","decl":{"start":{"line":47,"column":39},"end":{"line":47,"column":40}},"loc":{"start":{"line":47,"column":58},"end":{"line":52,"column":3}},"line":47},"4":{"name":"(anonymous_4)","decl":{"start":{"line":55,"column":39},"end":{"line":55,"column":40}},"loc":{"start":{"line":55,"column":58},"end":{"line":59,"column":3}},"line":55}},"branchMap":{},"s":{"0":0,"1":0,"2":0,"3":0,"4":0,"5":0},"f":{"0":0,"1":0,"2":0,"3":0,"4":0},"b":{}}
,"/Users/minam.cho/workspaces/study/sister-hair-salon-reservation/salon-reservation-client/src/mocks/server.js": {"path":"/Users/minam.cho/workspaces/study/sister-hair-salon-reservation/salon-reservation-client/src/mocks/server.js","statementMap":{"0":{"start":{"line":4,"column":22},"end":{"line":4,"column":46}}},"fnMap":{},"branchMap":{},"s":{"0":0},"f":{},"b":{}}
}
