TN:
SF:src/App.tsx
FN:8,App
FNF:1
FNH:0
FNDA:0,App
DA:9,0
LF:1
LH:0
BRF:0
BRH:0
end_of_record
TN:
SF:src/AppContent.tsx
FN:21,AppContent
FN:32,(anonymous_1)
FN:39,(anonymous_2)
FN:42,(anonymous_3)
FN:45,(anonymous_4)
FN:48,(anonymous_5)
FN:49,(anonymous_6)
FN:49,(anonymous_7)
FN:56,(anonymous_8)
FN:57,(anonymous_9)
FN:57,(anonymous_10)
FN:61,(anonymous_11)
FN:66,(anonymous_12)
FN:71,(anonymous_13)
FN:74,(anonymous_14)
FN:77,(anonymous_15)
FN:87,(anonymous_16)
FN:91,(anonymous_17)
FN:92,(anonymous_18)
FN:102,(anonymous_19)
FN:135,(anonymous_20)
FN:136,(anonymous_21)
FN:150,(anonymous_22)
FN:151,(anonymous_23)
FN:155,(anonymous_24)
FN:158,(anonymous_25)
FN:210,(anonymous_26)
FN:215,(anonymous_27)
FN:220,(anonymous_28)
FN:247,(anonymous_29)
FN:288,(anonymous_30)
FN:290,(anonymous_31)
FN:295,(anonymous_32)
FN:297,(anonymous_33)
FN:321,(anonymous_34)
FN:331,(anonymous_35)
FN:341,(anonymous_36)
FN:351,(anonymous_37)
FN:361,(anonymous_38)
FN:453,(anonymous_39)
FN:478,(anonymous_40)
FNF:41
FNH:0
FNDA:0,AppContent
FNDA:0,(anonymous_1)
FNDA:0,(anonymous_2)
FNDA:0,(anonymous_3)
FNDA:0,(anonymous_4)
FNDA:0,(anonymous_5)
FNDA:0,(anonymous_6)
FNDA:0,(anonymous_7)
FNDA:0,(anonymous_8)
FNDA:0,(anonymous_9)
FNDA:0,(anonymous_10)
FNDA:0,(anonymous_11)
FNDA:0,(anonymous_12)
FNDA:0,(anonymous_13)
FNDA:0,(anonymous_14)
FNDA:0,(anonymous_15)
FNDA:0,(anonymous_16)
FNDA:0,(anonymous_17)
FNDA:0,(anonymous_18)
FNDA:0,(anonymous_19)
FNDA:0,(anonymous_20)
FNDA:0,(anonymous_21)
FNDA:0,(anonymous_22)
FNDA:0,(anonymous_23)
FNDA:0,(anonymous_24)
FNDA:0,(anonymous_25)
FNDA:0,(anonymous_26)
FNDA:0,(anonymous_27)
FNDA:0,(anonymous_28)
FNDA:0,(anonymous_29)
FNDA:0,(anonymous_30)
FNDA:0,(anonymous_31)
FNDA:0,(anonymous_32)
FNDA:0,(anonymous_33)
FNDA:0,(anonymous_34)
FNDA:0,(anonymous_35)
FNDA:0,(anonymous_36)
FNDA:0,(anonymous_37)
FNDA:0,(anonymous_38)
FNDA:0,(anonymous_39)
FNDA:0,(anonymous_40)
DA:22,0
DA:23,0
DA:24,0
DA:25,0
DA:26,0
DA:27,0
DA:28,0
DA:29,0
DA:30,0
DA:31,0
DA:32,0
DA:34,0
DA:35,0
DA:39,0
DA:42,0
DA:43,0
DA:44,0
DA:45,0
DA:48,0
DA:49,0
DA:54,0
DA:56,0
DA:57,0
DA:61,0
DA:62,0
DA:66,0
DA:67,0
DA:71,0
DA:74,0
DA:77,0
DA:78,0
DA:79,0
DA:80,0
DA:82,0
DA:87,0
DA:88,0
DA:89,0
DA:90,0
DA:91,0
DA:92,0
DA:93,0
DA:95,0
DA:97,0
DA:102,0
DA:104,0
DA:105,0
DA:108,0
DA:109,0
DA:113,0
DA:116,0
DA:117,0
DA:119,0
DA:120,0
DA:121,0
DA:122,0
DA:123,0
DA:125,0
DA:128,0
DA:129,0
DA:135,0
DA:136,0
DA:137,0
DA:138,0
DA:139,0
DA:140,0
DA:141,0
DA:143,0
DA:146,0
DA:150,0
DA:151,0
DA:152,0
DA:155,0
DA:158,0
DA:159,0
DA:160,0
DA:162,0
DA:163,0
DA:164,0
DA:165,0
DA:167,0
DA:168,0
DA:171,0
DA:172,0
DA:174,0
DA:175,0
DA:178,0
DA:180,0
DA:182,0
DA:183,0
DA:185,0
DA:186,0
DA:187,0
DA:188,0
DA:189,0
DA:190,0
DA:191,0
DA:192,0
DA:193,0
DA:194,0
DA:195,0
DA:196,0
DA:198,0
DA:200,0
DA:202,0
DA:205,0
DA:210,0
DA:211,0
DA:212,0
DA:215,0
DA:216,0
DA:217,0
DA:220,0
DA:221,0
DA:222,0
DA:223,0
DA:224,0
DA:225,0
DA:227,0
DA:228,0
DA:230,0
DA:231,0
DA:232,0
DA:233,0
DA:234,0
DA:235,0
DA:236,0
DA:238,0
DA:239,0
DA:241,0
DA:247,0
DA:248,0
DA:249,0
DA:250,0
DA:251,0
DA:252,0
DA:254,0
DA:256,0
DA:259,0
DA:260,0
DA:262,0
DA:264,0
DA:265,0
DA:266,0
DA:268,0
DA:269,0
DA:270,0
DA:271,0
DA:272,0
DA:273,0
DA:274,0
DA:275,0
DA:277,0
DA:280,0
DA:283,0
DA:288,0
DA:290,0
DA:291,0
DA:295,0
DA:297,0
DA:298,0
DA:301,0
DA:302,0
DA:314,0
DA:321,0
DA:331,0
DA:341,0
DA:351,0
DA:361,0
DA:454,0
DA:478,0
LF:170
LH:0
BRDA:42,0,0,0
BRDA:102,1,0,0
BRDA:104,2,0,0
BRDA:104,2,1,0
BRDA:109,3,0,0
BRDA:109,3,1,0
BRDA:120,4,0,0
BRDA:120,4,1,0
BRDA:122,5,0,0
BRDA:122,5,1,0
BRDA:128,6,0,0
BRDA:128,6,1,0
BRDA:160,7,0,0
BRDA:160,7,1,0
BRDA:160,8,0,0
BRDA:160,8,1,0
BRDA:180,9,0,0
BRDA:180,9,1,0
BRDA:183,10,0,0
BRDA:183,10,1,0
BRDA:185,11,0,0
BRDA:185,11,1,0
BRDA:187,12,0,0
BRDA:187,12,1,0
BRDA:189,13,0,0
BRDA:189,13,1,0
BRDA:191,14,0,0
BRDA:191,14,1,0
BRDA:193,15,0,0
BRDA:193,15,1,0
BRDA:195,16,0,0
BRDA:195,16,1,0
BRDA:200,17,0,0
BRDA:200,17,1,0
BRDA:222,18,0,0
BRDA:222,18,1,0
BRDA:231,19,0,0
BRDA:231,19,1,0
BRDA:233,20,0,0
BRDA:233,20,1,0
BRDA:235,21,0,0
BRDA:235,21,1,0
BRDA:251,22,0,0
BRDA:251,22,1,0
BRDA:252,23,0,0
BRDA:252,23,1,0
BRDA:256,24,0,0
BRDA:256,24,1,0
BRDA:264,25,0,0
BRDA:264,25,1,0
BRDA:266,26,0,0
BRDA:266,26,1,0
BRDA:268,27,0,0
BRDA:268,27,1,0
BRDA:270,28,0,0
BRDA:270,28,1,0
BRDA:272,29,0,0
BRDA:272,29,1,0
BRDA:274,30,0,0
BRDA:274,30,1,0
BRDA:301,31,0,0
BRDA:301,31,1,0
BRDA:323,32,0,0
BRDA:323,32,1,0
BRDA:333,33,0,0
BRDA:333,33,1,0
BRDA:343,34,0,0
BRDA:343,34,1,0
BRDA:353,35,0,0
BRDA:353,35,1,0
BRDA:363,36,0,0
BRDA:363,36,1,0
BRDA:375,37,0,0
BRDA:375,37,1,0
BRDA:399,38,0,0
BRDA:399,38,1,0
BRDA:429,39,0,0
BRDA:429,39,1,0
BRDA:435,40,0,0
BRDA:435,40,1,0
BRDA:441,41,0,0
BRDA:441,41,1,0
BRDA:447,42,0,0
BRDA:447,42,1,0
BRDA:457,43,0,0
BRDA:457,43,1,0
BRDA:458,44,0,0
BRDA:458,44,1,0
BRDA:459,45,0,0
BRDA:459,45,1,0
BRDA:466,46,0,0
BRDA:466,46,1,0
BRDA:467,47,0,0
BRDA:467,47,1,0
BRDA:468,48,0,0
BRDA:468,48,1,0
BRDA:471,49,0,0
BRDA:471,49,1,0
BRDA:472,50,0,0
BRDA:472,50,1,0
BRDA:473,51,0,0
BRDA:473,51,1,0
BRDA:474,52,0,0
BRDA:474,52,1,0
BRF:104
BRH:0
end_of_record
TN:
SF:src/AppRouter.tsx
FN:9,(anonymous_0)
FNF:1
FNH:0
FNDA:0,(anonymous_0)
DA:9,0
DA:10,0
LF:2
LH:0
BRF:0
BRH:0
end_of_record
TN:
SF:src/index.tsx
FN:10,(anonymous_0)
FN:17,(anonymous_1)
FN:22,(anonymous_2)
FN:23,(anonymous_3)
FNF:4
FNH:0
FNDA:0,(anonymous_0)
FNDA:0,(anonymous_1)
FNDA:0,(anonymous_2)
FNDA:0,(anonymous_3)
DA:9,0
DA:11,0
DA:12,0
DA:13,0
DA:15,0
DA:17,0
DA:21,0
DA:22,0
DA:24,0
DA:25,0
DA:26,0
DA:27,0
DA:29,0
DA:33,0
DA:36,0
DA:45,0
LF:16
LH:0
BRDA:12,0,0,0
BRDA:12,0,1,0
BRDA:24,1,0,0
BRDA:24,1,1,0
BRF:4
BRH:0
end_of_record
TN:
SF:src/reportWebVitals.ts
FN:3,(anonymous_0)
FN:5,(anonymous_1)
FNF:2
FNH:0
FNDA:0,(anonymous_0)
FNDA:0,(anonymous_1)
DA:3,0
DA:4,0
DA:5,0
DA:6,0
DA:7,0
DA:8,0
DA:9,0
DA:10,0
LF:8
LH:0
BRDA:4,0,0,0
BRDA:4,0,1,0
BRDA:4,1,0,0
BRDA:4,1,1,0
BRF:4
BRH:0
end_of_record
TN:
SF:src/components/AdminRegister.tsx
FN:8,(anonymous_0)
FN:19,(anonymous_1)
FN:33,(anonymous_2)
FN:64,(anonymous_3)
FNF:4
FNH:0
FNDA:0,(anonymous_0)
FNDA:0,(anonymous_1)
FNDA:0,(anonymous_2)
FNDA:0,(anonymous_3)
DA:8,0
DA:9,0
DA:14,0
DA:15,0
DA:17,0
DA:19,0
DA:20,0
DA:25,0
DA:26,0
DA:33,0
DA:34,0
DA:36,0
DA:37,0
DA:38,0
DA:39,0
DA:42,0
DA:43,0
DA:44,0
DA:45,0
DA:48,0
DA:49,0
DA:50,0
DA:54,0
DA:55,0
DA:56,0
DA:57,0
DA:60,0
DA:61,0
DA:64,0
DA:65,0
DA:67,0
DA:69,0
DA:70,0
DA:71,0
DA:72,0
DA:73,0
DA:75,0
DA:78,0
DA:80,0
DA:84,0
LF:40
LH:0
BRDA:25,0,0,0
BRDA:25,0,1,0
BRDA:36,1,0,0
BRDA:36,1,1,0
BRDA:38,2,0,0
BRDA:38,2,1,0
BRDA:42,3,0,0
BRDA:42,3,1,0
BRDA:44,4,0,0
BRDA:44,4,1,0
BRDA:49,5,0,0
BRDA:49,5,1,0
BRDA:54,6,0,0
BRDA:54,6,1,0
BRDA:56,7,0,0
BRDA:56,7,1,0
BRDA:67,8,0,0
BRDA:67,8,1,0
BRDA:72,9,0,0
BRDA:72,9,1,0
BRDA:75,10,0,0
BRDA:75,10,1,0
BRDA:107,11,0,0
BRDA:107,11,1,0
BRDA:114,12,0,0
BRDA:114,12,1,0
BRDA:129,13,0,0
BRDA:129,13,1,0
BRDA:136,14,0,0
BRDA:136,14,1,0
BRDA:151,15,0,0
BRDA:151,15,1,0
BRDA:158,16,0,0
BRDA:158,16,1,0
BRDA:164,17,0,0
BRDA:164,17,1,0
BRDA:182,18,0,0
BRDA:182,18,1,0
BRF:38
BRH:0
end_of_record
TN:
SF:src/components/AppLayout.tsx
FN:5,(anonymous_0)
FNF:1
FNH:0
FNDA:0,(anonymous_0)
DA:5,0
DA:6,0
LF:2
LH:0
BRF:0
BRH:0
end_of_record
TN:
SF:src/components/AppWrapper.tsx
FN:11,(anonymous_0)
FN:16,(anonymous_1)
FN:17,(anonymous_2)
FN:34,(anonymous_3)
FNF:4
FNH:0
FNDA:0,(anonymous_0)
FNDA:0,(anonymous_1)
FNDA:0,(anonymous_2)
FNDA:0,(anonymous_3)
DA:11,0
DA:12,0
DA:13,0
DA:14,0
DA:16,0
DA:17,0
DA:18,0
DA:19,0
DA:20,0
DA:22,0
DA:23,0
DA:25,0
DA:29,0
DA:30,0
DA:34,0
DA:35,0
DA:38,0
DA:39,0
DA:53,0
DA:54,0
DA:58,0
LF:21
LH:0
BRDA:29,0,0,0
BRDA:29,0,1,0
BRDA:38,1,0,0
BRDA:38,1,1,0
BRDA:38,2,0,0
BRDA:38,2,1,0
BRDA:53,3,0,0
BRDA:53,3,1,0
BRF:8
BRH:0
end_of_record
TN:
SF:src/components/AppointmentForm.tsx
FN:56,(anonymous_0)
FN:58,(anonymous_1)
FN:101,(anonymous_2)
FN:102,(anonymous_3)
FN:108,(anonymous_4)
FN:120,(anonymous_5)
FN:121,(anonymous_6)
FN:138,(anonymous_7)
FN:147,(anonymous_8)
FN:155,(anonymous_9)
FN:160,(anonymous_10)
FN:174,(anonymous_11)
FN:215,(anonymous_12)
FN:223,(anonymous_13)
FN:227,(anonymous_14)
FN:230,(anonymous_15)
FN:261,(anonymous_16)
FN:275,(anonymous_17)
FN:290,(anonymous_18)
FN:294,(anonymous_19)
FN:301,(anonymous_20)
FN:308,(anonymous_21)
FN:310,(anonymous_22)
FN:317,(anonymous_23)
FN:325,(anonymous_24)
FN:338,(anonymous_25)
FN:352,(anonymous_26)
FN:392,(anonymous_27)
FN:392,(anonymous_28)
FN:393,(anonymous_29)
FN:395,(anonymous_30)
FN:401,(anonymous_31)
FN:406,(anonymous_32)
FN:412,(anonymous_33)
FN:447,(anonymous_34)
FN:459,(anonymous_35)
FN:461,(anonymous_36)
FN:465,(anonymous_37)
FN:485,(anonymous_38)
FN:522,(anonymous_39)
FN:532,(anonymous_40)
FN:555,(anonymous_41)
FN:568,(anonymous_42)
FN:593,(anonymous_43)
FN:642,(anonymous_44)
FNF:45
FNH:10
FNDA:9,(anonymous_0)
FNDA:5,(anonymous_1)
FNDA:5,(anonymous_2)
FNDA:5,(anonymous_3)
FNDA:0,(anonymous_4)
FNDA:5,(anonymous_5)
FNDA:5,(anonymous_6)
FNDA:6,(anonymous_7)
FNDA:5,(anonymous_8)
FNDA:5,(anonymous_9)
FNDA:0,(anonymous_10)
FNDA:0,(anonymous_11)
FNDA:5,(anonymous_12)
FNDA:0,(anonymous_13)
FNDA:0,(anonymous_14)
FNDA:0,(anonymous_15)
FNDA:0,(anonymous_16)
FNDA:0,(anonymous_17)
FNDA:0,(anonymous_18)
FNDA:0,(anonymous_19)
FNDA:0,(anonymous_20)
FNDA:0,(anonymous_21)
FNDA:0,(anonymous_22)
FNDA:0,(anonymous_23)
FNDA:0,(anonymous_24)
FNDA:0,(anonymous_25)
FNDA:0,(anonymous_26)
FNDA:0,(anonymous_27)
FNDA:0,(anonymous_28)
FNDA:0,(anonymous_29)
FNDA:0,(anonymous_30)
FNDA:0,(anonymous_31)
FNDA:0,(anonymous_32)
FNDA:0,(anonymous_33)
FNDA:0,(anonymous_34)
FNDA:0,(anonymous_35)
FNDA:0,(anonymous_36)
FNDA:0,(anonymous_37)
FNDA:0,(anonymous_38)
FNDA:0,(anonymous_39)
FNDA:0,(anonymous_40)
FNDA:0,(anonymous_41)
FNDA:0,(anonymous_42)
FNDA:0,(anonymous_43)
FNDA:0,(anonymous_44)
DA:56,1
DA:58,9
DA:68,9
DA:70,9
DA:71,9
DA:72,9
DA:73,9
DA:76,9
DA:77,9
DA:78,9
DA:79,9
DA:80,9
DA:81,9
DA:84,9
DA:90,9
DA:91,9
DA:94,9
DA:95,9
DA:96,9
DA:97,9
DA:98,9
DA:101,9
DA:102,5
DA:103,5
DA:104,5
DA:105,5
DA:108,5
DA:110,5
DA:112,5
DA:116,5
DA:120,9
DA:121,5
DA:122,5
DA:123,5
DA:124,1
DA:125,1
DA:126,1
DA:128,0
DA:130,1
DA:134,5
DA:138,9
DA:139,6
DA:141,1
DA:142,1
DA:143,1
DA:147,9
DA:148,5
DA:149,0
DA:155,9
DA:157,5
DA:158,0
DA:160,0
DA:162,0
DA:163,0
DA:168,0
DA:174,9
DA:175,0
DA:176,0
DA:177,0
DA:178,0
DA:181,0
DA:182,0
DA:183,0
DA:184,0
DA:185,0
DA:186,0
DA:189,0
DA:201,0
DA:202,0
DA:203,0
DA:206,0
DA:207,0
DA:208,0
DA:210,0
DA:215,9
DA:217,5
DA:218,5
DA:219,5
DA:220,5
DA:223,0
DA:224,0
DA:227,0
DA:230,9
DA:231,0
DA:234,0
DA:235,0
DA:236,0
DA:237,0
DA:241,0
DA:242,0
DA:244,0
DA:245,0
DA:246,0
DA:248,0
DA:249,0
DA:254,0
DA:255,0
DA:259,0
DA:260,0
DA:261,0
DA:262,0
DA:266,0
DA:267,0
DA:270,0
DA:271,0
DA:275,9
DA:277,0
DA:280,0
DA:281,0
DA:282,0
DA:283,0
DA:284,0
DA:285,0
DA:287,0
DA:290,9
DA:291,0
DA:292,0
DA:294,0
DA:300,0
DA:301,0
DA:308,9
DA:309,0
DA:310,0
DA:316,0
DA:317,0
DA:325,9
DA:326,0
DA:327,0
DA:328,0
DA:332,0
DA:333,0
DA:334,0
DA:338,9
DA:339,0
DA:341,0
DA:342,0
DA:347,0
DA:348,0
DA:349,0
DA:351,0
DA:352,0
DA:360,0
DA:361,0
DA:362,0
DA:365,0
DA:367,0
DA:371,9
DA:392,0
DA:394,0
DA:395,0
DA:401,0
DA:405,0
DA:406,0
DA:413,0
DA:414,0
DA:415,0
DA:416,0
DA:417,0
DA:421,0
DA:422,0
DA:423,0
DA:447,0
DA:459,0
DA:462,0
DA:463,0
DA:464,0
DA:465,0
DA:485,0
DA:522,0
DA:533,0
DA:555,0
DA:569,0
DA:593,0
DA:642,1
DA:644,0
DA:645,0
DA:649,0
DA:651,0
DA:652,0
DA:657,0
DA:658,0
DA:662,0
DA:663,0
DA:666,0
LF:184
LH:62
BRDA:61,0,0,5
BRDA:61,0,1,0
BRDA:139,1,0,5
BRDA:139,1,1,1
BRDA:139,2,0,6
BRDA:139,2,1,1
BRDA:148,3,0,0
BRDA:148,3,1,5
BRDA:157,4,0,0
BRDA:157,4,1,5
BRDA:157,5,0,5
BRDA:157,5,1,5
BRDA:162,6,0,0
BRDA:162,6,1,0
BRDA:175,7,0,0
BRDA:175,7,1,0
BRDA:175,8,0,0
BRDA:175,8,1,0
BRDA:175,8,2,0
BRDA:184,9,0,0
BRDA:184,9,1,0
BRDA:193,10,0,0
BRDA:193,10,1,0
BRDA:217,11,0,5
BRDA:217,11,1,0
BRDA:217,12,0,5
BRDA:217,12,1,0
BRDA:234,13,0,0
BRDA:234,13,1,0
BRDA:236,14,0,0
BRDA:236,14,1,0
BRDA:241,15,0,0
BRDA:241,15,1,0
BRDA:248,16,0,0
BRDA:248,16,1,0
BRDA:254,17,0,0
BRDA:254,17,1,0
BRDA:259,18,0,0
BRDA:259,18,1,0
BRDA:261,19,0,0
BRDA:261,19,1,0
BRDA:266,20,0,0
BRDA:266,20,1,0
BRDA:280,21,0,0
BRDA:280,21,1,0
BRDA:282,22,0,0
BRDA:282,22,1,0
BRDA:284,23,0,0
BRDA:284,23,1,0
BRDA:300,24,0,0
BRDA:300,24,1,0
BRDA:316,25,0,0
BRDA:316,25,1,0
BRDA:326,26,0,0
BRDA:326,26,1,0
BRDA:326,27,0,0
BRDA:326,27,1,0
BRDA:332,28,0,0
BRDA:332,28,1,0
BRDA:332,29,0,0
BRDA:332,29,1,0
BRDA:341,30,0,0
BRDA:341,30,1,0
BRDA:351,31,0,0
BRDA:351,31,1,0
BRDA:374,32,0,0
BRDA:374,32,1,9
BRDA:394,33,0,0
BRDA:394,33,1,0
BRDA:405,34,0,0
BRDA:405,34,1,0
BRDA:413,35,0,0
BRDA:413,35,1,0
BRDA:413,36,0,0
BRDA:413,36,1,0
BRDA:414,37,0,0
BRDA:414,37,1,0
BRDA:415,38,0,0
BRDA:415,38,1,0
BRDA:421,39,0,0
BRDA:421,39,1,0
BRDA:421,40,0,0
BRDA:421,40,1,0
BRDA:439,41,0,0
BRDA:439,41,1,9
BRDA:449,42,0,0
BRDA:449,42,1,0
BRDA:462,43,0,0
BRDA:462,43,1,0
BRDA:462,44,0,0
BRDA:462,44,1,0
BRDA:469,45,0,9
BRDA:469,45,1,0
BRDA:489,46,0,0
BRDA:489,46,1,9
BRDA:492,47,0,9
BRDA:492,47,1,0
BRDA:502,48,0,7
BRDA:502,48,1,2
BRDA:507,49,0,2
BRDA:507,49,1,0
BRDA:511,50,0,0
BRDA:511,50,1,0
BRDA:524,51,0,0
BRDA:524,51,1,0
BRDA:539,52,0,9
BRDA:539,52,1,0
BRDA:558,53,0,0
BRDA:558,53,1,9
BRDA:561,54,0,5
BRDA:561,54,1,4
BRDA:566,55,0,5
BRDA:566,55,1,4
BRDA:570,56,0,0
BRDA:570,56,1,0
BRDA:574,57,0,9
BRDA:574,57,1,0
BRDA:577,58,0,9
BRDA:577,58,1,9
BRDA:577,58,2,4
BRDA:595,59,0,0
BRDA:595,59,1,9
BRDA:608,60,0,9
BRDA:608,60,1,0
BRDA:615,61,0,0
BRDA:615,61,1,9
BRDA:620,62,0,0
BRDA:620,62,1,9
BRDA:623,63,0,0
BRDA:623,63,1,9
BRDA:623,64,0,0
BRDA:623,64,1,9
BRDA:626,65,0,9
BRDA:626,65,1,0
BRDA:626,65,2,0
BRDA:644,66,0,0
BRDA:644,66,1,0
BRDA:649,67,0,0
BRDA:649,67,1,0
BRDA:649,68,0,0
BRDA:649,68,1,0
BRDA:651,69,0,0
BRDA:651,69,1,0
BRDA:657,70,0,0
BRDA:657,70,1,0
BRDA:657,71,0,0
BRDA:657,71,1,0
BRDA:662,72,0,0
BRDA:662,72,1,0
BRF:149
BRH:36
end_of_record
TN:
SF:src/components/BusinessHours.tsx
FN:31,(anonymous_0)
FN:41,(anonymous_1)
FN:45,(anonymous_2)
FN:68,(anonymous_3)
FN:73,(anonymous_4)
FN:81,(anonymous_5)
FN:103,(anonymous_6)
FN:112,(anonymous_7)
FN:119,(anonymous_8)
FN:127,(anonymous_9)
FN:127,(anonymous_10)
FN:150,(anonymous_11)
FN:165,(anonymous_12)
FN:170,(anonymous_13)
FN:211,(anonymous_14)
FN:212,(anonymous_15)
FN:230,(anonymous_16)
FN:257,(anonymous_17)
FN:267,(anonymous_18)
FN:277,(anonymous_19)
FN:285,(anonymous_20)
FN:303,(anonymous_21)
FN:310,(anonymous_22)
FN:328,(anonymous_23)
FN:328,(anonymous_24)
FN:339,(anonymous_25)
FN:339,(anonymous_26)
FN:351,(anonymous_27)
FN:351,(anonymous_28)
FN:374,(anonymous_29)
FN:387,(anonymous_30)
FN:406,(anonymous_31)
FN:417,(anonymous_32)
FN:448,(anonymous_33)
FN:466,(anonymous_34)
FN:482,(anonymous_35)
FN:482,(anonymous_36)
FN:493,(anonymous_37)
FN:493,(anonymous_38)
FN:507,(anonymous_39)
FN:507,(anonymous_40)
FN:517,(anonymous_41)
FN:517,(anonymous_42)
FN:527,(anonymous_43)
FN:527,(anonymous_44)
FN:537,(anonymous_45)
FN:537,(anonymous_46)
FN:561,(anonymous_47)
FN:580,(anonymous_48)
FNF:49
FNH:0
FNDA:0,(anonymous_0)
FNDA:0,(anonymous_1)
FNDA:0,(anonymous_2)
FNDA:0,(anonymous_3)
FNDA:0,(anonymous_4)
FNDA:0,(anonymous_5)
FNDA:0,(anonymous_6)
FNDA:0,(anonymous_7)
FNDA:0,(anonymous_8)
FNDA:0,(anonymous_9)
FNDA:0,(anonymous_10)
FNDA:0,(anonymous_11)
FNDA:0,(anonymous_12)
FNDA:0,(anonymous_13)
FNDA:0,(anonymous_14)
FNDA:0,(anonymous_15)
FNDA:0,(anonymous_16)
FNDA:0,(anonymous_17)
FNDA:0,(anonymous_18)
FNDA:0,(anonymous_19)
FNDA:0,(anonymous_20)
FNDA:0,(anonymous_21)
FNDA:0,(anonymous_22)
FNDA:0,(anonymous_23)
FNDA:0,(anonymous_24)
FNDA:0,(anonymous_25)
FNDA:0,(anonymous_26)
FNDA:0,(anonymous_27)
FNDA:0,(anonymous_28)
FNDA:0,(anonymous_29)
FNDA:0,(anonymous_30)
FNDA:0,(anonymous_31)
FNDA:0,(anonymous_32)
FNDA:0,(anonymous_33)
FNDA:0,(anonymous_34)
FNDA:0,(anonymous_35)
FNDA:0,(anonymous_36)
FNDA:0,(anonymous_37)
FNDA:0,(anonymous_38)
FNDA:0,(anonymous_39)
FNDA:0,(anonymous_40)
FNDA:0,(anonymous_41)
FNDA:0,(anonymous_42)
FNDA:0,(anonymous_43)
FNDA:0,(anonymous_44)
FNDA:0,(anonymous_45)
FNDA:0,(anonymous_46)
FNDA:0,(anonymous_47)
FNDA:0,(anonymous_48)
DA:31,0
DA:32,0
DA:33,0
DA:34,0
DA:35,0
DA:36,0
DA:38,0
DA:41,0
DA:42,0
DA:45,0
DA:46,0
DA:47,0
DA:48,0
DA:49,0
DA:51,0
DA:57,0
DA:58,0
DA:59,0
DA:61,0
DA:62,0
DA:64,0
DA:68,0
DA:69,0
DA:70,0
DA:73,0
DA:74,0
DA:75,0
DA:77,0
DA:81,0
DA:89,0
DA:96,0
DA:98,0
DA:99,0
DA:103,0
DA:104,0
DA:105,0
DA:106,0
DA:112,0
DA:114,0
DA:115,0
DA:119,0
DA:120,0
DA:121,0
DA:122,0
DA:127,0
DA:129,0
DA:130,0
DA:134,0
DA:135,0
DA:144,0
DA:150,0
DA:166,0
DA:170,0
DA:211,0
DA:212,0
DA:213,0
DA:215,0
DA:222,0
DA:230,0
DA:231,0
DA:234,0
DA:257,0
DA:267,0
DA:277,0
DA:285,0
DA:303,0
DA:304,0
DA:310,0
DA:311,0
DA:312,0
DA:313,0
DA:314,0
DA:318,0
DA:328,0
DA:339,0
DA:351,0
DA:375,0
DA:387,0
DA:406,0
DA:407,0
DA:408,0
DA:417,0
DA:418,0
DA:419,0
DA:420,0
DA:421,0
DA:433,0
DA:441,0
DA:442,0
DA:444,0
DA:448,0
DA:449,0
DA:450,0
DA:451,0
DA:455,0
DA:457,0
DA:461,0
DA:466,0
DA:482,0
DA:493,0
DA:507,0
DA:517,0
DA:527,0
DA:537,0
DA:562,0
DA:580,0
LF:106
LH:0
BRDA:74,0,0,0
BRDA:74,0,1,0
BRDA:82,1,0,0
BRDA:82,1,1,0
BRDA:83,2,0,0
BRDA:83,2,1,0
BRDA:134,3,0,0
BRDA:134,3,1,0
BRDA:146,4,0,0
BRDA:146,4,1,0
BRDA:213,5,0,0
BRDA:213,5,1,0
BRDA:231,6,0,0
BRDA:231,6,1,0
BRDA:250,7,0,0
BRDA:250,7,1,0
BRDA:256,8,0,0
BRDA:256,8,1,0
BRDA:266,9,0,0
BRDA:266,9,1,0
BRDA:276,10,0,0
BRDA:276,10,1,0
BRDA:284,11,0,0
BRDA:284,11,1,0
BRDA:312,12,0,0
BRDA:312,12,1,0
BRDA:312,13,0,0
BRDA:312,13,1,0
BRDA:371,14,0,0
BRDA:371,14,1,0
BRDA:382,15,0,0
BRDA:382,15,1,0
BRDA:387,16,0,0
BRDA:387,16,1,0
BRDA:425,17,0,0
BRDA:425,17,1,0
BRDA:426,18,0,0
BRDA:426,18,1,0
BRDA:427,19,0,0
BRDA:427,19,1,0
BRDA:428,20,0,0
BRDA:428,20,1,0
BRDA:469,21,0,0
BRDA:469,21,1,0
BRDA:474,22,0,0
BRDA:474,22,1,0
BRDA:500,23,0,0
BRDA:500,23,1,0
BRDA:558,24,0,0
BRDA:558,24,1,0
BRDA:568,25,0,0
BRDA:568,25,1,0
BRDA:572,26,0,0
BRDA:572,26,1,0
BRDA:572,27,0,0
BRDA:572,27,1,0
BRDA:573,28,0,0
BRDA:573,28,1,0
BRDA:573,28,2,0
BRDA:580,29,0,0
BRDA:580,29,1,0
BRF:61
BRH:0
end_of_record
TN:
SF:src/components/Calendar.tsx
FN:37,(anonymous_0)
FN:46,(anonymous_1)
FN:76,(anonymous_2)
FN:78,(anonymous_3)
FN:94,(anonymous_4)
FN:114,(anonymous_5)
FN:122,(anonymous_6)
FN:125,(anonymous_7)
FN:156,(anonymous_8)
FN:159,(anonymous_9)
FN:176,(anonymous_10)
FN:179,(anonymous_11)
FN:187,(anonymous_12)
FN:204,(anonymous_13)
FN:207,(anonymous_14)
FN:228,(anonymous_15)
FN:247,(anonymous_16)
FN:295,(anonymous_17)
FN:335,(anonymous_18)
FN:381,(anonymous_19)
FN:419,(anonymous_20)
FN:443,(anonymous_21)
FN:450,(anonymous_22)
FN:451,(anonymous_23)
FNF:24
FNH:0
FNDA:0,(anonymous_0)
FNDA:0,(anonymous_1)
FNDA:0,(anonymous_2)
FNDA:0,(anonymous_3)
FNDA:0,(anonymous_4)
FNDA:0,(anonymous_5)
FNDA:0,(anonymous_6)
FNDA:0,(anonymous_7)
FNDA:0,(anonymous_8)
FNDA:0,(anonymous_9)
FNDA:0,(anonymous_10)
FNDA:0,(anonymous_11)
FNDA:0,(anonymous_12)
FNDA:0,(anonymous_13)
FNDA:0,(anonymous_14)
FNDA:0,(anonymous_15)
FNDA:0,(anonymous_16)
FNDA:0,(anonymous_17)
FNDA:0,(anonymous_18)
FNDA:0,(anonymous_19)
FNDA:0,(anonymous_20)
FNDA:0,(anonymous_21)
FNDA:0,(anonymous_22)
FNDA:0,(anonymous_23)
DA:37,0
DA:46,0
DA:47,0
DA:48,0
DA:50,0
DA:53,0
DA:54,0
DA:55,0
DA:56,0
DA:57,0
DA:58,0
DA:59,0
DA:60,0
DA:63,0
DA:64,0
DA:65,0
DA:68,0
DA:76,0
DA:77,0
DA:80,0
DA:81,0
DA:84,0
DA:85,0
DA:86,0
DA:87,0
DA:88,0
DA:94,0
DA:96,0
DA:98,0
DA:99,0
DA:100,0
DA:101,0
DA:104,0
DA:105,0
DA:106,0
DA:109,0
DA:114,0
DA:115,0
DA:116,0
DA:118,0
DA:122,0
DA:123,0
DA:125,0
DA:126,0
DA:127,0
DA:128,0
DA:129,0
DA:132,0
DA:137,0
DA:142,0
DA:143,0
DA:144,0
DA:146,0
DA:148,0
DA:152,0
DA:156,0
DA:157,0
DA:159,0
DA:160,0
DA:161,0
DA:162,0
DA:163,0
DA:164,0
DA:166,0
DA:168,0
DA:172,0
DA:176,0
DA:177,0
DA:179,0
DA:180,0
DA:181,0
DA:182,0
DA:183,0
DA:186,0
DA:187,0
DA:188,0
DA:190,0
DA:192,0
DA:194,0
DA:196,0
DA:200,0
DA:204,0
DA:205,0
DA:207,0
DA:208,0
DA:209,0
DA:210,0
DA:211,0
DA:212,0
DA:213,0
DA:214,0
DA:217,0
DA:223,0
DA:224,0
DA:227,0
DA:228,0
DA:229,0
DA:231,0
DA:233,0
DA:235,0
DA:237,0
DA:241,0
DA:247,0
DA:248,0
DA:250,0
DA:251,0
DA:252,0
DA:253,0
DA:256,0
DA:257,0
DA:258,0
DA:259,0
DA:261,0
DA:291,0
DA:295,0
DA:296,0
DA:298,0
DA:299,0
DA:300,0
DA:301,0
DA:303,0
DA:304,0
DA:305,0
DA:306,0
DA:309,0
DA:310,0
DA:311,0
DA:312,0
DA:316,0
DA:317,0
DA:321,0
DA:322,0
DA:323,0
DA:327,0
DA:328,0
DA:333,0
DA:334,0
DA:335,0
DA:336,0
DA:337,0
DA:342,0
DA:343,0
DA:344,0
DA:345,0
DA:347,0
DA:348,0
DA:352,0
DA:354,0
DA:357,0
DA:358,0
DA:370,0
DA:381,0
DA:419,0
DA:443,0
DA:445,0
DA:446,0
DA:450,0
DA:451,0
DA:453,0
DA:454,0
DA:458,0
DA:459,0
DA:460,0
DA:461,0
DA:466,0
LF:165
LH:0
BRDA:41,0,0,0
BRDA:80,1,0,0
BRDA:80,1,1,0
BRDA:80,2,0,0
BRDA:80,2,1,0
BRDA:96,3,0,0
BRDA:96,3,1,0
BRDA:105,4,0,0
BRDA:105,4,1,0
BRDA:105,5,0,0
BRDA:105,5,1,0
BRDA:123,6,0,0
BRDA:123,6,1,0
BRDA:138,7,0,0
BRDA:138,7,1,0
BRDA:139,8,0,0
BRDA:139,8,1,0
BRDA:157,9,0,0
BRDA:157,9,1,0
BRDA:177,10,0,0
BRDA:177,10,1,0
BRDA:205,11,0,0
BRDA:205,11,1,0
BRDA:211,12,0,0
BRDA:211,12,1,0
BRDA:248,13,0,0
BRDA:248,13,1,0
BRDA:264,14,0,0
BRDA:264,14,1,0
BRDA:271,15,0,0
BRDA:271,15,1,0
BRDA:271,15,2,0
BRDA:276,16,0,0
BRDA:276,16,1,0
BRDA:278,17,0,0
BRDA:278,17,1,0
BRDA:283,18,0,0
BRDA:283,18,1,0
BRDA:283,18,2,0
BRDA:296,19,0,0
BRDA:296,19,1,0
BRDA:311,20,0,0
BRDA:311,20,1,0
BRDA:316,21,0,0
BRDA:316,21,1,0
BRDA:322,22,0,0
BRDA:322,22,1,0
BRDA:322,23,0,0
BRDA:322,23,1,0
BRDA:327,24,0,0
BRDA:327,24,1,0
BRDA:327,25,0,0
BRDA:327,25,1,0
BRDA:333,26,0,0
BRDA:333,26,1,0
BRDA:336,27,0,0
BRDA:336,27,1,0
BRDA:336,28,0,0
BRDA:336,28,1,0
BRDA:342,29,0,0
BRDA:342,29,1,0
BRDA:344,30,0,0
BRDA:344,30,1,0
BRDA:347,31,0,0
BRDA:347,31,1,0
BRDA:357,32,0,0
BRDA:357,32,1,0
BRDA:357,33,0,0
BRDA:357,33,1,0
BRDA:357,33,2,0
BRDA:357,33,3,0
BRDA:363,34,0,0
BRDA:363,34,1,0
BRDA:363,35,0,0
BRDA:363,35,1,0
BRDA:363,36,0,0
BRDA:363,36,1,0
BRDA:419,37,0,0
BRDA:419,37,1,0
BRDA:445,38,0,0
BRDA:445,38,1,0
BRDA:453,39,0,0
BRDA:453,39,1,0
BRDA:460,40,0,0
BRDA:460,40,1,0
BRDA:467,41,0,0
BRDA:467,41,1,0
BRDA:467,41,2,0
BRDA:467,41,3,0
BRF:89
BRH:0
end_of_record
TN:
SF:src/components/ConflictBadge.tsx
FN:23,(anonymous_0)
FN:74,(anonymous_1)
FN:112,(anonymous_2)
FN:140,(anonymous_3)
FN:146,(anonymous_4)
FN:179,(anonymous_5)
FNF:6
FNH:0
FNDA:0,(anonymous_0)
FNDA:0,(anonymous_1)
FNDA:0,(anonymous_2)
FNDA:0,(anonymous_3)
FNDA:0,(anonymous_4)
FNDA:0,(anonymous_5)
DA:23,1
DA:29,0
DA:31,0
DA:75,0
DA:112,1
DA:121,0
DA:123,0
DA:124,0
DA:128,0
DA:135,0
DA:140,0
DA:141,0
DA:142,0
DA:146,0
DA:147,0
DA:148,0
DA:149,0
DA:153,0
DA:179,0
LF:19
LH:2
BRDA:27,0,0,0
BRDA:29,1,0,0
BRDA:29,1,1,0
BRDA:47,2,0,0
BRDA:47,2,1,0
BRDA:73,3,0,0
BRDA:73,3,1,0
BRDA:115,4,0,0
BRDA:116,5,0,0
BRDA:117,6,0,0
BRDA:118,7,0,0
BRDA:119,8,0,0
BRDA:123,9,0,0
BRDA:123,9,1,0
BRDA:123,10,0,0
BRDA:123,10,1,0
BRDA:141,11,0,0
BRDA:141,11,1,0
BRDA:147,12,0,0
BRDA:147,12,1,0
BRDA:147,13,0,0
BRDA:147,13,1,0
BRDA:159,14,0,0
BRDA:159,14,1,0
BRDA:164,15,0,0
BRDA:164,15,1,0
BRDA:165,16,0,0
BRDA:165,16,1,0
BRDA:166,17,0,0
BRDA:166,17,1,0
BRDA:167,18,0,0
BRDA:167,18,1,0
BRDA:171,19,0,0
BRDA:171,19,1,0
BRDA:171,19,2,0
BRF:35
BRH:0
end_of_record
TN:
SF:src/components/CustomerForm.tsx
FN:11,(anonymous_0)
FN:31,(anonymous_1)
FN:50,(anonymous_2)
FN:51,(anonymous_3)
FN:55,(anonymous_4)
FN:56,(anonymous_5)
FN:67,(anonymous_6)
FN:70,(anonymous_7)
FN:81,(anonymous_8)
FN:147,(anonymous_9)
FN:148,(anonymous_10)
FN:155,(anonymous_11)
FN:273,(anonymous_12)
FN:293,(anonymous_13)
FNF:14
FNH:0
FNDA:0,(anonymous_0)
FNDA:0,(anonymous_1)
FNDA:0,(anonymous_2)
FNDA:0,(anonymous_3)
FNDA:0,(anonymous_4)
FNDA:0,(anonymous_5)
FNDA:0,(anonymous_6)
FNDA:0,(anonymous_7)
FNDA:0,(anonymous_8)
FNDA:0,(anonymous_9)
FNDA:0,(anonymous_10)
FNDA:0,(anonymous_11)
FNDA:0,(anonymous_12)
FNDA:0,(anonymous_13)
DA:11,0
DA:12,0
DA:26,0
DA:27,0
DA:28,0
DA:31,0
DA:32,0
DA:33,0
DA:50,0
DA:51,0
DA:52,0
DA:53,0
DA:54,0
DA:55,0
DA:56,0
DA:57,0
DA:59,0
DA:63,0
DA:67,0
DA:68,0
DA:70,0
DA:81,0
DA:82,0
DA:85,0
DA:86,0
DA:87,0
DA:90,0
DA:91,0
DA:92,0
DA:96,0
DA:97,0
DA:98,0
DA:99,0
DA:103,0
DA:104,0
DA:105,0
DA:106,0
DA:107,0
DA:111,0
DA:112,0
DA:114,0
DA:115,0
DA:116,0
DA:118,0
DA:129,0
DA:131,0
DA:134,0
DA:137,0
DA:139,0
DA:140,0
DA:142,0
DA:147,0
DA:148,0
DA:149,0
DA:150,0
DA:154,0
DA:155,0
DA:158,0
DA:162,0
DA:274,0
DA:294,0
LF:61
LH:0
BRDA:32,0,0,0
BRDA:32,0,1,0
BRDA:36,1,0,0
BRDA:36,1,1,0
BRDA:37,2,0,0
BRDA:37,2,1,0
BRDA:39,3,0,0
BRDA:39,3,1,0
BRDA:40,4,0,0
BRDA:40,4,1,0
BRDA:41,5,0,0
BRDA:41,5,1,0
BRDA:55,6,0,0
BRDA:55,6,1,0
BRDA:72,7,0,0
BRDA:72,7,1,0
BRDA:74,8,0,0
BRDA:74,8,1,0
BRDA:75,9,0,0
BRDA:75,9,1,0
BRDA:85,10,0,0
BRDA:85,10,1,0
BRDA:90,11,0,0
BRDA:90,11,1,0
BRDA:97,12,0,0
BRDA:97,12,1,0
BRDA:103,13,0,0
BRDA:103,13,1,0
BRDA:103,14,0,0
BRDA:103,14,1,0
BRDA:105,15,0,0
BRDA:105,15,1,0
BRDA:120,16,0,0
BRDA:120,16,1,0
BRDA:121,17,0,0
BRDA:121,17,1,0
BRDA:122,18,0,0
BRDA:122,18,1,0
BRDA:123,19,0,0
BRDA:123,19,1,0
BRDA:124,20,0,0
BRDA:124,20,1,0
BRDA:125,21,0,0
BRDA:125,21,1,0
BRDA:129,22,0,0
BRDA:129,22,1,0
BRDA:140,23,0,0
BRDA:140,23,1,0
BRDA:149,24,0,0
BRDA:149,24,1,0
BRDA:166,25,0,0
BRDA:166,25,1,0
BRDA:169,26,0,0
BRDA:169,26,1,0
BRDA:173,27,0,0
BRDA:173,27,1,0
BRDA:236,28,0,0
BRDA:236,28,1,0
BRDA:315,29,0,0
BRDA:315,29,1,0
BRDA:353,30,0,0
BRDA:353,30,1,0
BRDA:385,31,0,0
BRDA:385,31,1,0
BRDA:388,32,0,0
BRDA:388,32,1,0
BRF:66
BRH:0
end_of_record
TN:
SF:src/components/CustomerList.tsx
FN:16,(anonymous_0)
FN:26,(anonymous_1)
FN:34,(anonymous_2)
FN:48,(anonymous_3)
FN:53,(anonymous_4)
FN:106,(anonymous_5)
FN:116,(anonymous_6)
FN:180,(anonymous_7)
FN:184,(anonymous_8)
FN:230,(anonymous_9)
FN:240,(anonymous_10)
FN:261,(anonymous_11)
FNF:12
FNH:0
FNDA:0,(anonymous_0)
FNDA:0,(anonymous_1)
FNDA:0,(anonymous_2)
FNDA:0,(anonymous_3)
FNDA:0,(anonymous_4)
FNDA:0,(anonymous_5)
FNDA:0,(anonymous_6)
FNDA:0,(anonymous_7)
FNDA:0,(anonymous_8)
FNDA:0,(anonymous_9)
FNDA:0,(anonymous_10)
FNDA:0,(anonymous_11)
DA:16,0
DA:26,0
DA:27,0
DA:28,0
DA:29,0
DA:30,0
DA:34,0
DA:35,0
DA:37,0
DA:38,0
DA:40,0
DA:48,0
DA:49,0
DA:53,0
DA:107,0
DA:108,0
DA:117,0
DA:118,0
DA:130,0
DA:131,0
DA:139,0
DA:140,0
DA:153,0
DA:181,0
DA:184,0
DA:231,0
DA:232,0
DA:241,0
DA:242,0
DA:262,0
LF:30
LH:0
BRDA:27,0,0,0
BRDA:27,0,1,0
BRDA:35,1,0,0
BRDA:35,1,1,0
BRDA:42,2,0,0
BRDA:42,2,1,0
BRDA:51,3,0,0
BRDA:51,3,1,0
BRDA:61,4,0,0
BRDA:61,4,1,0
BRDA:73,5,0,0
BRDA:73,5,1,0
BRDA:80,6,0,0
BRDA:80,6,1,0
BRDA:92,7,0,0
BRDA:92,7,1,0
BRDA:130,8,0,0
BRDA:130,8,1,0
BRDA:130,9,0,0
BRDA:130,9,1,0
BRDA:139,10,0,0
BRDA:139,10,1,0
BRDA:139,11,0,0
BRDA:139,11,1,0
BRDA:193,12,0,0
BRDA:193,12,1,0
BRDA:197,13,0,0
BRDA:197,13,1,0
BRDA:207,14,0,0
BRDA:207,14,1,0
BRDA:215,15,0,0
BRDA:215,15,1,0
BRDA:267,16,0,0
BRDA:267,16,1,0
BRDA:274,17,0,0
BRDA:274,17,1,0
BRF:36
BRH:0
end_of_record
TN:
SF:src/components/CustomerManagement.tsx
FN:8,(anonymous_0)
FN:25,(anonymous_1)
FN:43,(anonymous_2)
FN:57,(anonymous_3)
FN:66,(anonymous_4)
FN:66,(anonymous_5)
FN:78,(anonymous_6)
FN:80,(anonymous_7)
FN:80,(anonymous_8)
FN:82,(anonymous_9)
FN:83,(anonymous_10)
FN:90,(anonymous_11)
FN:91,(anonymous_12)
FN:96,(anonymous_13)
FN:102,(anonymous_14)
FN:107,(anonymous_15)
FN:108,(anonymous_16)
FN:124,(anonymous_17)
FN:131,(anonymous_18)
FN:132,(anonymous_19)
FN:137,(anonymous_20)
FN:139,(anonymous_21)
FN:139,(anonymous_22)
FN:150,(anonymous_23)
FN:172,(anonymous_24)
FN:191,(anonymous_25)
FN:192,(anonymous_26)
FN:199,(anonymous_27)
FN:228,(anonymous_28)
FNF:29
FNH:0
FNDA:0,(anonymous_0)
FNDA:0,(anonymous_1)
FNDA:0,(anonymous_2)
FNDA:0,(anonymous_3)
FNDA:0,(anonymous_4)
FNDA:0,(anonymous_5)
FNDA:0,(anonymous_6)
FNDA:0,(anonymous_7)
FNDA:0,(anonymous_8)
FNDA:0,(anonymous_9)
FNDA:0,(anonymous_10)
FNDA:0,(anonymous_11)
FNDA:0,(anonymous_12)
FNDA:0,(anonymous_13)
FNDA:0,(anonymous_14)
FNDA:0,(anonymous_15)
FNDA:0,(anonymous_16)
FNDA:0,(anonymous_17)
FNDA:0,(anonymous_18)
FNDA:0,(anonymous_19)
FNDA:0,(anonymous_20)
FNDA:0,(anonymous_21)
FNDA:0,(anonymous_22)
FNDA:0,(anonymous_23)
FNDA:0,(anonymous_24)
FNDA:0,(anonymous_25)
FNDA:0,(anonymous_26)
FNDA:0,(anonymous_27)
FNDA:0,(anonymous_28)
DA:8,0
DA:9,0
DA:10,0
DA:11,0
DA:12,0
DA:13,0
DA:14,0
DA:15,0
DA:16,0
DA:17,0
DA:25,0
DA:26,0
DA:27,0
DA:28,0
DA:35,0
DA:36,0
DA:38,0
DA:40,0
DA:41,0
DA:43,0
DA:46,0
DA:47,0
DA:49,0
DA:50,0
DA:52,0
DA:57,0
DA:58,0
DA:60,0
DA:61,0
DA:62,0
DA:66,0
DA:67,0
DA:68,0
DA:70,0
DA:72,0
DA:73,0
DA:78,0
DA:79,0
DA:80,0
DA:82,0
DA:83,0
DA:85,0
DA:86,0
DA:90,0
DA:91,0
DA:92,0
DA:96,0
DA:97,0
DA:98,0
DA:102,0
DA:103,0
DA:107,0
DA:108,0
DA:109,0
DA:110,0
DA:111,0
DA:112,0
DA:113,0
DA:114,0
DA:115,0
DA:116,0
DA:117,0
DA:118,0
DA:123,0
DA:124,0
DA:127,0
DA:128,0
DA:131,0
DA:133,0
DA:134,0
DA:138,0
DA:139,0
DA:145,0
DA:146,0
DA:151,0
DA:152,0
DA:158,0
DA:173,0
DA:174,0
DA:191,0
DA:192,0
DA:199,0
DA:229,0
DA:230,0
LF:84
LH:0
BRDA:25,0,0,0
BRDA:25,1,0,0
BRDA:25,2,0,0
BRDA:35,3,0,0
BRDA:35,3,1,0
BRDA:36,4,0,0
BRDA:36,4,1,0
BRDA:40,5,0,0
BRDA:40,5,1,0
BRDA:58,6,0,0
BRDA:58,6,1,0
BRDA:67,7,0,0
BRDA:67,7,1,0
BRDA:73,8,0,0
BRDA:73,8,1,0
BRDA:79,9,0,0
BRDA:79,9,1,0
BRDA:80,10,0,0
BRDA:80,10,1,0
BRDA:97,11,0,0
BRDA:97,11,1,0
BRDA:97,12,0,0
BRDA:97,12,1,0
BRDA:109,13,0,0
BRDA:109,13,1,0
BRDA:109,14,0,0
BRDA:109,14,1,0
BRDA:109,14,2,0
BRDA:113,15,0,0
BRDA:113,15,1,0
BRDA:114,16,0,0
BRDA:114,16,1,0
BRDA:117,17,0,0
BRDA:117,17,1,0
BRDA:127,18,0,0
BRDA:127,18,1,0
BRDA:139,19,0,0
BRDA:139,19,1,0
BRDA:145,20,0,0
BRDA:145,20,1,0
BRDA:192,21,0,0
BRDA:192,21,1,0
BRDA:217,22,0,0
BRDA:217,22,1,0
BRF:44
BRH:0
end_of_record
TN:
SF:src/components/CustomerProfile.tsx
FN:15,(anonymous_0)
FN:31,(anonymous_1)
FN:43,(anonymous_2)
FN:58,(anonymous_3)
FN:73,(anonymous_4)
FN:85,(anonymous_5)
FN:95,(anonymous_6)
FN:95,(anonymous_7)
FN:102,(anonymous_8)
FN:108,(anonymous_9)
FN:109,(anonymous_10)
FN:116,(anonymous_11)
FN:120,(anonymous_12)
FN:127,(anonymous_13)
FN:148,(anonymous_14)
FN:154,(anonymous_15)
FN:308,(anonymous_16)
FN:366,(anonymous_17)
FN:378,(anonymous_18)
FN:402,(anonymous_19)
FN:437,(anonymous_20)
FNF:21
FNH:0
FNDA:0,(anonymous_0)
FNDA:0,(anonymous_1)
FNDA:0,(anonymous_2)
FNDA:0,(anonymous_3)
FNDA:0,(anonymous_4)
FNDA:0,(anonymous_5)
FNDA:0,(anonymous_6)
FNDA:0,(anonymous_7)
FNDA:0,(anonymous_8)
FNDA:0,(anonymous_9)
FNDA:0,(anonymous_10)
FNDA:0,(anonymous_11)
FNDA:0,(anonymous_12)
FNDA:0,(anonymous_13)
FNDA:0,(anonymous_14)
FNDA:0,(anonymous_15)
FNDA:0,(anonymous_16)
FNDA:0,(anonymous_17)
FNDA:0,(anonymous_18)
FNDA:0,(anonymous_19)
FNDA:0,(anonymous_20)
DA:15,0
DA:22,0
DA:23,0
DA:24,0
DA:25,0
DA:26,0
DA:27,0
DA:28,0
DA:31,0
DA:32,0
DA:33,0
DA:34,0
DA:35,0
DA:36,0
DA:38,0
DA:43,0
DA:44,0
DA:45,0
DA:46,0
DA:49,0
DA:51,0
DA:53,0
DA:58,0
DA:59,0
DA:61,0
DA:62,0
DA:63,0
DA:64,0
DA:73,0
DA:74,0
DA:75,0
DA:77,0
DA:78,0
DA:80,0
DA:85,0
DA:86,0
DA:88,0
DA:89,0
DA:90,0
DA:95,0
DA:97,0
DA:98,0
DA:102,0
DA:103,0
DA:104,0
DA:108,0
DA:109,0
DA:110,0
DA:111,0
DA:115,0
DA:116,0
DA:120,0
DA:121,0
DA:122,0
DA:123,0
DA:124,0
DA:127,0
DA:128,0
DA:129,0
DA:130,0
DA:131,0
DA:134,0
DA:148,0
DA:154,0
DA:309,0
DA:366,0
DA:378,0
DA:403,0
DA:437,0
LF:69
LH:0
BRDA:24,0,0,0
BRDA:24,0,1,0
BRDA:35,1,0,0
BRDA:35,1,1,0
BRDA:59,2,0,0
BRDA:59,2,1,0
BRDA:78,3,0,0
BRDA:78,3,1,0
BRDA:86,4,0,0
BRDA:86,4,1,0
BRDA:98,5,0,0
BRDA:98,5,1,0
BRDA:110,6,0,0
BRDA:110,6,1,0
BRDA:121,7,0,0
BRDA:121,7,1,0
BRDA:124,8,0,0
BRDA:124,8,1,0
BRDA:128,9,0,0
BRDA:128,9,1,0
BRDA:164,10,0,0
BRDA:164,10,1,0
BRDA:173,11,0,0
BRDA:173,11,1,0
BRDA:177,12,0,0
BRDA:177,12,1,0
BRDA:177,12,2,0
BRDA:181,13,0,0
BRDA:181,13,1,0
BRDA:183,14,0,0
BRDA:183,14,1,0
BRDA:184,15,0,0
BRDA:184,15,1,0
BRDA:185,16,0,0
BRDA:185,16,1,0
BRDA:188,17,0,0
BRDA:188,17,1,0
BRDA:216,18,0,0
BRDA:216,18,1,0
BRDA:223,19,0,0
BRDA:223,19,1,0
BRDA:232,20,0,0
BRDA:232,20,1,0
BRDA:235,21,0,0
BRDA:235,21,1,0
BRDA:235,22,0,0
BRDA:235,22,1,0
BRDA:238,23,0,0
BRDA:238,23,1,0
BRDA:238,24,0,0
BRDA:238,24,1,0
BRDA:249,25,0,0
BRDA:249,25,1,0
BRDA:258,26,0,0
BRDA:258,26,1,0
BRDA:267,27,0,0
BRDA:267,27,1,0
BRDA:283,28,0,0
BRDA:283,28,1,0
BRDA:298,29,0,0
BRDA:298,29,1,0
BRDA:301,30,0,0
BRDA:301,30,1,0
BRDA:306,31,0,0
BRDA:306,31,1,0
BRDA:306,32,0,0
BRDA:306,32,1,0
BRDA:338,33,0,0
BRDA:338,33,1,0
BRDA:388,34,0,0
BRDA:388,34,1,0
BRDA:391,35,0,0
BRDA:391,35,1,0
BRDA:400,36,0,0
BRDA:400,36,1,0
BRDA:406,37,0,0
BRDA:406,37,1,0
BRDA:414,38,0,0
BRDA:414,38,1,0
BRDA:418,39,0,0
BRDA:418,39,1,0
BRDA:425,40,0,0
BRDA:425,40,1,0
BRF:83
BRH:0
end_of_record
TN:
SF:src/components/CustomerSearchInput.tsx
FN:27,(anonymous_0)
FN:53,(anonymous_1)
FN:85,(anonymous_2)
FN:97,(anonymous_3)
FN:98,(anonymous_4)
FN:107,(anonymous_5)
FN:113,(anonymous_6)
FN:124,(anonymous_7)
FN:131,(anonymous_8)
FN:167,(anonymous_9)
FN:176,(anonymous_10)
FN:193,(anonymous_11)
FN:244,(anonymous_12)
FN:252,(anonymous_13)
FN:253,(anonymous_14)
FNF:15
FNH:5
FNDA:14,(anonymous_0)
FNDA:0,(anonymous_1)
FNDA:5,(anonymous_2)
FNDA:5,(anonymous_3)
FNDA:0,(anonymous_4)
FNDA:5,(anonymous_5)
FNDA:0,(anonymous_6)
FNDA:0,(anonymous_7)
FNDA:0,(anonymous_8)
FNDA:0,(anonymous_9)
FNDA:0,(anonymous_10)
FNDA:5,(anonymous_11)
FNDA:0,(anonymous_12)
FNDA:0,(anonymous_13)
FNDA:0,(anonymous_14)
DA:27,1
DA:40,14
DA:41,14
DA:42,14
DA:43,14
DA:44,14
DA:46,14
DA:47,14
DA:50,14
DA:53,14
DA:54,0
DA:55,0
DA:56,0
DA:57,0
DA:60,0
DA:61,0
DA:62,0
DA:63,0
DA:71,0
DA:72,0
DA:73,0
DA:74,0
DA:76,0
DA:77,0
DA:78,0
DA:80,0
DA:85,14
DA:86,5
DA:87,0
DA:89,5
DA:90,5
DA:91,5
DA:92,5
DA:97,14
DA:98,5
DA:99,0
DA:101,0
DA:102,0
DA:106,5
DA:107,5
DA:108,5
DA:113,14
DA:114,0
DA:115,0
DA:116,0
DA:118,0
DA:121,0
DA:123,0
DA:124,0
DA:125,0
DA:127,0
DA:130,0
DA:131,0
DA:132,0
DA:135,0
DA:136,0
DA:137,0
DA:138,0
DA:139,0
DA:141,0
DA:144,0
DA:145,0
DA:146,0
DA:147,0
DA:148,0
DA:151,0
DA:152,0
DA:153,0
DA:154,0
DA:156,0
DA:159,0
DA:160,0
DA:162,0
DA:167,14
DA:168,0
DA:169,0
DA:170,0
DA:171,0
DA:172,0
DA:176,14
DA:177,0
DA:178,0
DA:181,0
DA:182,0
DA:186,0
DA:187,0
DA:188,0
DA:193,14
DA:194,5
DA:195,0
DA:199,14
DA:245,0
DA:252,0
DA:253,0
LF:94
LH:27
BRDA:32,0,0,0
BRDA:33,1,0,14
BRDA:34,2,0,14
BRDA:35,3,0,0
BRDA:54,4,0,0
BRDA:54,4,1,0
BRDA:71,5,0,0
BRDA:71,5,1,0
BRDA:86,6,0,0
BRDA:86,6,1,5
BRDA:99,7,0,0
BRDA:99,7,1,0
BRDA:99,8,0,0
BRDA:99,8,1,0
BRDA:99,8,2,0
BRDA:99,8,3,0
BRDA:114,9,0,0
BRDA:114,9,1,0
BRDA:114,10,0,0
BRDA:114,10,1,0
BRDA:115,11,0,0
BRDA:115,11,1,0
BRDA:121,12,0,0
BRDA:121,12,1,0
BRDA:121,12,2,0
BRDA:121,12,3,0
BRDA:121,12,4,0
BRDA:121,12,5,0
BRDA:125,13,0,0
BRDA:125,13,1,0
BRDA:131,14,0,0
BRDA:131,14,1,0
BRDA:136,15,0,0
BRDA:136,15,1,0
BRDA:136,16,0,0
BRDA:136,16,1,0
BRDA:138,17,0,0
BRDA:138,17,1,0
BRDA:153,18,0,0
BRDA:153,18,1,0
BRDA:159,19,0,0
BRDA:159,19,1,0
BRDA:181,20,0,0
BRDA:181,20,1,0
BRDA:186,21,0,0
BRDA:186,21,1,0
BRDA:194,22,0,0
BRDA:194,22,1,5
BRDA:211,23,0,0
BRDA:211,23,1,14
BRDA:222,24,0,14
BRDA:222,24,1,0
BRDA:229,25,0,14
BRDA:229,25,1,0
BRDA:229,25,2,0
BRDA:234,26,0,0
BRDA:234,26,1,0
BRDA:239,27,0,0
BRDA:239,27,1,0
BRDA:248,28,0,0
BRDA:248,28,1,0
BRDA:263,29,0,0
BRDA:263,29,1,0
BRDA:268,30,0,0
BRDA:268,30,1,0
BRDA:268,31,0,0
BRDA:268,31,1,0
BRDA:283,32,0,14
BRDA:283,32,1,0
BRDA:288,33,0,14
BRDA:288,33,1,14
BRDA:288,33,2,14
BRDA:288,33,3,0
BRDA:288,33,4,0
BRF:74
BRH:11
end_of_record
TN:
SF:src/components/DesignerForm.tsx
FN:22,(anonymous_0)
FN:43,(anonymous_1)
FN:58,(anonymous_2)
FN:101,(anonymous_3)
FN:112,(anonymous_4)
FN:124,(anonymous_5)
FN:167,(anonymous_6)
FNF:7
FNH:4
FNDA:6,(anonymous_0)
FNDA:4,(anonymous_1)
FNDA:1,(anonymous_2)
FNDA:0,(anonymous_3)
FNDA:0,(anonymous_4)
FNDA:1,(anonymous_5)
FNDA:0,(anonymous_6)
DA:22,1
DA:28,6
DA:39,6
DA:40,6
DA:43,6
DA:44,4
DA:45,1
DA:58,6
DA:59,1
DA:62,1
DA:63,1
DA:64,0
DA:65,0
DA:66,0
DA:67,0
DA:71,1
DA:72,0
DA:73,0
DA:74,0
DA:79,1
DA:80,0
DA:81,0
DA:82,0
DA:87,1
DA:89,0
DA:93,1
DA:94,0
DA:97,1
DA:98,1
DA:101,6
DA:102,0
DA:104,0
DA:106,0
DA:107,0
DA:108,0
DA:109,0
DA:112,0
DA:118,0
DA:119,0
DA:120,0
DA:124,6
DA:125,1
DA:127,1
DA:128,1
DA:131,0
DA:133,0
DA:135,0
DA:145,0
DA:147,0
DA:149,0
DA:161,0
DA:163,0
DA:167,6
DA:168,0
DA:169,0
DA:172,0
DA:174,0
DA:184,0
DA:188,6
LF:59
LH:24
BRDA:26,0,0,4
BRDA:44,1,0,1
BRDA:44,1,1,3
BRDA:47,2,0,1
BRDA:47,2,1,0
BRDA:48,3,0,1
BRDA:48,3,1,0
BRDA:49,4,0,1
BRDA:49,4,1,0
BRDA:50,5,0,1
BRDA:50,5,1,0
BRDA:51,6,0,1
BRDA:51,6,1,1
BRDA:52,7,0,1
BRDA:52,7,1,0
BRDA:53,8,0,1
BRDA:53,8,1,0
BRDA:62,9,0,1
BRDA:62,9,1,0
BRDA:64,10,0,0
BRDA:64,10,1,0
BRDA:66,11,0,0
BRDA:66,11,1,0
BRDA:71,12,0,0
BRDA:71,12,1,1
BRDA:71,13,0,1
BRDA:71,13,1,0
BRDA:73,14,0,0
BRDA:73,14,1,0
BRDA:79,15,0,0
BRDA:79,15,1,1
BRDA:79,16,0,1
BRDA:79,16,1,0
BRDA:81,17,0,0
BRDA:81,17,1,0
BRDA:87,18,0,0
BRDA:87,18,1,1
BRDA:87,19,0,1
BRDA:87,19,1,1
BRDA:87,19,2,1
BRDA:93,20,0,0
BRDA:93,20,1,1
BRDA:93,21,0,1
BRDA:93,21,1,0
BRDA:106,22,0,0
BRDA:106,22,1,0
BRDA:107,23,0,0
BRDA:107,23,1,0
BRDA:108,24,0,0
BRDA:108,24,1,0
BRDA:118,25,0,0
BRDA:118,25,1,0
BRDA:127,26,0,1
BRDA:127,26,1,0
BRDA:138,27,0,0
BRDA:138,27,1,0
BRDA:139,28,0,0
BRDA:139,28,1,0
BRDA:140,29,0,0
BRDA:140,29,1,0
BRDA:141,30,0,0
BRDA:141,30,1,0
BRDA:142,31,0,0
BRDA:142,31,1,0
BRDA:147,32,0,0
BRDA:147,32,1,0
BRDA:168,33,0,0
BRDA:168,33,1,0
BRDA:172,34,0,0
BRDA:172,34,1,0
BRDA:191,35,0,2
BRDA:191,35,1,4
BRDA:207,36,0,1
BRDA:207,36,1,5
BRDA:214,37,0,6
BRDA:214,37,1,1
BRDA:228,38,0,6
BRDA:228,38,1,0
BRDA:245,39,0,6
BRDA:245,39,1,0
BRDA:248,40,0,0
BRDA:248,40,1,6
BRDA:254,41,0,6
BRDA:254,41,1,0
BRDA:268,42,0,6
BRDA:268,42,1,5
BRDA:273,43,0,0
BRDA:273,43,1,6
BRDA:279,44,0,6
BRDA:279,44,1,0
BRDA:294,45,0,6
BRDA:294,45,1,0
BRDA:297,46,0,0
BRDA:297,46,1,6
BRDA:303,47,0,6
BRDA:303,47,1,0
BRDA:316,48,0,6
BRDA:316,48,1,0
BRDA:320,49,0,0
BRDA:320,49,1,6
BRDA:326,50,0,6
BRDA:326,50,1,0
BRDA:337,51,0,6
BRDA:337,51,1,0
BRDA:353,52,0,0
BRDA:353,52,1,6
BRDA:363,53,0,2
BRDA:363,53,1,4
BRF:108
BRH:47
end_of_record
TN:
SF:src/components/DesignerManagement.tsx
FN:12,(anonymous_0)
FN:20,(anonymous_1)
FN:23,(anonymous_2)
FN:26,(anonymous_3)
FN:27,(anonymous_4)
FN:27,(anonymous_5)
FN:31,(anonymous_6)
FN:32,(anonymous_7)
FN:32,(anonymous_8)
FN:36,(anonymous_9)
FN:56,(anonymous_10)
FN:61,(anonymous_11)
FN:70,(anonymous_12)
FN:85,(anonymous_13)
FN:96,(anonymous_14)
FN:97,(anonymous_15)
FN:116,(anonymous_16)
FN:125,(anonymous_17)
FN:125,(anonymous_18)
FN:137,(anonymous_19)
FN:143,(anonymous_20)
FN:152,(anonymous_21)
FN:161,(anonymous_22)
FN:182,(anonymous_23)
FN:199,(anonymous_24)
FNF:25
FNH:0
FNDA:0,(anonymous_0)
FNDA:0,(anonymous_1)
FNDA:0,(anonymous_2)
FNDA:0,(anonymous_3)
FNDA:0,(anonymous_4)
FNDA:0,(anonymous_5)
FNDA:0,(anonymous_6)
FNDA:0,(anonymous_7)
FNDA:0,(anonymous_8)
FNDA:0,(anonymous_9)
FNDA:0,(anonymous_10)
FNDA:0,(anonymous_11)
FNDA:0,(anonymous_12)
FNDA:0,(anonymous_13)
FNDA:0,(anonymous_14)
FNDA:0,(anonymous_15)
FNDA:0,(anonymous_16)
FNDA:0,(anonymous_17)
FNDA:0,(anonymous_18)
FNDA:0,(anonymous_19)
FNDA:0,(anonymous_20)
FNDA:0,(anonymous_21)
FNDA:0,(anonymous_22)
FNDA:0,(anonymous_23)
FNDA:0,(anonymous_24)
DA:12,0
DA:13,0
DA:14,0
DA:15,0
DA:16,0
DA:17,0
DA:20,0
DA:21,0
DA:22,0
DA:23,0
DA:26,0
DA:27,0
DA:31,0
DA:32,0
DA:36,0
DA:37,0
DA:38,0
DA:39,0
DA:40,0
DA:43,0
DA:45,0
DA:46,0
DA:51,0
DA:56,0
DA:57,0
DA:61,0
DA:62,0
DA:63,0
DA:64,0
DA:70,0
DA:71,0
DA:72,0
DA:74,0
DA:75,0
DA:85,0
DA:86,0
DA:88,0
DA:89,0
DA:90,0
DA:96,0
DA:97,0
DA:98,0
DA:102,0
DA:103,0
DA:105,0
DA:106,0
DA:116,0
DA:117,0
DA:119,0
DA:120,0
DA:121,0
DA:125,0
DA:126,0
DA:128,0
DA:129,0
DA:137,0
DA:138,0
DA:139,0
DA:143,0
DA:144,0
DA:145,0
DA:147,0
DA:152,0
DA:153,0
DA:154,0
DA:157,0
DA:162,0
DA:182,0
DA:200,0
DA:201,0
LF:70
LH:0
BRDA:20,0,0,0
BRDA:47,1,0,0
BRDA:47,1,1,0
BRDA:76,2,0,0
BRDA:76,2,1,0
BRDA:76,2,2,0
BRDA:86,3,0,0
BRDA:86,3,1,0
BRDA:98,4,0,0
BRDA:98,4,1,0
BRDA:107,5,0,0
BRDA:107,5,1,0
BRDA:107,5,2,0
BRDA:117,6,0,0
BRDA:117,6,1,0
BRDA:130,7,0,0
BRDA:130,7,1,0
BRDA:144,8,0,0
BRDA:144,8,1,0
BRDA:165,9,0,0
BRDA:165,9,1,0
BRDA:167,10,0,0
BRDA:167,10,1,0
BRDA:169,11,0,0
BRDA:169,11,1,0
BRDA:175,12,0,0
BRDA:175,12,1,0
BRDA:176,13,0,0
BRDA:176,13,1,0
BRDA:177,14,0,0
BRDA:177,14,1,0
BRDA:178,15,0,0
BRDA:178,15,1,0
BRDA:205,16,0,0
BRDA:205,16,1,0
BRDA:210,17,0,0
BRDA:210,17,1,0
BRDA:213,18,0,0
BRDA:213,18,1,0
BRF:39
BRH:0
end_of_record
TN:
SF:src/components/DesignerTable.tsx
FN:11,(anonymous_0)
FN:21,(anonymous_1)
FN:32,(anonymous_2)
FN:66,(anonymous_3)
FN:79,(anonymous_4)
FN:115,(anonymous_5)
FN:154,(anonymous_6)
FN:160,(anonymous_7)
FN:175,(anonymous_8)
FN:221,(anonymous_9)
FN:227,(anonymous_10)
FNF:11
FNH:6
FNDA:8,(anonymous_0)
FNDA:12,(anonymous_1)
FNDA:0,(anonymous_2)
FNDA:1,(anonymous_3)
FNDA:1,(anonymous_4)
FNDA:10,(anonymous_5)
FNDA:0,(anonymous_6)
FNDA:0,(anonymous_7)
FNDA:10,(anonymous_8)
FNDA:0,(anonymous_9)
FNDA:0,(anonymous_10)
DA:11,1
DA:17,8
DA:18,8
DA:21,8
DA:22,12
DA:25,12
DA:29,12
DA:32,8
DA:33,0
DA:34,0
DA:38,8
DA:39,1
DA:52,7
DA:66,1
DA:79,1
DA:116,10
DA:154,0
DA:160,0
DA:176,10
DA:221,0
DA:227,0
LF:21
LH:15
BRDA:15,0,0,7
BRDA:22,1,0,12
BRDA:22,1,1,1
BRDA:22,1,2,1
BRDA:25,2,0,12
BRDA:25,2,1,2
BRDA:25,2,2,2
BRDA:25,2,3,1
BRDA:25,2,4,0
BRDA:29,3,0,12
BRDA:29,3,1,11
BRDA:33,4,0,0
BRDA:33,4,1,0
BRDA:38,5,0,1
BRDA:38,5,1,7
BRDA:89,6,0,1
BRDA:89,6,1,6
BRDA:93,7,0,0
BRDA:93,7,1,1
BRDA:96,8,0,0
BRDA:96,8,1,1
BRDA:127,9,0,10
BRDA:127,9,1,10
BRDA:134,10,0,10
BRDA:134,10,1,0
BRDA:137,11,0,10
BRDA:137,11,1,0
BRDA:140,12,0,10
BRDA:140,12,1,0
BRDA:144,13,0,6
BRDA:144,13,1,4
BRDA:148,14,0,6
BRDA:148,14,1,4
BRDA:188,15,0,6
BRDA:188,15,1,4
BRDA:192,16,0,6
BRDA:192,16,1,4
BRDA:199,17,0,10
BRDA:199,17,1,10
BRDA:202,18,0,10
BRDA:202,18,1,10
BRDA:202,18,2,10
BRDA:205,19,0,10
BRDA:205,19,1,10
BRDA:208,20,0,10
BRDA:208,20,1,10
BRDA:211,21,0,10
BRDA:211,21,1,10
BRF:48
BRH:40
end_of_record
TN:
SF:src/components/Header.tsx
FN:4,(anonymous_0)
FN:7,(anonymous_1)
FNF:2
FNH:0
FNDA:0,(anonymous_0)
FNDA:0,(anonymous_1)
DA:4,0
DA:5,0
DA:7,0
DA:8,0
DA:9,0
DA:13,0
LF:6
LH:0
BRDA:8,0,0,0
BRDA:8,0,1,0
BRF:2
BRH:0
end_of_record
TN:
SF:src/components/LoginForm.tsx
FN:4,(anonymous_0)
FN:14,(anonymous_1)
FN:23,(anonymous_2)
FNF:3
FNH:0
FNDA:0,(anonymous_0)
FNDA:0,(anonymous_1)
FNDA:0,(anonymous_2)
DA:4,0
DA:5,0
DA:9,0
DA:10,0
DA:12,0
DA:14,0
DA:15,0
DA:20,0
DA:23,0
DA:24,0
DA:25,0
DA:26,0
DA:29,0
DA:30,0
DA:31,0
DA:32,0
DA:35,0
DA:36,0
DA:37,0
DA:38,0
DA:41,0
DA:43,0
DA:47,0
LF:23
LH:0
BRDA:20,0,0,0
BRDA:20,0,1,0
BRDA:29,1,0,0
BRDA:29,1,1,0
BRDA:29,2,0,0
BRDA:29,2,1,0
BRDA:37,3,0,0
BRDA:37,3,1,0
BRDA:38,4,0,0
BRDA:38,4,1,0
BRDA:106,5,0,0
BRDA:106,5,1,0
BRDA:129,6,0,0
BRDA:129,6,1,0
BRF:14
BRH:0
end_of_record
TN:
SF:src/components/NavigationTabs.tsx
FN:4,(anonymous_0)
FN:5,(anonymous_1)
FN:19,(anonymous_2)
FN:25,(anonymous_3)
FN:31,(anonymous_4)
FN:37,(anonymous_5)
FN:43,(anonymous_6)
FNF:7
FNH:0
FNDA:0,(anonymous_0)
FNDA:0,(anonymous_1)
FNDA:0,(anonymous_2)
FNDA:0,(anonymous_3)
FNDA:0,(anonymous_4)
FNDA:0,(anonymous_5)
FNDA:0,(anonymous_6)
DA:4,0
DA:5,0
DA:6,0
DA:13,0
DA:19,0
DA:25,0
DA:31,0
DA:37,0
DA:43,0
LF:9
LH:0
BRDA:7,0,0,0
BRDA:7,0,1,0
BRF:2
BRH:0
end_of_record
TN:
SF:src/components/ProtectedRoute.tsx
FN:9,(anonymous_0)
FNF:1
FNH:0
FNDA:0,(anonymous_0)
DA:9,0
DA:10,0
DA:12,0
DA:13,0
DA:26,0
DA:27,0
DA:30,0
LF:7
LH:0
BRDA:12,0,0,0
BRDA:12,0,1,0
BRDA:26,1,0,0
BRDA:26,1,1,0
BRF:4
BRH:0
end_of_record
TN:
SF:src/components/ReservationStatusBadge.tsx
FN:13,(anonymous_0)
FN:51,(anonymous_1)
FNF:2
FNH:2
FNDA:4,(anonymous_0)
FNDA:4,(anonymous_1)
DA:13,1
DA:20,4
DA:48,4
DA:51,4
DA:52,4
DA:53,4
DA:55,4
DA:56,0
DA:57,0
DA:60,4
DA:61,0
DA:64,4
DA:65,0
DA:68,4
DA:71,4
DA:72,4
DA:74,4
LF:17
LH:13
BRDA:14,0,0,0
BRDA:15,1,0,4
BRDA:55,2,0,0
BRDA:55,2,1,4
BRDA:60,3,0,0
BRDA:60,3,1,4
BRDA:64,4,0,0
BRDA:64,4,1,4
BRDA:72,5,0,4
BRDA:72,5,1,4
BRDA:72,5,2,4
BRDA:76,6,0,0
BRDA:76,6,1,4
BRDA:79,7,0,0
BRDA:79,7,1,4
BRDA:83,8,0,4
BRDA:83,8,1,0
BRF:17
BRH:10
end_of_record
TN:
SF:src/components/ReservationStatusModal.tsx
FN:19,(anonymous_0)
FN:30,(anonymous_1)
FN:52,(anonymous_2)
FN:54,(anonymous_3)
FN:61,(anonymous_4)
FN:67,(anonymous_5)
FN:133,(anonymous_6)
FN:138,(anonymous_7)
FN:159,(anonymous_8)
FN:173,(anonymous_9)
FNF:10
FNH:0
FNDA:0,(anonymous_0)
FNDA:0,(anonymous_1)
FNDA:0,(anonymous_2)
FNDA:0,(anonymous_3)
FNDA:0,(anonymous_4)
FNDA:0,(anonymous_5)
FNDA:0,(anonymous_6)
FNDA:0,(anonymous_7)
FNDA:0,(anonymous_8)
FNDA:0,(anonymous_9)
DA:19,1
DA:26,0
DA:27,0
DA:28,0
DA:30,0
DA:31,0
DA:48,0
DA:51,0
DA:52,0
DA:54,0
DA:55,0
DA:56,0
DA:58,0
DA:61,0
DA:62,0
DA:63,0
DA:64,0
DA:67,0
DA:68,0
DA:69,0
DA:72,0
DA:74,0
DA:133,0
DA:139,0
DA:159,0
DA:173,0
LF:26
LH:1
BRDA:24,0,0,0
BRDA:26,1,0,0
BRDA:26,1,1,0
BRDA:48,2,0,0
BRDA:48,2,1,0
BRDA:51,3,0,0
BRDA:51,3,1,0
BRDA:55,4,0,0
BRDA:55,4,1,0
BRDA:55,5,0,0
BRDA:55,5,1,0
BRDA:56,6,0,0
BRDA:56,6,1,0
BRDA:56,7,0,0
BRDA:56,7,1,0
BRDA:62,8,0,0
BRDA:62,8,1,0
BRDA:72,9,0,0
BRDA:72,9,1,0
BRDA:106,10,0,0
BRDA:106,10,1,0
BRDA:112,11,0,0
BRDA:112,11,1,0
BRDA:115,12,0,0
BRDA:115,12,1,0
BRDA:118,13,0,0
BRDA:118,13,1,0
BRDA:137,14,0,0
BRDA:137,14,1,0
BRDA:144,15,0,0
BRDA:144,15,1,0
BRDA:152,16,0,0
BRDA:152,16,1,0
BRDA:152,16,2,0
BRDA:185,17,0,0
BRDA:185,17,1,0
BRDA:185,17,2,0
BRDA:185,17,3,0
BRDA:185,17,4,0
BRDA:192,18,0,0
BRDA:192,18,1,0
BRF:41
BRH:0
end_of_record
TN:
SF:src/components/ReservationTable.tsx
FN:16,(anonymous_0)
FN:28,(anonymous_1)
FN:32,(anonymous_2)
FN:37,(anonymous_3)
FN:47,(anonymous_4)
FN:57,(anonymous_5)
FN:67,(anonymous_6)
FN:68,(anonymous_7)
FN:74,(anonymous_8)
FN:75,(anonymous_9)
FN:80,(anonymous_10)
FN:90,(anonymous_11)
FN:100,(anonymous_12)
FN:105,(anonymous_13)
FN:160,(anonymous_14)
FN:223,(anonymous_15)
FN:230,(anonymous_16)
FN:237,(anonymous_17)
FN:256,(anonymous_18)
FN:273,(anonymous_19)
FN:280,(anonymous_20)
FN:287,(anonymous_21)
FN:357,(anonymous_22)
FNF:23
FNH:10
FNDA:3,(anonymous_0)
FNDA:3,(anonymous_1)
FNDA:2,(anonymous_2)
FNDA:2,(anonymous_3)
FNDA:2,(anonymous_4)
FNDA:4,(anonymous_5)
FNDA:0,(anonymous_6)
FNDA:0,(anonymous_7)
FNDA:0,(anonymous_8)
FNDA:0,(anonymous_9)
FNDA:4,(anonymous_10)
FNDA:4,(anonymous_11)
FNDA:0,(anonymous_12)
FNDA:0,(anonymous_13)
FNDA:2,(anonymous_14)
FNDA:0,(anonymous_15)
FNDA:0,(anonymous_16)
FNDA:0,(anonymous_17)
FNDA:2,(anonymous_18)
FNDA:0,(anonymous_19)
FNDA:0,(anonymous_20)
FNDA:0,(anonymous_21)
FNDA:0,(anonymous_22)
DA:16,1
DA:24,3
DA:25,3
DA:28,3
DA:29,3
DA:32,3
DA:33,2
DA:37,3
DA:38,2
DA:39,2
DA:40,2
DA:42,2
DA:46,3
DA:47,3
DA:48,2
DA:49,0
DA:53,3
DA:57,3
DA:58,4
DA:59,4
DA:61,4
DA:62,4
DA:65,0
DA:67,0
DA:68,0
DA:74,0
DA:75,0
DA:80,3
DA:81,4
DA:87,4
DA:90,3
DA:91,4
DA:97,4
DA:100,3
DA:101,0
DA:102,0
DA:105,3
DA:106,0
DA:107,0
DA:108,0
DA:111,3
DA:161,2
DA:162,2
DA:164,2
DA:223,0
DA:230,0
DA:237,0
DA:257,2
DA:258,2
DA:260,2
DA:273,0
DA:280,0
DA:287,0
DA:358,0
DA:359,0
LF:55
LH:36
BRDA:22,0,0,3
BRDA:33,1,0,2
BRDA:33,1,1,2
BRDA:39,2,0,2
BRDA:39,2,1,0
BRDA:48,3,0,0
BRDA:48,3,1,2
BRDA:61,4,0,4
BRDA:61,4,1,0
BRDA:61,5,0,4
BRDA:61,5,1,0
BRDA:68,6,0,0
BRDA:68,6,1,0
BRDA:74,7,0,0
BRDA:74,7,1,0
BRDA:87,8,0,4
BRDA:87,8,1,0
BRDA:97,9,0,4
BRDA:97,9,1,0
BRDA:115,10,0,0
BRDA:115,10,1,3
BRDA:127,11,0,1
BRDA:127,11,1,2
BRDA:132,12,0,0
BRDA:132,12,1,1
BRDA:166,13,0,2
BRDA:166,13,1,0
BRDA:168,14,0,0
BRDA:168,14,1,2
BRDA:193,15,0,2
BRDA:193,15,1,0
BRDA:194,16,0,0
BRDA:194,16,1,0
BRDA:195,17,0,0
BRDA:195,17,1,0
BRDA:196,18,0,0
BRDA:196,18,1,0
BRDA:203,19,0,2
BRDA:203,19,1,2
BRDA:208,20,0,2
BRDA:208,20,1,0
BRDA:208,20,2,0
BRDA:262,21,0,2
BRDA:262,21,1,0
BRDA:264,22,0,0
BRDA:264,22,1,2
BRDA:316,23,0,2
BRDA:316,23,1,0
BRDA:317,24,0,0
BRDA:317,24,1,0
BRDA:318,25,0,0
BRDA:318,25,1,0
BRDA:319,26,0,0
BRDA:319,26,1,0
BRDA:327,27,0,2
BRDA:327,27,1,2
BRDA:332,28,0,2
BRDA:332,28,1,0
BRDA:332,28,2,0
BRDA:353,29,0,3
BRDA:353,29,1,0
BRF:61
BRH:26
end_of_record
TN:
SF:src/components/SearchFilter.tsx
FN:20,(anonymous_0)
FN:45,(anonymous_1)
FN:50,(anonymous_2)
FN:57,(anonymous_3)
FN:64,(anonymous_4)
FN:71,(anonymous_5)
FN:85,(anonymous_6)
FN:86,(anonymous_7)
FN:93,(anonymous_8)
FN:107,(anonymous_9)
FN:113,(anonymous_10)
FN:124,(anonymous_11)
FN:153,(anonymous_12)
FN:170,(anonymous_13)
FN:174,(anonymous_14)
FN:190,(anonymous_15)
FN:194,(anonymous_16)
FN:211,(anonymous_17)
FN:225,(anonymous_18)
FN:255,(anonymous_19)
FN:312,(anonymous_20)
FNF:21
FNH:0
FNDA:0,(anonymous_0)
FNDA:0,(anonymous_1)
FNDA:0,(anonymous_2)
FNDA:0,(anonymous_3)
FNDA:0,(anonymous_4)
FNDA:0,(anonymous_5)
FNDA:0,(anonymous_6)
FNDA:0,(anonymous_7)
FNDA:0,(anonymous_8)
FNDA:0,(anonymous_9)
FNDA:0,(anonymous_10)
FNDA:0,(anonymous_11)
FNDA:0,(anonymous_12)
FNDA:0,(anonymous_13)
FNDA:0,(anonymous_14)
FNDA:0,(anonymous_15)
FNDA:0,(anonymous_16)
FNDA:0,(anonymous_17)
FNDA:0,(anonymous_18)
FNDA:0,(anonymous_19)
FNDA:0,(anonymous_20)
DA:20,0
DA:27,0
DA:36,0
DA:45,0
DA:46,0
DA:49,0
DA:50,0
DA:51,0
DA:56,0
DA:57,0
DA:58,0
DA:63,0
DA:64,0
DA:65,0
DA:70,0
DA:71,0
DA:72,0
DA:73,0
DA:74,0
DA:75,0
DA:80,0
DA:81,0
DA:85,0
DA:86,0
DA:93,0
DA:94,0
DA:101,0
DA:102,0
DA:103,0
DA:107,0
DA:108,0
DA:109,0
DA:113,0
DA:114,0
DA:120,0
DA:124,0
DA:126,0
DA:153,0
DA:170,0
DA:175,0
DA:190,0
DA:195,0
DA:211,0
DA:225,0
DA:256,0
DA:257,0
DA:258,0
DA:259,0
DA:261,0
DA:262,0
DA:264,0
DA:265,0
DA:267,0
DA:268,0
DA:269,0
DA:270,0
DA:271,0
DA:273,0
DA:312,0
DA:314,0
DA:315,0
DA:319,0
DA:320,0
DA:321,0
DA:324,0
DA:327,0
DA:332,0
DA:333,0
DA:337,0
DA:338,0
DA:341,0
DA:342,0
DA:343,0
DA:344,0
DA:350,0
DA:351,0
DA:354,0
LF:77
LH:0
BRDA:23,0,0,0
BRDA:24,1,0,0
BRDA:49,2,0,0
BRDA:49,2,1,0
BRDA:56,3,0,0
BRDA:56,3,1,0
BRDA:63,4,0,0
BRDA:63,4,1,0
BRDA:70,5,0,0
BRDA:70,5,1,0
BRDA:70,6,0,0
BRDA:70,6,1,0
BRDA:75,7,0,0
BRDA:75,7,1,0
BRDA:108,8,0,0
BRDA:108,8,1,0
BRDA:120,9,0,0
BRDA:120,9,1,0
BRDA:133,10,0,0
BRDA:133,10,1,0
BRDA:240,11,0,0
BRDA:240,11,1,0
BRDA:255,12,0,0
BRDA:255,12,1,0
BRDA:256,13,0,0
BRDA:256,13,1,0
BRDA:258,14,0,0
BRDA:258,14,1,0
BRDA:259,15,0,0
BRDA:259,15,1,0
BRDA:261,16,0,0
BRDA:261,16,1,0
BRDA:262,17,0,0
BRDA:262,17,1,0
BRDA:264,18,0,0
BRDA:264,18,1,0
BRDA:265,19,0,0
BRDA:265,19,1,0
BRDA:267,20,0,0
BRDA:267,20,1,0
BRDA:267,21,0,0
BRDA:267,21,1,0
BRDA:271,22,0,0
BRDA:271,22,1,0
BRDA:271,22,2,0
BRDA:275,23,0,0
BRDA:275,23,1,0
BRDA:282,24,0,0
BRDA:282,24,1,0
BRDA:284,25,0,0
BRDA:284,25,1,0
BRDA:289,26,0,0
BRDA:289,26,1,0
BRDA:294,27,0,0
BRDA:294,27,1,0
BRDA:299,28,0,0
BRDA:299,28,1,0
BRDA:299,28,2,0
BRDA:314,29,0,0
BRDA:314,29,1,0
BRDA:320,30,0,0
BRDA:320,30,1,0
BRDA:324,31,0,0
BRDA:324,31,1,0
BRDA:324,32,0,0
BRDA:324,32,1,0
BRDA:324,32,2,0
BRDA:332,33,0,0
BRDA:332,33,1,0
BRDA:337,34,0,0
BRDA:337,34,1,0
BRDA:341,35,0,0
BRDA:341,35,1,0
BRDA:341,36,0,0
BRDA:341,36,1,0
BRDA:343,37,0,0
BRDA:343,37,1,0
BRDA:350,38,0,0
BRDA:350,38,1,0
BRF:79
BRH:0
end_of_record
TN:
SF:src/components/StatCard.tsx
FN:11,(anonymous_0)
FN:24,(anonymous_1)
FN:30,(anonymous_2)
FNF:3
FNH:0
FNDA:0,(anonymous_0)
FNDA:0,(anonymous_1)
FNDA:0,(anonymous_2)
DA:11,0
DA:12,0
DA:13,0
DA:24,0
DA:25,0
DA:26,0
DA:27,0
DA:30,0
DA:31,0
DA:32,0
DA:33,0
DA:36,0
LF:12
LH:0
BRDA:11,0,0,0
BRDA:12,1,0,0
BRDA:12,1,1,0
BRDA:25,2,0,0
BRDA:25,2,1,0
BRDA:26,3,0,0
BRDA:26,3,1,0
BRDA:31,4,0,0
BRDA:31,4,1,0
BRDA:32,5,0,0
BRDA:32,5,1,0
BRDA:40,6,0,0
BRDA:40,6,1,0
BRDA:51,7,0,0
BRDA:51,7,1,0
BRF:15
BRH:0
end_of_record
TN:
SF:src/components/StatisticsDashboard.tsx
FN:47,(anonymous_0)
FN:66,(anonymous_1)
FN:94,(anonymous_2)
FN:100,(anonymous_3)
FN:102,(anonymous_4)
FN:110,(anonymous_5)
FN:111,(anonymous_6)
FN:117,(anonymous_7)
FN:118,(anonymous_8)
FN:123,(anonymous_9)
FN:124,(anonymous_10)
FN:130,(anonymous_11)
FN:131,(anonymous_12)
FN:159,(anonymous_13)
FN:162,(anonymous_14)
FN:300,(anonymous_15)
FN:305,(anonymous_16)
FNF:17
FNH:0
FNDA:0,(anonymous_0)
FNDA:0,(anonymous_1)
FNDA:0,(anonymous_2)
FNDA:0,(anonymous_3)
FNDA:0,(anonymous_4)
FNDA:0,(anonymous_5)
FNDA:0,(anonymous_6)
FNDA:0,(anonymous_7)
FNDA:0,(anonymous_8)
FNDA:0,(anonymous_9)
FNDA:0,(anonymous_10)
FNDA:0,(anonymous_11)
FNDA:0,(anonymous_12)
FNDA:0,(anonymous_13)
FNDA:0,(anonymous_14)
FNDA:0,(anonymous_15)
FNDA:0,(anonymous_16)
DA:47,0
DA:48,0
DA:49,0
DA:50,0
DA:53,0
DA:54,0
DA:57,0
DA:64,0
DA:66,0
DA:67,0
DA:68,0
DA:70,0
DA:71,0
DA:72,0
DA:79,0
DA:84,0
DA:85,0
DA:87,0
DA:88,0
DA:90,0
DA:94,0
DA:95,0
DA:100,0
DA:102,0
DA:109,0
DA:110,0
DA:111,0
DA:112,0
DA:116,0
DA:117,0
DA:118,0
DA:122,0
DA:123,0
DA:124,0
DA:125,0
DA:129,0
DA:130,0
DA:131,0
DA:133,0
DA:136,0
DA:138,0
DA:139,0
DA:148,0
DA:160,0
DA:162,0
DA:300,0
DA:306,0
LF:47
LH:0
BRDA:85,0,0,0
BRDA:85,0,1,0
BRDA:112,1,0,0
BRDA:112,1,1,0
BRDA:125,2,0,0
BRDA:125,2,1,0
BRDA:138,3,0,0
BRDA:138,3,1,0
BRDA:164,4,0,0
BRDA:164,4,1,0
BRDA:179,5,0,0
BRDA:179,5,1,0
BRDA:186,6,0,0
BRDA:186,6,1,0
BRDA:192,7,0,0
BRDA:192,7,1,0
BRDA:198,8,0,0
BRDA:198,8,1,0
BRDA:209,9,0,0
BRDA:209,9,1,0
BRDA:252,10,0,0
BRDA:252,10,1,0
BRDA:288,11,0,0
BRDA:288,11,1,0
BRDA:300,12,0,0
BRDA:300,12,1,0
BRDA:323,13,0,0
BRDA:323,13,1,0
BRDA:323,13,2,0
BRDA:330,14,0,0
BRDA:330,14,1,0
BRDA:339,15,0,0
BRDA:339,15,1,0
BRF:33
BRH:0
end_of_record
TN:
SF:src/contexts/AuthContext.tsx
FN:22,(anonymous_0)
FN:23,(anonymous_1)
FN:24,(anonymous_2)
FN:25,(anonymous_3)
FN:29,(anonymous_4)
FN:41,(anonymous_5)
FN:47,(anonymous_6)
FN:48,(anonymous_7)
FN:79,(anonymous_8)
FN:99,(anonymous_9)
FN:106,(anonymous_10)
FN:116,(anonymous_11)
FNF:12
FNH:0
FNDA:0,(anonymous_0)
FNDA:0,(anonymous_1)
FNDA:0,(anonymous_2)
FNDA:0,(anonymous_3)
FNDA:0,(anonymous_4)
FNDA:0,(anonymous_5)
FNDA:0,(anonymous_6)
FNDA:0,(anonymous_7)
FNDA:0,(anonymous_8)
FNDA:0,(anonymous_9)
FNDA:0,(anonymous_10)
FNDA:0,(anonymous_11)
DA:19,0
DA:22,0
DA:24,0
DA:25,0
DA:29,0
DA:30,0
DA:31,0
DA:32,0
DA:34,0
DA:41,0
DA:42,0
DA:43,0
DA:44,0
DA:47,0
DA:48,0
DA:49,0
DA:50,0
DA:51,0
DA:53,0
DA:57,0
DA:58,0
DA:59,0
DA:61,0
DA:64,0
DA:65,0
DA:69,0
DA:70,0
DA:73,0
DA:76,0
DA:79,0
DA:80,0
DA:81,0
DA:82,0
DA:85,0
DA:86,0
DA:87,0
DA:90,0
DA:92,0
DA:94,0
DA:95,0
DA:99,0
DA:100,0
DA:101,0
DA:102,0
DA:103,0
DA:106,0
DA:107,0
DA:108,0
DA:109,0
DA:111,0
DA:112,0
DA:116,0
DA:117,0
DA:118,0
DA:119,0
DA:121,0
DA:122,0
DA:126,0
DA:136,0
LF:59
LH:0
BRDA:31,0,0,0
BRDA:31,0,1,0
BRDA:50,1,0,0
BRDA:50,1,1,0
BRDA:57,2,0,0
BRDA:57,2,1,0
BRDA:94,3,0,0
BRDA:94,3,1,0
BRDA:121,4,0,0
BRDA:121,4,1,0
BRF:10
BRH:0
end_of_record
TN:
SF:src/entities/business-hours/index.ts
FNF:0
FNH:0
LF:0
LH:0
BRF:0
BRH:0
end_of_record
TN:
SF:src/entities/business-hours/api/index.ts
FNF:0
FNH:0
LF:0
LH:0
BRF:0
BRH:0
end_of_record
TN:
SF:src/entities/business-hours/lib/index.ts
FNF:0
FNH:0
LF:0
LH:0
BRF:0
BRH:0
end_of_record
TN:
SF:src/entities/business-hours/model/index.ts
FNF:0
FNH:0
LF:0
LH:0
BRF:0
BRH:0
end_of_record
TN:
SF:src/entities/customer/index.ts
FNF:0
FNH:0
LF:0
LH:0
BRF:0
BRH:0
end_of_record
TN:
SF:src/entities/customer/api/index.ts
FN:5,(anonymous_0)
FN:16,(anonymous_1)
FN:21,(anonymous_2)
FN:26,(anonymous_3)
FN:31,(anonymous_4)
FNF:5
FNH:0
FNDA:0,(anonymous_0)
FNDA:0,(anonymous_1)
FNDA:0,(anonymous_2)
FNDA:0,(anonymous_3)
FNDA:0,(anonymous_4)
DA:4,0
DA:10,0
DA:13,0
DA:17,0
DA:18,0
DA:22,0
DA:23,0
DA:27,0
DA:28,0
DA:32,0
LF:10
LH:0
BRF:0
BRH:0
end_of_record
TN:
SF:src/entities/customer/lib/index.ts
FNF:0
FNH:0
LF:0
LH:0
BRF:0
BRH:0
end_of_record
TN:
SF:src/entities/customer/model/index.ts
FNF:0
FNH:0
LF:0
LH:0
BRF:0
BRH:0
end_of_record
TN:
SF:src/entities/designer/index.ts
FNF:0
FNH:0
LF:0
LH:0
BRF:0
BRH:0
end_of_record
TN:
SF:src/entities/designer/api/index.ts
FNF:0
FNH:0
LF:0
LH:0
BRF:0
BRH:0
end_of_record
TN:
SF:src/entities/designer/lib/index.ts
FNF:0
FNH:0
LF:0
LH:0
BRF:0
BRH:0
end_of_record
TN:
SF:src/entities/designer/model/index.ts
FNF:0
FNH:0
LF:0
LH:0
BRF:0
BRH:0
end_of_record
TN:
SF:src/entities/reservation/index.ts
FNF:0
FNH:0
LF:0
LH:0
BRF:0
BRH:0
end_of_record
TN:
SF:src/entities/reservation/api/index.ts
FNF:0
FNH:0
LF:0
LH:0
BRF:0
BRH:0
end_of_record
TN:
SF:src/entities/reservation/lib/index.ts
FNF:0
FNH:0
LF:0
LH:0
BRF:0
BRH:0
end_of_record
TN:
SF:src/entities/reservation/model/index.ts
FNF:0
FNH:0
LF:0
LH:0
BRF:0
BRH:0
end_of_record
TN:
SF:src/features/authentication/index.ts
FNF:0
FNH:0
LF:0
LH:0
BRF:0
BRH:0
end_of_record
TN:
SF:src/features/authentication/api/index.ts
FNF:0
FNH:0
LF:0
LH:0
BRF:0
BRH:0
end_of_record
TN:
SF:src/features/authentication/model/index.ts
FNF:0
FNH:0
LF:0
LH:0
BRF:0
BRH:0
end_of_record
TN:
SF:src/features/authentication/ui/index.ts
FNF:0
FNH:0
LF:0
LH:0
BRF:0
BRH:0
end_of_record
TN:
SF:src/features/business-hours/index.ts
FNF:0
FNH:0
LF:0
LH:0
BRF:0
BRH:0
end_of_record
TN:
SF:src/features/business-hours/api/index.ts
FNF:0
FNH:0
LF:0
LH:0
BRF:0
BRH:0
end_of_record
TN:
SF:src/features/business-hours/model/index.ts
FNF:0
FNH:0
LF:0
LH:0
BRF:0
BRH:0
end_of_record
TN:
SF:src/features/business-hours/ui/index.ts
FNF:0
FNH:0
LF:0
LH:0
BRF:0
BRH:0
end_of_record
TN:
SF:src/features/customer-management/index.ts
FNF:0
FNH:0
LF:0
LH:0
BRF:0
BRH:0
end_of_record
TN:
SF:src/features/customer-management/api/index.ts
FNF:0
FNH:0
LF:0
LH:0
BRF:0
BRH:0
end_of_record
TN:
SF:src/features/customer-management/model/index.ts
FNF:0
FNH:0
LF:0
LH:0
BRF:0
BRH:0
end_of_record
TN:
SF:src/features/customer-management/ui/index.ts
FNF:0
FNH:0
LF:0
LH:0
BRF:0
BRH:0
end_of_record
TN:
SF:src/features/designer-management/index.ts
FNF:0
FNH:0
LF:0
LH:0
BRF:0
BRH:0
end_of_record
TN:
SF:src/features/designer-management/api/index.ts
FNF:0
FNH:0
LF:0
LH:0
BRF:0
BRH:0
end_of_record
TN:
SF:src/features/designer-management/model/index.ts
FNF:0
FNH:0
LF:0
LH:0
BRF:0
BRH:0
end_of_record
TN:
SF:src/features/designer-management/ui/index.ts
FNF:0
FNH:0
LF:0
LH:0
BRF:0
BRH:0
end_of_record
TN:
SF:src/features/reservation-management/index.ts
FNF:0
FNH:0
LF:0
LH:0
BRF:0
BRH:0
end_of_record
TN:
SF:src/features/reservation-management/api/index.ts
FNF:0
FNH:0
LF:0
LH:0
BRF:0
BRH:0
end_of_record
TN:
SF:src/features/reservation-management/model/index.ts
FNF:0
FNH:0
LF:0
LH:0
BRF:0
BRH:0
end_of_record
TN:
SF:src/features/reservation-management/ui/index.ts
FNF:0
FNH:0
LF:0
LH:0
BRF:0
BRH:0
end_of_record
TN:
SF:src/hooks/useDebounce.ts
FN:9,useDebounce
FN:12,(anonymous_1)
FN:14,(anonymous_2)
FN:19,(anonymous_3)
FNF:4
FNH:4
FNDA:14,useDebounce
FNDA:5,(anonymous_1)
FNDA:1,(anonymous_2)
FNDA:5,(anonymous_3)
DA:10,14
DA:12,14
DA:14,5
DA:15,1
DA:19,5
DA:20,5
DA:24,14
LF:7
LH:7
BRF:0
BRH:0
end_of_record
TN:
SF:src/mocks/browser.ts
FNF:0
FNH:0
DA:4,0
LF:1
LH:0
BRF:0
BRH:0
end_of_record
TN:
SF:src/mocks/handlers.js
FN:5,(anonymous_0)
FN:29,(anonymous_1)
FN:38,(anonymous_2)
FN:47,(anonymous_3)
FN:55,(anonymous_4)
FNF:5
FNH:0
FNDA:0,(anonymous_0)
FNDA:0,(anonymous_1)
FNDA:0,(anonymous_2)
FNDA:0,(anonymous_3)
FNDA:0,(anonymous_4)
DA:3,0
DA:6,0
DA:30,0
DA:39,0
DA:48,0
DA:56,0
LF:6
LH:0
BRF:0
BRH:0
end_of_record
TN:
SF:src/mocks/handlers.ts
FN:130,(anonymous_0)
FN:135,(anonymous_1)
FN:148,(anonymous_2)
FN:174,(anonymous_3)
FN:184,(anonymous_4)
FN:194,(anonymous_5)
FN:202,(anonymous_6)
FN:207,(anonymous_7)
FN:211,(anonymous_8)
FN:216,(anonymous_9)
FN:217,(anonymous_10)
FN:221,(anonymous_11)
FN:244,(anonymous_12)
FN:252,(anonymous_13)
FN:265,(anonymous_14)
FN:290,(anonymous_15)
FN:302,(anonymous_16)
FN:305,(anonymous_17)
FN:314,(anonymous_18)
FN:317,(anonymous_19)
FN:327,(anonymous_20)
FN:334,(anonymous_21)
FN:335,(anonymous_22)
FN:345,(anonymous_23)
FN:350,(anonymous_24)
FN:356,(anonymous_25)
FN:375,(anonymous_26)
FN:409,(anonymous_27)
FN:425,(anonymous_28)
FN:429,(anonymous_29)
FN:437,(anonymous_30)
FN:454,(anonymous_31)
FN:455,(anonymous_32)
FN:462,(anonymous_33)
FN:464,(anonymous_34)
FN:476,(anonymous_35)
FN:477,(anonymous_36)
FN:489,(anonymous_37)
FN:491,(anonymous_38)
FN:500,(anonymous_39)
FN:511,(anonymous_40)
FN:517,(anonymous_41)
FN:522,(anonymous_42)
FN:542,(anonymous_43)
FN:551,(anonymous_44)
FN:561,(anonymous_45)
FN:566,(anonymous_46)
FN:576,(anonymous_47)
FN:578,(anonymous_48)
FN:586,(anonymous_49)
FN:587,(anonymous_50)
FNF:51
FNH:0
FNDA:0,(anonymous_0)
FNDA:0,(anonymous_1)
FNDA:0,(anonymous_2)
FNDA:0,(anonymous_3)
FNDA:0,(anonymous_4)
FNDA:0,(anonymous_5)
FNDA:0,(anonymous_6)
FNDA:0,(anonymous_7)
FNDA:0,(anonymous_8)
FNDA:0,(anonymous_9)
FNDA:0,(anonymous_10)
FNDA:0,(anonymous_11)
FNDA:0,(anonymous_12)
FNDA:0,(anonymous_13)
FNDA:0,(anonymous_14)
FNDA:0,(anonymous_15)
FNDA:0,(anonymous_16)
FNDA:0,(anonymous_17)
FNDA:0,(anonymous_18)
FNDA:0,(anonymous_19)
FNDA:0,(anonymous_20)
FNDA:0,(anonymous_21)
FNDA:0,(anonymous_22)
FNDA:0,(anonymous_23)
FNDA:0,(anonymous_24)
FNDA:0,(anonymous_25)
FNDA:0,(anonymous_26)
FNDA:0,(anonymous_27)
FNDA:0,(anonymous_28)
FNDA:0,(anonymous_29)
FNDA:0,(anonymous_30)
FNDA:0,(anonymous_31)
FNDA:0,(anonymous_32)
FNDA:0,(anonymous_33)
FNDA:0,(anonymous_34)
FNDA:0,(anonymous_35)
FNDA:0,(anonymous_36)
FNDA:0,(anonymous_37)
FNDA:0,(anonymous_38)
FNDA:0,(anonymous_39)
FNDA:0,(anonymous_40)
FNDA:0,(anonymous_41)
FNDA:0,(anonymous_42)
FNDA:0,(anonymous_43)
FNDA:0,(anonymous_44)
FNDA:0,(anonymous_45)
FNDA:0,(anonymous_46)
FNDA:0,(anonymous_47)
FNDA:0,(anonymous_48)
FNDA:0,(anonymous_49)
FNDA:0,(anonymous_50)
DA:4,0
DA:14,0
DA:27,0
DA:34,0
DA:41,0
DA:52,0
DA:126,0
DA:128,0
DA:131,0
DA:136,0
DA:137,0
DA:138,0
DA:149,0
DA:175,0
DA:176,0
DA:185,0
DA:186,0
DA:195,0
DA:203,0
DA:208,0
DA:212,0
DA:217,0
DA:218,0
DA:222,0
DA:223,0
DA:234,0
DA:236,0
DA:245,0
DA:246,0
DA:247,0
DA:249,0
DA:250,0
DA:251,0
DA:253,0
DA:258,0
DA:266,0
DA:267,0
DA:268,0
DA:270,0
DA:271,0
DA:272,0
DA:273,0
DA:275,0
DA:278,0
DA:279,0
DA:282,0
DA:291,0
DA:292,0
DA:294,0
DA:303,0
DA:304,0
DA:305,0
DA:307,0
DA:315,0
DA:316,0
DA:317,0
DA:319,0
DA:328,0
DA:329,0
DA:330,0
DA:332,0
DA:333,0
DA:334,0
DA:335,0
DA:338,0
DA:346,0
DA:347,0
DA:349,0
DA:350,0
DA:351,0
DA:352,0
DA:355,0
DA:356,0
DA:357,0
DA:358,0
DA:366,0
DA:376,0
DA:410,0
DA:411,0
DA:413,0
DA:426,0
DA:430,0
DA:431,0
DA:433,0
DA:438,0
DA:439,0
DA:446,0
DA:447,0
DA:455,0
DA:456,0
DA:457,0
DA:459,0
DA:463,0
DA:464,0
DA:465,0
DA:466,0
DA:467,0
DA:473,0
DA:477,0
DA:478,0
DA:479,0
DA:480,0
DA:485,0
DA:490,0
DA:491,0
DA:492,0
DA:493,0
DA:494,0
DA:496,0
DA:501,0
DA:502,0
DA:512,0
DA:513,0
DA:518,0
DA:522,0
DA:543,0
DA:552,0
DA:562,0
DA:567,0
DA:568,0
DA:572,0
DA:573,0
DA:577,0
DA:578,0
DA:579,0
DA:580,0
DA:581,0
DA:583,0
DA:587,0
DA:588,0
DA:589,0
DA:590,0
DA:592,0
LF:133
LH:0
BRDA:228,0,0,0
BRDA:228,0,1,0
BRDA:230,1,0,0
BRDA:230,1,1,0
BRDA:246,2,0,0
BRDA:246,2,1,0
BRDA:247,3,0,0
BRDA:247,3,1,0
BRDA:250,4,0,0
BRDA:250,4,1,0
BRDA:253,5,0,0
BRDA:253,5,1,0
BRDA:271,6,0,0
BRDA:271,6,1,0
BRDA:273,7,0,0
BRDA:273,7,1,0
BRDA:278,8,0,0
BRDA:278,8,1,0
BRDA:286,9,0,0
BRDA:286,9,1,0
BRDA:292,10,0,0
BRDA:292,10,1,0
BRDA:310,11,0,0
BRDA:310,11,1,0
BRDA:323,12,0,0
BRDA:323,12,1,0
BRDA:329,13,0,0
BRDA:329,13,1,0
BRDA:349,14,0,0
BRDA:349,14,1,0
BRDA:352,15,0,0
BRDA:352,15,1,0
BRDA:411,16,0,0
BRDA:411,16,1,0
BRDA:418,17,0,0
BRDA:418,17,1,0
BRDA:456,18,0,0
BRDA:456,18,1,0
BRDA:465,19,0,0
BRDA:465,19,1,0
BRDA:478,20,0,0
BRDA:478,20,1,0
BRDA:492,21,0,0
BRDA:492,21,1,0
BRDA:579,22,0,0
BRDA:579,22,1,0
BRDA:588,23,0,0
BRDA:588,23,1,0
BRF:48
BRH:0
end_of_record
TN:
SF:src/mocks/server.js
FNF:0
FNH:0
DA:4,0
LF:1
LH:0
BRF:0
BRH:0
end_of_record
TN:
SF:src/pages/BusinessHoursPage.tsx
FN:4,(anonymous_0)
FNF:1
FNH:0
FNDA:0,(anonymous_0)
DA:4,0
DA:5,0
LF:2
LH:0
BRF:0
BRH:0
end_of_record
TN:
SF:src/pages/CustomersPage.tsx
FN:4,(anonymous_0)
FNF:1
FNH:0
FNDA:0,(anonymous_0)
DA:4,0
DA:5,0
LF:2
LH:0
BRF:0
BRH:0
end_of_record
TN:
SF:src/pages/DesignersPage.tsx
FN:4,(anonymous_0)
FNF:1
FNH:0
FNDA:0,(anonymous_0)
DA:4,0
DA:5,0
LF:2
LH:0
BRF:0
BRH:0
end_of_record
TN:
SF:src/pages/ReservationsPage.tsx
FN:17,(anonymous_0)
FN:27,(anonymous_1)
FN:32,(anonymous_2)
FN:34,(anonymous_3)
FN:37,(anonymous_4)
FN:39,(anonymous_5)
FN:40,(anonymous_6)
FN:40,(anonymous_7)
FN:46,(anonymous_8)
FN:47,(anonymous_9)
FN:47,(anonymous_10)
FN:50,(anonymous_11)
FN:54,(anonymous_12)
FN:58,(anonymous_13)
FN:59,(anonymous_14)
FN:61,(anonymous_15)
FN:70,(anonymous_16)
FN:74,(anonymous_17)
FN:75,(anonymous_18)
FN:83,(anonymous_19)
FN:113,(anonymous_20)
FN:114,(anonymous_21)
FN:127,(anonymous_22)
FN:128,(anonymous_23)
FN:132,(anonymous_24)
FN:135,(anonymous_25)
FN:180,(anonymous_26)
FN:185,(anonymous_27)
FN:190,(anonymous_28)
FN:215,(anonymous_29)
FN:254,(anonymous_30)
FN:255,(anonymous_31)
FN:259,(anonymous_32)
FN:260,(anonymous_33)
FN:331,(anonymous_34)
FN:356,(anonymous_35)
FNF:36
FNH:0
FNDA:0,(anonymous_0)
FNDA:0,(anonymous_1)
FNDA:0,(anonymous_2)
FNDA:0,(anonymous_3)
FNDA:0,(anonymous_4)
FNDA:0,(anonymous_5)
FNDA:0,(anonymous_6)
FNDA:0,(anonymous_7)
FNDA:0,(anonymous_8)
FNDA:0,(anonymous_9)
FNDA:0,(anonymous_10)
FNDA:0,(anonymous_11)
FNDA:0,(anonymous_12)
FNDA:0,(anonymous_13)
FNDA:0,(anonymous_14)
FNDA:0,(anonymous_15)
FNDA:0,(anonymous_16)
FNDA:0,(anonymous_17)
FNDA:0,(anonymous_18)
FNDA:0,(anonymous_19)
FNDA:0,(anonymous_20)
FNDA:0,(anonymous_21)
FNDA:0,(anonymous_22)
FNDA:0,(anonymous_23)
FNDA:0,(anonymous_24)
FNDA:0,(anonymous_25)
FNDA:0,(anonymous_26)
FNDA:0,(anonymous_27)
FNDA:0,(anonymous_28)
FNDA:0,(anonymous_29)
FNDA:0,(anonymous_30)
FNDA:0,(anonymous_31)
FNDA:0,(anonymous_32)
FNDA:0,(anonymous_33)
FNDA:0,(anonymous_34)
FNDA:0,(anonymous_35)
DA:17,0
DA:18,0
DA:19,0
DA:20,0
DA:21,0
DA:22,0
DA:23,0
DA:24,0
DA:25,0
DA:26,0
DA:27,0
DA:28,0
DA:29,0
DA:32,0
DA:34,0
DA:35,0
DA:36,0
DA:37,0
DA:39,0
DA:40,0
DA:44,0
DA:46,0
DA:47,0
DA:50,0
DA:51,0
DA:54,0
DA:55,0
DA:58,0
DA:59,0
DA:61,0
DA:62,0
DA:63,0
DA:64,0
DA:66,0
DA:70,0
DA:71,0
DA:72,0
DA:73,0
DA:74,0
DA:75,0
DA:76,0
DA:78,0
DA:79,0
DA:83,0
DA:84,0
DA:85,0
DA:88,0
DA:89,0
DA:93,0
DA:95,0
DA:96,0
DA:98,0
DA:99,0
DA:100,0
DA:101,0
DA:102,0
DA:104,0
DA:107,0
DA:108,0
DA:113,0
DA:114,0
DA:115,0
DA:116,0
DA:117,0
DA:118,0
DA:119,0
DA:121,0
DA:124,0
DA:127,0
DA:128,0
DA:129,0
DA:132,0
DA:135,0
DA:136,0
DA:137,0
DA:138,0
DA:139,0
DA:140,0
DA:141,0
DA:142,0
DA:143,0
DA:145,0
DA:146,0
DA:147,0
DA:148,0
DA:151,0
DA:153,0
DA:154,0
DA:155,0
DA:157,0
DA:158,0
DA:159,0
DA:160,0
DA:161,0
DA:162,0
DA:163,0
DA:164,0
DA:165,0
DA:166,0
DA:167,0
DA:168,0
DA:170,0
DA:172,0
DA:173,0
DA:175,0
DA:180,0
DA:181,0
DA:182,0
DA:185,0
DA:186,0
DA:187,0
DA:190,0
DA:191,0
DA:192,0
DA:193,0
DA:194,0
DA:195,0
DA:196,0
DA:197,0
DA:199,0
DA:200,0
DA:201,0
DA:202,0
DA:203,0
DA:204,0
DA:205,0
DA:206,0
DA:207,0
DA:209,0
DA:215,0
DA:216,0
DA:217,0
DA:218,0
DA:219,0
DA:220,0
DA:222,0
DA:224,0
DA:226,0
DA:227,0
DA:229,0
DA:231,0
DA:232,0
DA:233,0
DA:235,0
DA:236,0
DA:237,0
DA:238,0
DA:239,0
DA:240,0
DA:241,0
DA:242,0
DA:244,0
DA:247,0
DA:250,0
DA:254,0
DA:255,0
DA:256,0
DA:259,0
DA:260,0
DA:261,0
DA:264,0
DA:265,0
DA:277,0
DA:332,0
DA:356,0
LF:165
LH:0
BRDA:34,0,0,0
BRDA:83,1,0,0
BRDA:84,2,0,0
BRDA:84,2,1,0
BRDA:89,3,0,0
BRDA:89,3,1,0
BRDA:99,4,0,0
BRDA:99,4,1,0
BRDA:101,5,0,0
BRDA:101,5,1,0
BRDA:107,6,0,0
BRDA:107,6,1,0
BRDA:137,7,0,0
BRDA:137,7,1,0
BRDA:137,8,0,0
BRDA:137,8,1,0
BRDA:153,9,0,0
BRDA:153,9,1,0
BRDA:155,10,0,0
BRDA:155,10,1,0
BRDA:157,11,0,0
BRDA:157,11,1,0
BRDA:159,12,0,0
BRDA:159,12,1,0
BRDA:161,13,0,0
BRDA:161,13,1,0
BRDA:163,14,0,0
BRDA:163,14,1,0
BRDA:165,15,0,0
BRDA:165,15,1,0
BRDA:167,16,0,0
BRDA:167,16,1,0
BRDA:172,17,0,0
BRDA:172,17,1,0
BRDA:192,18,0,0
BRDA:192,18,1,0
BRDA:200,19,0,0
BRDA:200,19,1,0
BRDA:202,20,0,0
BRDA:202,20,1,0
BRDA:204,21,0,0
BRDA:204,21,1,0
BRDA:219,22,0,0
BRDA:219,22,1,0
BRDA:220,23,0,0
BRDA:220,23,1,0
BRDA:224,24,0,0
BRDA:224,24,1,0
BRDA:231,25,0,0
BRDA:231,25,1,0
BRDA:233,26,0,0
BRDA:233,26,1,0
BRDA:235,27,0,0
BRDA:235,27,1,0
BRDA:237,28,0,0
BRDA:237,28,1,0
BRDA:239,29,0,0
BRDA:239,29,1,0
BRDA:241,30,0,0
BRDA:241,30,1,0
BRDA:264,31,0,0
BRDA:264,31,1,0
BRDA:301,32,0,0
BRDA:301,32,1,0
BRDA:335,33,0,0
BRDA:335,33,1,0
BRDA:336,34,0,0
BRDA:336,34,1,0
BRDA:337,35,0,0
BRDA:337,35,1,0
BRDA:344,36,0,0
BRDA:344,36,1,0
BRDA:345,37,0,0
BRDA:345,37,1,0
BRDA:346,38,0,0
BRDA:346,38,1,0
BRDA:349,39,0,0
BRDA:349,39,1,0
BRDA:350,40,0,0
BRDA:350,40,1,0
BRDA:351,41,0,0
BRDA:351,41,1,0
BRDA:352,42,0,0
BRDA:352,42,1,0
BRF:84
BRH:0
end_of_record
TN:
SF:src/pages/StatisticsPage.tsx
FN:4,(anonymous_0)
FNF:1
FNH:0
FNDA:0,(anonymous_0)
DA:4,0
DA:5,0
LF:2
LH:0
BRF:0
BRH:0
end_of_record
TN:
SF:src/services/holidayService.ts
FN:79,(anonymous_0)
FN:89,(anonymous_1)
FN:113,(anonymous_2)
FN:134,(anonymous_3)
FN:153,(anonymous_4)
FN:174,(anonymous_5)
FN:195,(anonymous_6)
FN:223,(anonymous_7)
FN:257,(anonymous_8)
FN:283,(anonymous_9)
FN:284,(anonymous_10)
FN:296,(anonymous_11)
FN:297,(anonymous_12)
FNF:13
FNH:0
FNDA:0,(anonymous_0)
FNDA:0,(anonymous_1)
FNDA:0,(anonymous_2)
FNDA:0,(anonymous_3)
FNDA:0,(anonymous_4)
FNDA:0,(anonymous_5)
FNDA:0,(anonymous_6)
FNDA:0,(anonymous_7)
FNDA:0,(anonymous_8)
FNDA:0,(anonymous_9)
FNDA:0,(anonymous_10)
FNDA:0,(anonymous_11)
FNDA:0,(anonymous_12)
DA:3,0
DA:80,0
DA:90,0
DA:91,0
DA:92,0
DA:93,0
DA:95,0
DA:96,0
DA:98,0
DA:99,0
DA:114,0
DA:115,0
DA:116,0
DA:118,0
DA:119,0
DA:135,0
DA:136,0
DA:137,0
DA:139,0
DA:140,0
DA:154,0
DA:155,0
DA:156,0
DA:158,0
DA:159,0
DA:175,0
DA:176,0
DA:177,0
DA:179,0
DA:180,0
DA:203,0
DA:204,0
DA:205,0
DA:207,0
DA:208,0
DA:224,0
DA:225,0
DA:226,0
DA:228,0
DA:229,0
DA:263,0
DA:264,0
DA:265,0
DA:266,0
DA:268,0
DA:269,0
DA:284,0
DA:285,0
DA:297,0
DA:302,0
LF:50
LH:0
BRDA:3,0,0,0
BRDA:3,0,1,0
BRDA:92,1,0,0
BRDA:92,1,1,0
BRDA:93,2,0,0
BRDA:93,2,1,0
BRDA:103,3,0,0
BRDA:103,3,1,0
BRDA:124,4,0,0
BRDA:124,4,1,0
BRDA:144,5,0,0
BRDA:144,5,1,0
BRDA:164,6,0,0
BRDA:164,6,1,0
BRDA:174,7,0,0
BRDA:184,8,0,0
BRDA:184,8,1,0
BRDA:214,9,0,0
BRDA:214,9,1,0
BRDA:247,10,0,0
BRDA:247,10,1,0
BRDA:264,11,0,0
BRDA:264,11,1,0
BRDA:272,12,0,0
BRDA:272,12,1,0
BRF:25
BRH:0
end_of_record
TN:
SF:src/shared/index.ts
FNF:0
FNH:0
LF:0
LH:0
BRF:0
BRH:0
end_of_record
TN:
SF:src/shared/api/index.ts
FNF:0
FNH:0
LF:0
LH:0
BRF:0
BRH:0
end_of_record
TN:
SF:src/shared/api/base/index.ts
FN:14,(anonymous_0)
FN:21,(anonymous_1)
FN:28,(anonymous_2)
FN:29,(anonymous_3)
FNF:4
FNH:0
FNDA:0,(anonymous_0)
FNDA:0,(anonymous_1)
FNDA:0,(anonymous_2)
FNDA:0,(anonymous_3)
DA:3,0
DA:5,0
DA:13,0
DA:15,0
DA:16,0
DA:17,0
DA:19,0
DA:22,0
DA:27,0
DA:28,0
DA:30,0
DA:31,0
DA:32,0
DA:34,0
LF:14
LH:0
BRDA:3,0,0,0
BRDA:3,0,1,0
BRDA:16,1,0,0
BRDA:16,1,1,0
BRDA:30,2,0,0
BRDA:30,2,1,0
BRF:6
BRH:0
end_of_record
TN:
SF:src/shared/api/types/index.ts
FNF:0
FNH:0
LF:0
LH:0
BRF:0
BRH:0
end_of_record
TN:
SF:src/shared/config/index.ts
FNF:0
FNH:0
LF:0
LH:0
BRF:0
BRH:0
end_of_record
TN:
SF:src/shared/constants/index.ts
FNF:0
FNH:0
LF:0
LH:0
BRF:0
BRH:0
end_of_record
TN:
SF:src/shared/lib/businessHours.ts
FN:40,getBusinessHoursForDate
FN:50,(anonymous_1)
FN:69,(anonymous_2)
FN:75,(anonymous_3)
FN:82,generateAvailableTimeSlots
FN:111,timeStringToMinutes
FN:119,minutesToTimeString
FN:128,isBusinessDay
FN:141,fetchBusinessHoursData
FN:167,isTimeOverlap
FN:184,formatTimeSlot
FN:196,formatDateToKorean
FN:209,getTodayDate
FN:220,isDateInFuture
FN:228,daysBetween
FNF:15
FNH:0
FNDA:0,getBusinessHoursForDate
FNDA:0,(anonymous_1)
FNDA:0,(anonymous_2)
FNDA:0,(anonymous_3)
FNDA:0,generateAvailableTimeSlots
FNDA:0,timeStringToMinutes
FNDA:0,minutesToTimeString
FNDA:0,isBusinessDay
FNDA:0,fetchBusinessHoursData
FNDA:0,isTimeOverlap
FNDA:0,formatTimeSlot
FNDA:0,formatDateToKorean
FNDA:0,getTodayDate
FNDA:0,isDateInFuture
FNDA:0,daysBetween
DA:46,0
DA:47,0
DA:50,0
DA:51,0
DA:53,0
DA:54,0
DA:60,0
DA:64,0
DA:65,0
DA:69,0
DA:70,0
DA:71,0
DA:75,0
DA:76,0
DA:85,0
DA:86,0
DA:89,0
DA:90,0
DA:91,0
DA:92,0
DA:93,0
DA:96,0
DA:98,0
DA:99,0
DA:102,0
DA:105,0
DA:112,0
DA:113,0
DA:120,0
DA:121,0
DA:122,0
DA:134,0
DA:135,0
DA:146,0
DA:149,0
DA:155,0
DA:156,0
DA:173,0
DA:174,0
DA:175,0
DA:176,0
DA:178,0
DA:185,0
DA:186,0
DA:187,0
DA:188,0
DA:190,0
DA:197,0
DA:198,0
DA:210,0
DA:211,0
DA:212,0
DA:213,0
DA:214,0
DA:221,0
DA:222,0
DA:229,0
DA:230,0
DA:231,0
DA:232,0
LF:60
LH:0
BRDA:51,0,0,0
BRDA:51,0,1,0
BRDA:55,1,0,0
BRDA:55,1,1,0
BRDA:64,2,0,0
BRDA:64,2,1,0
BRDA:70,3,0,0
BRDA:70,3,1,0
BRDA:76,4,0,0
BRDA:76,4,1,0
BRDA:85,5,0,0
BRDA:85,5,1,0
BRDA:85,6,0,0
BRDA:85,6,1,0
BRDA:85,6,2,0
BRDA:85,6,3,0
BRDA:92,7,0,0
BRDA:92,7,1,0
BRDA:93,8,0,0
BRDA:93,8,1,0
BRDA:98,9,0,0
BRDA:98,9,1,0
BRDA:98,10,0,0
BRDA:98,10,1,0
BRDA:98,10,2,0
BRDA:98,10,3,0
BRDA:135,11,0,0
BRDA:135,11,1,0
BRDA:178,12,0,0
BRDA:178,12,1,0
BRDA:187,13,0,0
BRDA:187,13,1,0
BRDA:187,14,0,0
BRDA:187,14,1,0
BRDA:188,15,0,0
BRDA:188,15,1,0
BRF:36
BRH:0
end_of_record
TN:
SF:src/shared/lib/index.ts
FNF:0
FNH:0
LF:0
LH:0
BRF:0
BRH:0
end_of_record
TN:
SF:src/shared/lib/useDebounce.ts
FN:9,useDebounce
FN:12,(anonymous_1)
FN:14,(anonymous_2)
FN:19,(anonymous_3)
FNF:4
FNH:0
FNDA:0,useDebounce
FNDA:0,(anonymous_1)
FNDA:0,(anonymous_2)
FNDA:0,(anonymous_3)
DA:10,0
DA:12,0
DA:14,0
DA:15,0
DA:19,0
DA:20,0
DA:24,0
LF:7
LH:0
BRF:0
BRH:0
end_of_record
TN:
SF:src/shared/lib/hooks/index.ts
FNF:0
FNH:0
LF:0
LH:0
BRF:0
BRH:0
end_of_record
TN:
SF:src/shared/lib/types/index.ts
FNF:0
FNH:0
LF:0
LH:0
BRF:0
BRH:0
end_of_record
TN:
SF:src/shared/lib/utils/index.ts
FNF:0
FNH:0
LF:0
LH:0
BRF:0
BRH:0
end_of_record
TN:
SF:src/shared/ui/index.ts
FNF:0
FNH:0
LF:0
LH:0
BRF:0
BRH:0
end_of_record
TN:
SF:src/shared/ui/badge/index.ts
FN:2,(anonymous_0)
FNF:1
FNH:0
FNDA:0,(anonymous_0)
DA:2,0
LF:1
LH:0
BRF:0
BRH:0
end_of_record
TN:
SF:src/shared/ui/button/index.ts
FN:2,(anonymous_0)
FNF:1
FNH:0
FNDA:0,(anonymous_0)
DA:2,0
LF:1
LH:0
BRF:0
BRH:0
end_of_record
TN:
SF:src/shared/ui/card/index.ts
FN:2,(anonymous_0)
FNF:1
FNH:0
FNDA:0,(anonymous_0)
DA:2,0
LF:1
LH:0
BRF:0
BRH:0
end_of_record
TN:
SF:src/shared/ui/customer-search/CustomerSearchInput.tsx
FN:19,(anonymous_0)
FN:44,(anonymous_1)
FN:74,(anonymous_2)
FN:86,(anonymous_3)
FN:87,(anonymous_4)
FN:96,(anonymous_5)
FN:102,(anonymous_6)
FN:110,(anonymous_7)
FN:119,(anonymous_8)
FN:125,(anonymous_9)
FN:145,(anonymous_10)
FN:164,(anonymous_11)
FN:206,(anonymous_12)
FN:210,(anonymous_13)
FNF:14
FNH:0
FNDA:0,(anonymous_0)
FNDA:0,(anonymous_1)
FNDA:0,(anonymous_2)
FNDA:0,(anonymous_3)
FNDA:0,(anonymous_4)
FNDA:0,(anonymous_5)
FNDA:0,(anonymous_6)
FNDA:0,(anonymous_7)
FNDA:0,(anonymous_8)
FNDA:0,(anonymous_9)
FNDA:0,(anonymous_10)
FNDA:0,(anonymous_11)
FNDA:0,(anonymous_12)
FNDA:0,(anonymous_13)
DA:19,0
DA:31,0
DA:32,0
DA:33,0
DA:34,0
DA:35,0
DA:37,0
DA:38,0
DA:41,0
DA:44,0
DA:45,0
DA:46,0
DA:47,0
DA:48,0
DA:51,0
DA:52,0
DA:53,0
DA:60,0
DA:61,0
DA:62,0
DA:63,0
DA:65,0
DA:66,0
DA:67,0
DA:69,0
DA:74,0
DA:75,0
DA:76,0
DA:78,0
DA:79,0
DA:80,0
DA:81,0
DA:86,0
DA:87,0
DA:88,0
DA:90,0
DA:91,0
DA:95,0
DA:96,0
DA:97,0
DA:102,0
DA:103,0
DA:104,0
DA:105,0
DA:106,0
DA:110,0
DA:111,0
DA:112,0
DA:113,0
DA:116,0
DA:118,0
DA:119,0
DA:120,0
DA:122,0
DA:124,0
DA:125,0
DA:126,0
DA:128,0
DA:129,0
DA:130,0
DA:132,0
DA:134,0
DA:135,0
DA:136,0
DA:137,0
DA:139,0
DA:140,0
DA:145,0
DA:146,0
DA:147,0
DA:150,0
DA:151,0
DA:155,0
DA:165,0
DA:166,0
DA:207,0
DA:210,0
LF:77
LH:0
BRDA:24,0,0,0
BRDA:25,1,0,0
BRDA:26,2,0,0
BRDA:27,3,0,0
BRDA:45,4,0,0
BRDA:45,4,1,0
BRDA:60,5,0,0
BRDA:60,5,1,0
BRDA:75,6,0,0
BRDA:75,6,1,0
BRDA:88,7,0,0
BRDA:88,7,1,0
BRDA:88,8,0,0
BRDA:88,8,1,0
BRDA:88,8,2,0
BRDA:88,8,3,0
BRDA:111,9,0,0
BRDA:111,9,1,0
BRDA:111,10,0,0
BRDA:111,10,1,0
BRDA:116,11,0,0
BRDA:116,11,1,0
BRDA:116,11,2,0
BRDA:116,11,3,0
BRDA:116,11,4,0
BRDA:120,12,0,0
BRDA:120,12,1,0
BRDA:125,13,0,0
BRDA:125,13,1,0
BRDA:129,14,0,0
BRDA:129,14,1,0
BRDA:129,15,0,0
BRDA:129,15,1,0
BRDA:150,16,0,0
BRDA:150,16,1,0
BRDA:165,17,0,0
BRDA:165,17,1,0
BRDA:177,18,0,0
BRDA:177,18,1,0
BRDA:183,19,0,0
BRDA:183,19,1,0
BRDA:191,20,0,0
BRDA:191,20,1,0
BRDA:196,21,0,0
BRDA:196,21,1,0
BRDA:201,22,0,0
BRDA:201,22,1,0
BRDA:205,23,0,0
BRDA:205,23,1,0
BRDA:213,24,0,0
BRDA:213,24,1,0
BRDA:227,25,0,0
BRDA:227,25,1,0
BRDA:227,26,0,0
BRDA:227,26,1,0
BRF:55
BRH:0
end_of_record
TN:
SF:src/shared/ui/customer-search/index.ts
FNF:0
FNH:0
LF:0
LH:0
BRF:0
BRH:0
end_of_record
TN:
SF:src/shared/ui/input/index.ts
FN:2,(anonymous_0)
FNF:1
FNH:0
FNDA:0,(anonymous_0)
DA:2,0
LF:1
LH:0
BRF:0
BRH:0
end_of_record
TN:
SF:src/shared/ui/modal/index.ts
FN:2,(anonymous_0)
FNF:1
FNH:0
FNDA:0,(anonymous_0)
DA:2,0
LF:1
LH:0
BRF:0
BRH:0
end_of_record
TN:
SF:src/shared/ui/table/index.ts
FN:2,(anonymous_0)
FNF:1
FNH:0
FNDA:0,(anonymous_0)
DA:2,0
LF:1
LH:0
BRF:0
BRH:0
end_of_record
TN:
SF:src/types/customer.ts
FNF:0
FNH:0
LF:0
LH:0
BRF:0
BRH:0
end_of_record
TN:
SF:src/utils/businessHours.ts
FN:30,getBusinessHoursForDate
FN:40,(anonymous_1)
FN:59,(anonymous_2)
FN:65,(anonymous_3)
FN:70,generateAvailableTimeSlots
FN:97,timeStringToMinutes
FN:103,minutesToTimeString
FN:110,isBusinessDay
FN:121,isTimeAvailable
FN:157,fetchBusinessHoursData
FNF:10
FNH:9
FNDA:12,getBusinessHoursForDate
FNDA:9,(anonymous_1)
FNDA:7,(anonymous_2)
FNDA:20,(anonymous_3)
FNDA:5,generateAvailableTimeSlots
FNDA:6,timeStringToMinutes
FNDA:28,minutesToTimeString
FNDA:6,isBusinessDay
FNDA:0,isTimeAvailable
FNDA:5,fetchBusinessHoursData
DA:36,12
DA:37,12
DA:40,12
DA:41,9
DA:43,9
DA:44,9
DA:50,0
DA:54,12
DA:55,2
DA:59,10
DA:60,10
DA:61,3
DA:65,20
DA:66,7
DA:73,5
DA:74,3
DA:77,2
DA:78,2
DA:79,2
DA:80,2
DA:81,2
DA:84,2
DA:86,30
DA:87,2
DA:90,28
DA:93,2
DA:98,6
DA:99,6
DA:104,28
DA:105,28
DA:106,28
DA:116,6
DA:117,6
DA:128,0
DA:130,0
DA:131,0
DA:134,0
DA:135,0
DA:136,0
DA:139,0
DA:140,0
DA:144,0
DA:145,0
DA:146,0
DA:148,0
DA:149,0
DA:153,0
DA:158,5
DA:159,5
DA:160,5
DA:162,5
DA:168,1
DA:174,1
DA:176,0
DA:177,0
LF:55
LH:38
BRDA:41,0,0,9
BRDA:41,0,1,0
BRDA:45,1,0,9
BRDA:45,1,1,2
BRDA:54,2,0,2
BRDA:54,2,1,10
BRDA:60,3,0,3
BRDA:60,3,1,7
BRDA:66,4,0,7
BRDA:66,4,1,3
BRDA:73,5,0,3
BRDA:73,5,1,2
BRDA:73,6,0,5
BRDA:73,6,1,3
BRDA:73,6,2,2
BRDA:73,6,3,2
BRDA:80,7,0,1
BRDA:80,7,1,1
BRDA:81,8,0,1
BRDA:81,8,1,1
BRDA:86,9,0,2
BRDA:86,9,1,28
BRDA:86,10,0,30
BRDA:86,10,1,18
BRDA:86,10,2,18
BRDA:86,10,3,12
BRDA:117,11,0,6
BRDA:117,11,1,3
BRDA:130,12,0,0
BRDA:130,12,1,0
BRDA:130,13,0,0
BRDA:130,13,1,0
BRDA:130,13,2,0
BRDA:130,13,3,0
BRDA:139,14,0,0
BRDA:139,14,1,0
BRDA:139,15,0,0
BRDA:139,15,1,0
BRDA:144,16,0,0
BRDA:144,16,1,0
BRDA:144,17,0,0
BRDA:144,17,1,0
BRDA:148,18,0,0
BRDA:148,18,1,0
BRDA:148,19,0,0
BRDA:148,19,1,0
BRF:46
BRH:27
end_of_record
TN:
SF:src/widgets/calendar/index.ts
FNF:0
FNH:0
LF:0
LH:0
BRF:0
BRH:0
end_of_record
TN:
SF:src/widgets/calendar/model/index.ts
FNF:0
FNH:0
LF:0
LH:0
BRF:0
BRH:0
end_of_record
TN:
SF:src/widgets/calendar/ui/index.ts
FNF:0
FNH:0
LF:0
LH:0
BRF:0
BRH:0
end_of_record
TN:
SF:src/widgets/customer-list/index.ts
FNF:0
FNH:0
LF:0
LH:0
BRF:0
BRH:0
end_of_record
TN:
SF:src/widgets/customer-list/model/index.ts
FNF:0
FNH:0
LF:0
LH:0
BRF:0
BRH:0
end_of_record
TN:
SF:src/widgets/customer-list/ui/index.ts
FNF:0
FNH:0
LF:0
LH:0
BRF:0
BRH:0
end_of_record
TN:
SF:src/widgets/designer-table/index.ts
FNF:0
FNH:0
LF:0
LH:0
BRF:0
BRH:0
end_of_record
TN:
SF:src/widgets/designer-table/model/index.ts
FNF:0
FNH:0
LF:0
LH:0
BRF:0
BRH:0
end_of_record
TN:
SF:src/widgets/designer-table/ui/index.ts
FNF:0
FNH:0
LF:0
LH:0
BRF:0
BRH:0
end_of_record
TN:
SF:src/widgets/header/index.ts
FNF:0
FNH:0
LF:0
LH:0
BRF:0
BRH:0
end_of_record
TN:
SF:src/widgets/header/model/index.ts
FNF:0
FNH:0
LF:0
LH:0
BRF:0
BRH:0
end_of_record
TN:
SF:src/widgets/header/ui/index.ts
FNF:0
FNH:0
LF:0
LH:0
BRF:0
BRH:0
end_of_record
TN:
SF:src/widgets/reservation-table/index.ts
FNF:0
FNH:0
LF:0
LH:0
BRF:0
BRH:0
end_of_record
TN:
SF:src/widgets/reservation-table/model/index.ts
FNF:0
FNH:0
LF:0
LH:0
BRF:0
BRH:0
end_of_record
TN:
SF:src/widgets/reservation-table/ui/index.ts
FNF:0
FNH:0
LF:0
LH:0
BRF:0
BRH:0
end_of_record
TN:
SF:src/widgets/statistics-dashboard/index.ts
FNF:0
FNH:0
LF:0
LH:0
BRF:0
BRH:0
end_of_record
TN:
SF:src/widgets/statistics-dashboard/model/index.ts
FNF:0
FNH:0
LF:0
LH:0
BRF:0
BRH:0
end_of_record
TN:
SF:src/widgets/statistics-dashboard/ui/index.ts
FNF:0
FNH:0
LF:0
LH:0
BRF:0
BRH:0
end_of_record
